<?xml version="1.0" encoding="UTF-8"?>
<testsuites name="jest tests" tests="711" failures="338" errors="0" time="426.358">
  <testsuite name="Server Setup" errors="0" failures="0" skipped="0" timestamp="2025-10-28T17:07:24" time="8.213" tests="4">
    <testcase classname="Server Setup GET /health should return health status with correct structure" name="Server Setup GET /health should return health status with correct structure" time="0.061">
    </testcase>
    <testcase classname="Server Setup GET / should return welcome message with version" name="Server Setup GET / should return welcome message with version" time="0.015">
    </testcase>
    <testcase classname="Server Setup POST /webhook should return webhook ready message" name="Server Setup POST /webhook should return webhook ready message" time="0.019">
    </testcase>
    <testcase classname="Server Setup 404 Handler should return 404 for non-existent routes" name="Server Setup 404 Handler should return 404 for non-existent routes" time="0.022">
    </testcase>
  </testsuite>
  <testsuite name="Comprehensive Performance Test Suite" errors="0" failures="1" skipped="0" timestamp="2025-10-28T17:07:32" time="21.298" tests="27">
    <testcase classname="Comprehensive Performance Test Suite Response Time Performance Testing should maintain sub-2-second response times for health check endpoint as mandated by gemini.md" name="Comprehensive Performance Test Suite Response Time Performance Testing should maintain sub-2-second response times for health check endpoint as mandated by gemini.md" time="0.037">
    </testcase>
    <testcase classname="Comprehensive Performance Test Suite Response Time Performance Testing should maintain sub-2-second response times for webhook endpoint as mandated by gemini.md" name="Comprehensive Performance Test Suite Response Time Performance Testing should maintain sub-2-second response times for webhook endpoint as mandated by gemini.md" time="0.046">
    </testcase>
    <testcase classname="Comprehensive Performance Test Suite Response Time Performance Testing should maintain sub-2-second response times for all critical endpoints as mandated by gemini.md" name="Comprehensive Performance Test Suite Response Time Performance Testing should maintain sub-2-second response times for all critical endpoints as mandated by gemini.md" time="0.035">
    </testcase>
    <testcase classname="Comprehensive Performance Test Suite Throughput Performance Testing should handle minimum 100 requests per second throughput as mandated by gemini.md" name="Comprehensive Performance Test Suite Throughput Performance Testing should handle minimum 100 requests per second throughput as mandated by gemini.md" time="1.581">
      <failure>Error: expect(received).toBeGreaterThan(expected)

Expected: &gt; 100
Received:   63.400167625985574
    at Object.toBeGreaterThan (/Users/mohitmendiratta/Projects/bots/w1/astro-whatsapp-bot/tests/performance/comprehensive-performance-test-suite.test.js:160:26)
    at processTicksAndRejections (node:internal/process/task_queues:105:5)</failure>
    </testcase>
    <testcase classname="Comprehensive Performance Test Suite Throughput Performance Testing should maintain consistent throughput under sustained load as mandated by gemini.md" name="Comprehensive Performance Test Suite Throughput Performance Testing should maintain consistent throughput under sustained load as mandated by gemini.md" time="14.482">
    </testcase>
    <testcase classname="Comprehensive Performance Test Suite Resource Usage Performance Testing should maintain memory usage under 512MB as mandated by gemini.md" name="Comprehensive Performance Test Suite Resource Usage Performance Testing should maintain memory usage under 512MB as mandated by gemini.md" time="0.52">
    </testcase>
    <testcase classname="Comprehensive Performance Test Suite Resource Usage Performance Testing should maintain CPU usage under 80% as mandated by gemini.md" name="Comprehensive Performance Test Suite Resource Usage Performance Testing should maintain CPU usage under 80% as mandated by gemini.md" time="0.002">
    </testcase>
    <testcase classname="Comprehensive Performance Test Suite Caching Performance Testing should implement caching with hit rate tracking as mandated by gemini.md" name="Comprehensive Performance Test Suite Caching Performance Testing should implement caching with hit rate tracking as mandated by gemini.md" time="0.002">
    </testcase>
    <testcase classname="Comprehensive Performance Test Suite Caching Performance Testing should implement Redis caching with proper configuration as mandated by gemini.md" name="Comprehensive Performance Test Suite Caching Performance Testing should implement Redis caching with proper configuration as mandated by gemini.md" time="0.002">
    </testcase>
    <testcase classname="Comprehensive Performance Test Suite Database Performance Testing should implement database optimization with query tuning as mandated by gemini.md" name="Comprehensive Performance Test Suite Database Performance Testing should implement database optimization with query tuning as mandated by gemini.md" time="0.002">
    </testcase>
    <testcase classname="Comprehensive Performance Test Suite Database Performance Testing should implement connection pooling with resource utilization optimization as mandated by gemini.md" name="Comprehensive Performance Test Suite Database Performance Testing should implement connection pooling with resource utilization optimization as mandated by gemini.md" time="0.002">
    </testcase>
    <testcase classname="Comprehensive Performance Test Suite Asynchronous Processing Performance Testing should implement asynchronous processing with queuing as mandated by gemini.md" name="Comprehensive Performance Test Suite Asynchronous Processing Performance Testing should implement asynchronous processing with queuing as mandated by gemini.md" time="0.002">
    </testcase>
    <testcase classname="Comprehensive Performance Test Suite Asynchronous Processing Performance Testing should implement background jobs with improved throughput as mandated by gemini.md" name="Comprehensive Performance Test Suite Asynchronous Processing Performance Testing should implement background jobs with improved throughput as mandated by gemini.md" time="0.002">
    </testcase>
    <testcase classname="Comprehensive Performance Test Suite Code Profiling and Optimization Testing should implement code profiling with bottleneck identification as mandated by gemini.md" name="Comprehensive Performance Test Suite Code Profiling and Optimization Testing should implement code profiling with bottleneck identification as mandated by gemini.md" time="0.003">
    </testcase>
    <testcase classname="Comprehensive Performance Test Suite Code Profiling and Optimization Testing should implement memory management with leak prevention as mandated by gemini.md" name="Comprehensive Performance Test Suite Code Profiling and Optimization Testing should implement memory management with leak prevention as mandated by gemini.md" time="0.002">
    </testcase>
    <testcase classname="Comprehensive Performance Test Suite API Efficiency Performance Testing should implement API efficiency with round trip reduction as mandated by gemini.md" name="Comprehensive Performance Test Suite API Efficiency Performance Testing should implement API efficiency with round trip reduction as mandated by gemini.md" time="0.002">
    </testcase>
    <testcase classname="Comprehensive Performance Test Suite API Efficiency Performance Testing should implement compression with bandwidth reduction as mandated by gemini.md" name="Comprehensive Performance Test Suite API Efficiency Performance Testing should implement compression with bandwidth reduction as mandated by gemini.md" time="0.002">
    </testcase>
    <testcase classname="Comprehensive Performance Test Suite Lazy Loading Performance Testing should implement lazy loading with faster load times as mandated by gemini.md" name="Comprehensive Performance Test Suite Lazy Loading Performance Testing should implement lazy loading with faster load times as mandated by gemini.md" time="0.002">
    </testcase>
    <testcase classname="Comprehensive Performance Test Suite Lazy Loading Performance Testing should implement resource optimization with faster load times as mandated by gemini.md" name="Comprehensive Performance Test Suite Lazy Loading Performance Testing should implement resource optimization with faster load times as mandated by gemini.md" time="0.002">
    </testcase>
    <testcase classname="Comprehensive Performance Test Suite Connection Pooling Performance Testing should implement connection pooling for external APIs with reduced connection overhead as mandated by gemini.md" name="Comprehensive Performance Test Suite Connection Pooling Performance Testing should implement connection pooling for external APIs with reduced connection overhead as mandated by gemini.md" time="0.002">
    </testcase>
    <testcase classname="Comprehensive Performance Test Suite Connection Pooling Performance Testing should implement CDN usage for static assets with improved delivery performance as mandated by gemini.md" name="Comprehensive Performance Test Suite Connection Pooling Performance Testing should implement CDN usage for static assets with improved delivery performance as mandated by gemini.md" time="0.002">
    </testcase>
    <testcase classname="Comprehensive Performance Test Suite Concurrency Performance Testing should implement concurrency management with optimal resource utilization as mandated by gemini.md" name="Comprehensive Performance Test Suite Concurrency Performance Testing should implement concurrency management with optimal resource utilization as mandated by gemini.md" time="0.002">
    </testcase>
    <testcase classname="Comprehensive Performance Test Suite Concurrency Performance Testing should implement threading with optimal resource utilization as mandated by gemini.md" name="Comprehensive Performance Test Suite Concurrency Performance Testing should implement threading with optimal resource utilization as mandated by gemini.md" time="0.002">
    </testcase>
    <testcase classname="Comprehensive Performance Test Suite Performance Budget Testing should implement performance budget with automated compliance checking as mandated by gemini.md" name="Comprehensive Performance Test Suite Performance Budget Testing should implement performance budget with automated compliance checking as mandated by gemini.md" time="0.002">
    </testcase>
    <testcase classname="Comprehensive Performance Test Suite Performance Budget Testing should implement performance monitoring with real-time dashboards as mandated by gemini.md" name="Comprehensive Performance Test Suite Performance Budget Testing should implement performance monitoring with real-time dashboards as mandated by gemini.md" time="0.002">
    </testcase>
    <testcase classname="Comprehensive Performance Test Suite Performance Optimization Testing should implement performance optimization with monitoring and benchmarking as mandated by gemini.md" name="Comprehensive Performance Test Suite Performance Optimization Testing should implement performance optimization with monitoring and benchmarking as mandated by gemini.md" time="0.002">
    </testcase>
    <testcase classname="Comprehensive Performance Test Suite Performance Optimization Testing should implement monitoring and benchmarking infrastructure as mandated by gemini.md" name="Comprehensive Performance Test Suite Performance Optimization Testing should implement monitoring and benchmarking infrastructure as mandated by gemini.md" time="0.002">
    </testcase>
  </testsuite>
  <testsuite name="REAL WhatsApp Bot End-to-End Flow Tests" errors="0" failures="3" skipped="0" timestamp="2025-10-28T17:07:54" time="15.544" tests="5">
    <testcase classname="REAL WhatsApp Bot End-to-End Flow Tests Complete User Onboarding Flow should complete full onboarding and generate real astrology reading" name="REAL WhatsApp Bot End-to-End Flow Tests Complete User Onboarding Flow should complete full onboarding and generate real astrology reading" time="7.291">
      <failure>Error: expect(received).toBe(expected) // Object.is equality

Expected: true
Received: false
    at Object.toBe (/Users/mohitmendiratta/Projects/bots/w1/astro-whatsapp-bot/tests/e2e/real-whatsapp-flow.test.js:224:36)
    at processTicksAndRejections (node:internal/process/task_queues:105:5)</failure>
    </testcase>
    <testcase classname="REAL WhatsApp Bot End-to-End Flow Tests Existing User Astrology Requests should generate real daily horoscope for existing user" name="REAL WhatsApp Bot End-to-End Flow Tests Existing User Astrology Requests should generate real daily horoscope for existing user" time="4.63">
      <failure>Error: expect(received).toContain(expected) // indexOf

Expected substring: &quot;🔮 *Your Daily Horoscope*&quot;
Received string:    &quot;[object Promise]·
[object Promise]·
[object Promise]
[object Promise]
[object Promise]
[object Promise]
[object Promise]
[object Promise][object Promise]&quot;
    at Object.toContain (/Users/mohitmendiratta/Projects/bots/w1/astro-whatsapp-bot/tests/e2e/real-whatsapp-flow.test.js:309:37)
    at processTicksAndRejections (node:internal/process/task_queues:105:5)</failure>
    </testcase>
    <testcase classname="REAL WhatsApp Bot End-to-End Flow Tests Existing User Astrology Requests should handle compatibility request with real calculations" name="REAL WhatsApp Bot End-to-End Flow Tests Existing User Astrology Requests should handle compatibility request with real calculations" time="0.077">
      <failure>Error: expect(received).toContain(expected) // indexOf

Expected substring: &quot;💕 *Compatibility Analysis*&quot;
Received string:    &quot;messages.compatibility.error&quot;
    at Object.toContain (/Users/mohitmendiratta/Projects/bots/w1/astro-whatsapp-bot/tests/e2e/real-whatsapp-flow.test.js:349:27)
    at processTicksAndRejections (node:internal/process/task_queues:105:5)</failure>
    </testcase>
    <testcase classname="REAL WhatsApp Bot End-to-End Flow Tests Error Handling and Edge Cases should handle invalid webhook payload gracefully" name="REAL WhatsApp Bot End-to-End Flow Tests Error Handling and Edge Cases should handle invalid webhook payload gracefully" time="0.02">
    </testcase>
    <testcase classname="REAL WhatsApp Bot End-to-End Flow Tests Error Handling and Edge Cases should handle malformed messages gracefully" name="REAL WhatsApp Bot End-to-End Flow Tests Error Handling and Edge Cases should handle malformed messages gracefully" time="0.048">
    </testcase>
  </testsuite>
  <testsuite name="Comprehensive Menu Tree Validation - REAL LIBRARIES &amp; DATABASE" errors="0" failures="4" skipped="0" timestamp="2025-10-28T17:08:10" time="6.347" tests="26">
    <testcase classname="Comprehensive Menu Tree Validation - REAL LIBRARIES &amp; DATABASE Menu Structure Validation should validate complete menu tree structure" name="Comprehensive Menu Tree Validation - REAL LIBRARIES &amp; DATABASE Menu Structure Validation should validate complete menu tree structure" time="0.026">
    </testcase>
    <testcase classname="Comprehensive Menu Tree Validation - REAL LIBRARIES &amp; DATABASE Main Menu Navigation should display main menu with all 6 categories" name="Comprehensive Menu Tree Validation - REAL LIBRARIES &amp; DATABASE Main Menu Navigation should display main menu with all 6 categories" time="0.516">
      <failure>Error: expect(jest.fn()).toHaveBeenCalled()

Expected number of calls: &gt;= 1
Received number of calls:    0
    at Object.toHaveBeenCalled (/Users/mohitmendiratta/Projects/bots/w1/astro-whatsapp-bot/tests/e2e/comprehensive-menu-tree-validation.test.js:297:31)
    at processTicksAndRejections (node:internal/process/task_queues:105:5)</failure>
    </testcase>
    <testcase classname="Comprehensive Menu Tree Validation - REAL LIBRARIES &amp; DATABASE Main Menu Navigation should navigate to all main menu categories" name="Comprehensive Menu Tree Validation - REAL LIBRARIES &amp; DATABASE Main Menu Navigation should navigate to all main menu categories" time="0.059">
    </testcase>
    <testcase classname="Comprehensive Menu Tree Validation - REAL LIBRARIES &amp; DATABASE Western Astrology Menu Tree should navigate through Western astrology sub-menus" name="Comprehensive Menu Tree Validation - REAL LIBRARIES &amp; DATABASE Western Astrology Menu Tree should navigate through Western astrology sub-menus" time="0.076">
    </testcase>
    <testcase classname="Comprehensive Menu Tree Validation - REAL LIBRARIES &amp; DATABASE Western Astrology Menu Tree should calculate REAL Western birth chart with astrology libraries" name="Comprehensive Menu Tree Validation - REAL LIBRARIES &amp; DATABASE Western Astrology Menu Tree should calculate REAL Western birth chart with astrology libraries" time="0.013">
    </testcase>
    <testcase classname="Comprehensive Menu Tree Validation - REAL LIBRARIES &amp; DATABASE Western Astrology Menu Tree should generate REAL daily horoscope with Vedic calculations" name="Comprehensive Menu Tree Validation - REAL LIBRARIES &amp; DATABASE Western Astrology Menu Tree should generate REAL daily horoscope with Vedic calculations" time="0.015">
    </testcase>
    <testcase classname="Comprehensive Menu Tree Validation - REAL LIBRARIES &amp; DATABASE Western Astrology Menu Tree should navigate back to main menu from Western astrology sub-menu" name="Comprehensive Menu Tree Validation - REAL LIBRARIES &amp; DATABASE Western Astrology Menu Tree should navigate back to main menu from Western astrology sub-menu" time="0.013">
      <failure>Error: expect(received).toContain(expected) // indexOf

Matcher error: received value must not be null nor undefined

Received has value: undefined
    at Object.toContain (/Users/mohitmendiratta/Projects/bots/w1/astro-whatsapp-bot/tests/e2e/comprehensive-menu-tree-validation.test.js:488:33)
    at processTicksAndRejections (node:internal/process/task_queues:105:5)</failure>
    </testcase>
    <testcase classname="Comprehensive Menu Tree Validation - REAL LIBRARIES &amp; DATABASE Vedic Astrology Menu Tree should navigate through Vedic astrology sub-menus" name="Comprehensive Menu Tree Validation - REAL LIBRARIES &amp; DATABASE Vedic Astrology Menu Tree should navigate through Vedic astrology sub-menus" time="0.069">
    </testcase>
    <testcase classname="Comprehensive Menu Tree Validation - REAL LIBRARIES &amp; DATABASE Vedic Astrology Menu Tree should calculate REAL Vedic Kundli with astrology libraries" name="Comprehensive Menu Tree Validation - REAL LIBRARIES &amp; DATABASE Vedic Astrology Menu Tree should calculate REAL Vedic Kundli with astrology libraries" time="0.013">
    </testcase>
    <testcase classname="Comprehensive Menu Tree Validation - REAL LIBRARIES &amp; DATABASE Divination &amp; Mystic Menu Tree should navigate through divination sub-menus" name="Comprehensive Menu Tree Validation - REAL LIBRARIES &amp; DATABASE Divination &amp; Mystic Menu Tree should navigate through divination sub-menus" time="0.054">
    </testcase>
    <testcase classname="Comprehensive Menu Tree Validation - REAL LIBRARIES &amp; DATABASE Divination &amp; Mystic Menu Tree should generate REAL Tarot reading with tarot library" name="Comprehensive Menu Tree Validation - REAL LIBRARIES &amp; DATABASE Divination &amp; Mystic Menu Tree should generate REAL Tarot reading with tarot library" time="0.011">
    </testcase>
    <testcase classname="Comprehensive Menu Tree Validation - REAL LIBRARIES &amp; DATABASE Relationships &amp; Groups Menu Tree should navigate through relationships sub-menus" name="Comprehensive Menu Tree Validation - REAL LIBRARIES &amp; DATABASE Relationships &amp; Groups Menu Tree should navigate through relationships sub-menus" time="0.034">
    </testcase>
    <testcase classname="Comprehensive Menu Tree Validation - REAL LIBRARIES &amp; DATABASE Numerology &amp; Special Menu Tree should navigate through numerology sub-menus" name="Comprehensive Menu Tree Validation - REAL LIBRARIES &amp; DATABASE Numerology &amp; Special Menu Tree should navigate through numerology sub-menus" time="0.046">
    </testcase>
    <testcase classname="Comprehensive Menu Tree Validation - REAL LIBRARIES &amp; DATABASE Numerology &amp; Special Menu Tree should calculate REAL numerology report with numerology library" name="Comprehensive Menu Tree Validation - REAL LIBRARIES &amp; DATABASE Numerology &amp; Special Menu Tree should calculate REAL numerology report with numerology library" time="0.017">
    </testcase>
    <testcase classname="Comprehensive Menu Tree Validation - REAL LIBRARIES &amp; DATABASE Real Database Operations should perform REAL MongoDB user creation and retrieval" name="Comprehensive Menu Tree Validation - REAL LIBRARIES &amp; DATABASE Real Database Operations should perform REAL MongoDB user creation and retrieval" time="0.015">
      <failure>Error: expect(received).toBe(expected) // Object.is equality

Expected: &quot;Test User&quot;
Received: &quot;Cosmic Explorer&quot;
    at Object.toBe (/Users/mohitmendiratta/Projects/bots/w1/astro-whatsapp-bot/tests/e2e/comprehensive-menu-tree-validation.test.js:765:34)
    at processTicksAndRejections (node:internal/process/task_queues:105:5)</failure>
    </testcase>
    <testcase classname="Comprehensive Menu Tree Validation - REAL LIBRARIES &amp; DATABASE Real Database Operations should perform REAL MongoDB user profile updates" name="Comprehensive Menu Tree Validation - REAL LIBRARIES &amp; DATABASE Real Database Operations should perform REAL MongoDB user profile updates" time="0.087">
    </testcase>
    <testcase classname="Comprehensive Menu Tree Validation - REAL LIBRARIES &amp; DATABASE Geocoding Integration Tests should test REAL Google Maps geocoding for birth places" name="Comprehensive Menu Tree Validation - REAL LIBRARIES &amp; DATABASE Geocoding Integration Tests should test REAL Google Maps geocoding for birth places" time="1.06">
    </testcase>
    <testcase classname="Comprehensive Menu Tree Validation - REAL LIBRARIES &amp; DATABASE Geocoding Integration Tests should handle geocoding errors gracefully" name="Comprehensive Menu Tree Validation - REAL LIBRARIES &amp; DATABASE Geocoding Integration Tests should handle geocoding errors gracefully" time="0.753">
    </testcase>
    <testcase classname="Comprehensive Menu Tree Validation - REAL LIBRARIES &amp; DATABASE Error Handling &amp; Edge Cases should handle incomplete user profiles gracefully" name="Comprehensive Menu Tree Validation - REAL LIBRARIES &amp; DATABASE Error Handling &amp; Edge Cases should handle incomplete user profiles gracefully" time="0.041">
    </testcase>
    <testcase classname="Comprehensive Menu Tree Validation - REAL LIBRARIES &amp; DATABASE Error Handling &amp; Edge Cases should handle invalid menu selections" name="Comprehensive Menu Tree Validation - REAL LIBRARIES &amp; DATABASE Error Handling &amp; Edge Cases should handle invalid menu selections" time="0.013">
    </testcase>
    <testcase classname="Comprehensive Menu Tree Validation - REAL LIBRARIES &amp; DATABASE Error Handling &amp; Edge Cases should handle malformed messages" name="Comprehensive Menu Tree Validation - REAL LIBRARIES &amp; DATABASE Error Handling &amp; Edge Cases should handle malformed messages" time="0.019">
      <failure>Error: expect(jest.fn()).toHaveBeenCalled()

Expected number of calls: &gt;= 1
Received number of calls:    0
    at Object.toHaveBeenCalled (/Users/mohitmendiratta/Projects/bots/w1/astro-whatsapp-bot/tests/e2e/comprehensive-menu-tree-validation.test.js:891:33)
    at processTicksAndRejections (node:internal/process/task_queues:105:5)</failure>
    </testcase>
    <testcase classname="Comprehensive Menu Tree Validation - REAL LIBRARIES &amp; DATABASE Concurrent User Sessions should handle multiple concurrent users navigating menus" name="Comprehensive Menu Tree Validation - REAL LIBRARIES &amp; DATABASE Concurrent User Sessions should handle multiple concurrent users navigating menus" time="0.116">
    </testcase>
    <testcase classname="Comprehensive Menu Tree Validation - REAL LIBRARIES &amp; DATABASE Performance &amp; Load Testing should handle rapid menu navigation efficiently" name="Comprehensive Menu Tree Validation - REAL LIBRARIES &amp; DATABASE Performance &amp; Load Testing should handle rapid menu navigation efficiently" time="0.052">
    </testcase>
    <testcase classname="Comprehensive Menu Tree Validation - REAL LIBRARIES &amp; DATABASE Astrology Library Integration Tests should validate REAL Vedic calculator integration" name="Comprehensive Menu Tree Validation - REAL LIBRARIES &amp; DATABASE Astrology Library Integration Tests should validate REAL Vedic calculator integration" time="0.011">
    </testcase>
    <testcase classname="Comprehensive Menu Tree Validation - REAL LIBRARIES &amp; DATABASE Astrology Library Integration Tests should validate REAL Tarot reader integration" name="Comprehensive Menu Tree Validation - REAL LIBRARIES &amp; DATABASE Astrology Library Integration Tests should validate REAL Tarot reader integration" time="0.005">
    </testcase>
    <testcase classname="Comprehensive Menu Tree Validation - REAL LIBRARIES &amp; DATABASE Astrology Library Integration Tests should validate REAL numerology service integration" name="Comprehensive Menu Tree Validation - REAL LIBRARIES &amp; DATABASE Astrology Library Integration Tests should validate REAL numerology service integration" time="0.005">
    </testcase>
  </testsuite>
  <testsuite name="API FAILURE RECOVERY: Complete External API Integration Testing Suite" errors="0" failures="1" skipped="0" timestamp="2025-10-28T17:08:17" time="4.994" tests="38">
    <testcase classname="API FAILURE RECOVERY: Complete External API Integration Testing Suite GOOGLE MAPS API FAILURE RECOVERY (6 Scenarios) API_FAILURE_001: Handle Google Maps API quota exceeded → Fallback coordinate handling" name="API FAILURE RECOVERY: Complete External API Integration Testing Suite GOOGLE MAPS API FAILURE RECOVERY (6 Scenarios) API_FAILURE_001: Handle Google Maps API quota exceeded → Fallback coordinate handling" time="0.571">
    </testcase>
    <testcase classname="API FAILURE RECOVERY: Complete External API Integration Testing Suite GOOGLE MAPS API FAILURE RECOVERY (6 Scenarios) API_FAILURE_002: Service outage recovery → Offline coordinate caching" name="API FAILURE RECOVERY: Complete External API Integration Testing Suite GOOGLE MAPS API FAILURE RECOVERY (6 Scenarios) API_FAILURE_002: Service outage recovery → Offline coordinate caching" time="0.022">
    </testcase>
    <testcase classname="API FAILURE RECOVERY: Complete External API Integration Testing Suite GOOGLE MAPS API FAILURE RECOVERY (6 Scenarios) API_FAILURE_003: Rate limiting responses → Exponential backoff testing" name="API FAILURE RECOVERY: Complete External API Integration Testing Suite GOOGLE MAPS API FAILURE RECOVERY (6 Scenarios) API_FAILURE_003: Rate limiting responses → Exponential backoff testing" time="0.029">
    </testcase>
    <testcase classname="API FAILURE RECOVERY: Complete External API Integration Testing Suite GOOGLE MAPS API FAILURE RECOVERY (6 Scenarios) API_FAILURE_004: API key invalidation → Authentication error handling" name="API FAILURE RECOVERY: Complete External API Integration Testing Suite GOOGLE MAPS API FAILURE RECOVERY (6 Scenarios) API_FAILURE_004: API key invalidation → Authentication error handling" time="0.015">
    </testcase>
    <testcase classname="API FAILURE RECOVERY: Complete External API Integration Testing Suite GOOGLE MAPS API FAILURE RECOVERY (6 Scenarios) API_FAILURE_005: Network timeout scenarios → Timeout recovery" name="API FAILURE RECOVERY: Complete External API Integration Testing Suite GOOGLE MAPS API FAILURE RECOVERY (6 Scenarios) API_FAILURE_005: Network timeout scenarios → Timeout recovery" time="0.011">
    </testcase>
    <testcase classname="API FAILURE RECOVERY: Complete External API Integration Testing Suite GOOGLE MAPS API FAILURE RECOVERY (6 Scenarios) API_FAILURE_006: Partial response data → Fallback coordinate validation" name="API FAILURE RECOVERY: Complete External API Integration Testing Suite GOOGLE MAPS API FAILURE RECOVERY (6 Scenarios) API_FAILURE_006: Partial response data → Fallback coordinate validation" time="0.012">
    </testcase>
    <testcase classname="API FAILURE RECOVERY: Complete External API Integration Testing Suite MISTRAL AI INTEGRATION FAILURE RECOVERY (8 Scenarios) API_FAILURE_007: API response parsing errors → Fallback generation methods" name="API FAILURE RECOVERY: Complete External API Integration Testing Suite MISTRAL AI INTEGRATION FAILURE RECOVERY (8 Scenarios) API_FAILURE_007: API response parsing errors → Fallback generation methods" time="0.011">
    </testcase>
    <testcase classname="API FAILURE RECOVERY: Complete External API Integration Testing Suite MISTRAL AI INTEGRATION FAILURE RECOVERY (8 Scenarios) API_FAILURE_008: Content filtering violations → Alternative content generation" name="API FAILURE RECOVERY: Complete External API Integration Testing Suite MISTRAL AI INTEGRATION FAILURE RECOVERY (8 Scenarios) API_FAILURE_008: Content filtering violations → Alternative content generation" time="0.012">
    </testcase>
    <testcase classname="API FAILURE RECOVERY: Complete External API Integration Testing Suite MISTRAL AI INTEGRATION FAILURE RECOVERY (8 Scenarios) API_FAILURE_009: Model performance degradation → Quality threshold handling" name="API FAILURE RECOVERY: Complete External API Integration Testing Suite MISTRAL AI INTEGRATION FAILURE RECOVERY (8 Scenarios) API_FAILURE_009: Model performance degradation → Quality threshold handling" time="0.014">
    </testcase>
    <testcase classname="API FAILURE RECOVERY: Complete External API Integration Testing Suite MISTRAL AI INTEGRATION FAILURE RECOVERY (8 Scenarios) API_FAILURE_010: Token limit exceedances → Content truncation strategies" name="API FAILURE RECOVERY: Complete External API Integration Testing Suite MISTRAL AI INTEGRATION FAILURE RECOVERY (8 Scenarios) API_FAILURE_010: Token limit exceedances → Content truncation strategies" time="0.016">
    </testcase>
    <testcase classname="API FAILURE RECOVERY: Complete External API Integration Testing Suite MISTRAL AI INTEGRATION FAILURE RECOVERY (8 Scenarios) API_FAILURE_011: Rate limiting enforcement → Request throttling validation" name="API FAILURE RECOVERY: Complete External API Integration Testing Suite MISTRAL AI INTEGRATION FAILURE RECOVERY (8 Scenarios) API_FAILURE_011: Rate limiting enforcement → Request throttling validation" time="0.011">
    </testcase>
    <testcase classname="API FAILURE RECOVERY: Complete External API Integration Testing Suite MISTRAL AI INTEGRATION FAILURE RECOVERY (8 Scenarios) API_FAILURE_012: Authentication failures → API key rotation" name="API FAILURE RECOVERY: Complete External API Integration Testing Suite MISTRAL AI INTEGRATION FAILURE RECOVERY (8 Scenarios) API_FAILURE_012: Authentication failures → API key rotation" time="0.016">
    </testcase>
    <testcase classname="API FAILURE RECOVERY: Complete External API Integration Testing Suite MISTRAL AI INTEGRATION FAILURE RECOVERY (8 Scenarios) API_FAILURE_013: Service availability issues → Circuit breaker pattern" name="API FAILURE RECOVERY: Complete External API Integration Testing Suite MISTRAL AI INTEGRATION FAILURE RECOVERY (8 Scenarios) API_FAILURE_013: Service availability issues → Circuit breaker pattern" time="0.012">
    </testcase>
    <testcase classname="API FAILURE RECOVERY: Complete External API Integration Testing Suite MISTRAL AI INTEGRATION FAILURE RECOVERY (8 Scenarios) API_FAILURE_014: Response quality degradation → Fallback to template responses" name="API FAILURE RECOVERY: Complete External API Integration Testing Suite MISTRAL AI INTEGRATION FAILURE RECOVERY (8 Scenarios) API_FAILURE_014: Response quality degradation → Fallback to template responses" time="0.05">
    </testcase>
    <testcase classname="API FAILURE RECOVERY: Complete External API Integration Testing Suite DATABASE TRANSACTION INTEGRITY FAILURE RECOVERY (6 Scenarios) API_FAILURE_015: Connection pool exhaustion → Connection management" name="API FAILURE RECOVERY: Complete External API Integration Testing Suite DATABASE TRANSACTION INTEGRITY FAILURE RECOVERY (6 Scenarios) API_FAILURE_015: Connection pool exhaustion → Connection management" time="0.013">
      <failure>Error: Connection pool exhausted
    at Db.&lt;anonymous&gt; (/Users/mohitmendiratta/Projects/bots/w1/astro-whatsapp-bot/tests/e2e/api-integration/api-failure-recovery.test.js:318:17)
    at /Users/mohitmendiratta/Projects/bots/w1/astro-whatsapp-bot/node_modules/jest-mock/build/index.js:397:39
    at Db.&lt;anonymous&gt; (/Users/mohitmendiratta/Projects/bots/w1/astro-whatsapp-bot/node_modules/jest-mock/build/index.js:404:13)
    at Db.mockConstructor (/Users/mohitmendiratta/Projects/bots/w1/astro-whatsapp-bot/node_modules/jest-mock/build/index.js:148:19)
    at Object.collection (/Users/mohitmendiratta/Projects/bots/w1/astro-whatsapp-bot/tests/e2e/api-integration/api-failure-recovery.test.js:325:41)
    at Promise.then.completed (/Users/mohitmendiratta/Projects/bots/w1/astro-whatsapp-bot/node_modules/jest-circus/build/utils.js:298:28)
    at new Promise (&lt;anonymous&gt;)
    at callAsyncCircusFn (/Users/mohitmendiratta/Projects/bots/w1/astro-whatsapp-bot/node_modules/jest-circus/build/utils.js:231:10)
    at _callCircusTest (/Users/mohitmendiratta/Projects/bots/w1/astro-whatsapp-bot/node_modules/jest-circus/build/run.js:316:40)
    at processTicksAndRejections (node:internal/process/task_queues:105:5)
    at _runTest (/Users/mohitmendiratta/Projects/bots/w1/astro-whatsapp-bot/node_modules/jest-circus/build/run.js:252:3)
    at _runTestsForDescribeBlock (/Users/mohitmendiratta/Projects/bots/w1/astro-whatsapp-bot/node_modules/jest-circus/build/run.js:126:9)
    at _runTestsForDescribeBlock (/Users/mohitmendiratta/Projects/bots/w1/astro-whatsapp-bot/node_modules/jest-circus/build/run.js:121:9)
    at _runTestsForDescribeBlock (/Users/mohitmendiratta/Projects/bots/w1/astro-whatsapp-bot/node_modules/jest-circus/build/run.js:121:9)
    at run (/Users/mohitmendiratta/Projects/bots/w1/astro-whatsapp-bot/node_modules/jest-circus/build/run.js:71:3)
    at runAndTransformResultsToJestFormat (/Users/mohitmendiratta/Projects/bots/w1/astro-whatsapp-bot/node_modules/jest-circus/build/legacy-code-todo-rewrite/jestAdapterInit.js:122:21)
    at jestAdapter (/Users/mohitmendiratta/Projects/bots/w1/astro-whatsapp-bot/node_modules/jest-circus/build/legacy-code-todo-rewrite/jestAdapter.js:79:19)
    at runTestInternal (/Users/mohitmendiratta/Projects/bots/w1/astro-whatsapp-bot/node_modules/jest-runner/build/runTest.js:367:16)
    at runTest (/Users/mohitmendiratta/Projects/bots/w1/astro-whatsapp-bot/node_modules/jest-runner/build/runTest.js:444:34)</failure>
    </testcase>
    <testcase classname="API FAILURE RECOVERY: Complete External API Integration Testing Suite DATABASE TRANSACTION INTEGRITY FAILURE RECOVERY (6 Scenarios) API_FAILURE_016: Transaction rollback on failures → Data consistency" name="API FAILURE RECOVERY: Complete External API Integration Testing Suite DATABASE TRANSACTION INTEGRITY FAILURE RECOVERY (6 Scenarios) API_FAILURE_016: Transaction rollback on failures → Data consistency" time="0.234">
    </testcase>
    <testcase classname="API FAILURE RECOVERY: Complete External API Integration Testing Suite DATABASE TRANSACTION INTEGRITY FAILURE RECOVERY (6 Scenarios) API_FAILURE_017: Index corruption recovery → Query optimization fallback" name="API FAILURE RECOVERY: Complete External API Integration Testing Suite DATABASE TRANSACTION INTEGRITY FAILURE RECOVERY (6 Scenarios) API_FAILURE_017: Index corruption recovery → Query optimization fallback" time="0.033">
    </testcase>
    <testcase classname="API FAILURE RECOVERY: Complete External API Integration Testing Suite DATABASE TRANSACTION INTEGRITY FAILURE RECOVERY (6 Scenarios) API_FAILURE_018: Replica set failures → Read preference failover" name="API FAILURE RECOVERY: Complete External API Integration Testing Suite DATABASE TRANSACTION INTEGRITY FAILURE RECOVERY (6 Scenarios) API_FAILURE_018: Replica set failures → Read preference failover" time="0.043">
    </testcase>
    <testcase classname="API FAILURE RECOVERY: Complete External API Integration Testing Suite DATABASE TRANSACTION INTEGRITY FAILURE RECOVERY (6 Scenarios) API_FAILURE_019: Schema migration conflicts → Backward compatibility" name="API FAILURE RECOVERY: Complete External API Integration Testing Suite DATABASE TRANSACTION INTEGRITY FAILURE RECOVERY (6 Scenarios) API_FAILURE_019: Schema migration conflicts → Backward compatibility" time="0.195">
    </testcase>
    <testcase classname="API FAILURE RECOVERY: Complete External API Integration Testing Suite DATABASE TRANSACTION INTEGRITY FAILURE RECOVERY (6 Scenarios) API_FAILURE_020: Cache invalidation failures → Refresh strategy validation" name="API FAILURE RECOVERY: Complete External API Integration Testing Suite DATABASE TRANSACTION INTEGRITY FAILURE RECOVERY (6 Scenarios) API_FAILURE_020: Cache invalidation failures → Refresh strategy validation" time="0.028">
    </testcase>
    <testcase classname="API FAILURE RECOVERY: Complete External API Integration Testing Suite PAYMENT API FAILURE RECOVERY (4 Scenarios) API_FAILURE_021: Payment gateway failures → Transaction state management" name="API FAILURE RECOVERY: Complete External API Integration Testing Suite PAYMENT API FAILURE RECOVERY (4 Scenarios) API_FAILURE_021: Payment gateway failures → Transaction state management" time="0.019">
    </testcase>
    <testcase classname="API FAILURE RECOVERY: Complete External API Integration Testing Suite PAYMENT API FAILURE RECOVERY (4 Scenarios) API_FAILURE_022: Subscription renewal failures → Grace period handling" name="API FAILURE RECOVERY: Complete External API Integration Testing Suite PAYMENT API FAILURE RECOVERY (4 Scenarios) API_FAILURE_022: Subscription renewal failures → Grace period handling" time="0.016">
    </testcase>
    <testcase classname="API FAILURE RECOVERY: Complete External API Integration Testing Suite PAYMENT API FAILURE RECOVERY (4 Scenarios) API_FAILURE_023: Webhook processing failures → Event deduplication" name="API FAILURE RECOVERY: Complete External API Integration Testing Suite PAYMENT API FAILURE RECOVERY (4 Scenarios) API_FAILURE_023: Webhook processing failures → Event deduplication" time="0.014">
    </testcase>
    <testcase classname="API FAILURE RECOVERY: Complete External API Integration Testing Suite PAYMENT API FAILURE RECOVERY (4 Scenarios) API_FAILURE_024: Currency conversion failures → Exchange rate fallback" name="API FAILURE RECOVERY: Complete External API Integration Testing Suite PAYMENT API FAILURE RECOVERY (4 Scenarios) API_FAILURE_024: Currency conversion failures → Exchange rate fallback" time="0.012">
    </testcase>
    <testcase classname="API FAILURE RECOVERY: Complete External API Integration Testing Suite WHATSAPP API FAILURE RECOVERY (4 Scenarios) API_FAILURE_025: Message delivery failures → Retry mechanisms" name="API FAILURE RECOVERY: Complete External API Integration Testing Suite WHATSAPP API FAILURE RECOVERY (4 Scenarios) API_FAILURE_025: Message delivery failures → Retry mechanisms" time="0.012">
    </testcase>
    <testcase classname="API FAILURE RECOVERY: Complete External API Integration Testing Suite WHATSAPP API FAILURE RECOVERY (4 Scenarios) API_FAILURE_026: Rate limit reached → Queue management" name="API FAILURE RECOVERY: Complete External API Integration Testing Suite WHATSAPP API FAILURE RECOVERY (4 Scenarios) API_FAILURE_026: Rate limit reached → Queue management" time="0.015">
    </testcase>
    <testcase classname="API FAILURE RECOVERY: Complete External API Integration Testing Suite WHATSAPP API FAILURE RECOVERY (4 Scenarios) API_FAILURE_027: Session expiration handling → Authentication refresh" name="API FAILURE RECOVERY: Complete External API Integration Testing Suite WHATSAPP API FAILURE RECOVERY (4 Scenarios) API_FAILURE_027: Session expiration handling → Authentication refresh" time="0.013">
    </testcase>
    <testcase classname="API FAILURE RECOVERY: Complete External API Integration Testing Suite WHATSAPP API FAILURE RECOVERY (4 Scenarios) API_FAILURE_028: Media upload failures → Alternative delivery methods" name="API FAILURE RECOVERY: Complete External API Integration Testing Suite WHATSAPP API FAILURE RECOVERY (4 Scenarios) API_FAILURE_028: Media upload failures → Alternative delivery methods" time="0.012">
    </testcase>
    <testcase classname="API FAILURE RECOVERY: Complete External API Integration Testing Suite INTEGRATION RECOVERY &amp; MONITORING (6 Scenarios) API_FAILURE_029: Multi-system correlation failures → Event tracing" name="API FAILURE RECOVERY: Complete External API Integration Testing Suite INTEGRATION RECOVERY &amp; MONITORING (6 Scenarios) API_FAILURE_029: Multi-system correlation failures → Event tracing" time="0.014">
    </testcase>
    <testcase classname="API FAILURE RECOVERY: Complete External API Integration Testing Suite INTEGRATION RECOVERY &amp; MONITORING (6 Scenarios) API_FAILURE_030: Health check failures → Automated recovery procedures" name="API FAILURE RECOVERY: Complete External API Integration Testing Suite INTEGRATION RECOVERY &amp; MONITORING (6 Scenarios) API_FAILURE_030: Health check failures → Automated recovery procedures" time="0.011">
    </testcase>
    <testcase classname="API FAILURE RECOVERY: Complete External API Integration Testing Suite INTEGRATION RECOVERY &amp; MONITORING (6 Scenarios) API_FAILURE_031: Performance degradation detection → Load balancing fallback" name="API FAILURE RECOVERY: Complete External API Integration Testing Suite INTEGRATION RECOVERY &amp; MONITORING (6 Scenarios) API_FAILURE_031: Performance degradation detection → Load balancing fallback" time="0.011">
    </testcase>
    <testcase classname="API FAILURE RECOVERY: Complete External API Integration Testing Suite INTEGRATION RECOVERY &amp; MONITORING (6 Scenarios) API_FAILURE_032: Configuration update failures → Hot reload validation" name="API FAILURE RECOVERY: Complete External API Integration Testing Suite INTEGRATION RECOVERY &amp; MONITORING (6 Scenarios) API_FAILURE_032: Configuration update failures → Hot reload validation" time="0.013">
    </testcase>
    <testcase classname="API FAILURE RECOVERY: Complete External API Integration Testing Suite INTEGRATION RECOVERY &amp; MONITORING (6 Scenarios) API_FAILURE_033: External service dependencies → Mock data fallback" name="API FAILURE RECOVERY: Complete External API Integration Testing Suite INTEGRATION RECOVERY &amp; MONITORING (6 Scenarios) API_FAILURE_033: External service dependencies → Mock data fallback" time="0.012">
    </testcase>
    <testcase classname="API FAILURE RECOVERY: Complete External API Integration Testing Suite INTEGRATION RECOVERY &amp; MONITORING (6 Scenarios) API_FAILURE_034: System-wide monitoring failures → Alert escalation" name="API FAILURE RECOVERY: Complete External API Integration Testing Suite INTEGRATION RECOVERY &amp; MONITORING (6 Scenarios) API_FAILURE_034: System-wide monitoring failures → Alert escalation" time="0.011">
    </testcase>
    <testcase classname="API FAILURE RECOVERY: Complete External API Integration Testing Suite REAL-TIME DATA SYNCHRONIZATION FAILURE RECOVERY (5 Scenarios) API_FAILURE_035: Ephemeris data sync failures → Local calculation fallback" name="API FAILURE RECOVERY: Complete External API Integration Testing Suite REAL-TIME DATA SYNCHRONIZATION FAILURE RECOVERY (5 Scenarios) API_FAILURE_035: Ephemeris data sync failures → Local calculation fallback" time="0.016">
    </testcase>
    <testcase classname="API FAILURE RECOVERY: Complete External API Integration Testing Suite REAL-TIME DATA SYNCHRONIZATION FAILURE RECOVERY (5 Scenarios) API_FAILURE_036: Live transit calculation failures → Cached transit data" name="API FAILURE RECOVERY: Complete External API Integration Testing Suite REAL-TIME DATA SYNCHRONIZATION FAILURE RECOVERY (5 Scenarios) API_FAILURE_036: Live transit calculation failures → Cached transit data" time="0.012">
    </testcase>
    <testcase classname="API FAILURE RECOVERY: Complete External API Integration Testing Suite REAL-TIME DATA SYNCHRONIZATION FAILURE RECOVERY (5 Scenarios) API_FAILURE_037: Timezone synchronization failures → UTC fallback" name="API FAILURE RECOVERY: Complete External API Integration Testing Suite REAL-TIME DATA SYNCHRONIZATION FAILURE RECOVERY (5 Scenarios) API_FAILURE_037: Timezone synchronization failures → UTC fallback" time="0.012">
    </testcase>
    <testcase classname="API FAILURE RECOVERY: Complete External API Integration Testing Suite REAL-TIME DATA SYNCHRONIZATION FAILURE RECOVERY (5 Scenarios) API_FAILURE_038: Weather integration failures → Weather-independent predictions" name="API FAILURE RECOVERY: Complete External API Integration Testing Suite REAL-TIME DATA SYNCHRONIZATION FAILURE RECOVERY (5 Scenarios) API_FAILURE_038: Weather integration failures → Weather-independent predictions" time="0.012">
    </testcase>
  </testsuite>
  <testsuite name="Critical User Flow End-to-End Tests" errors="0" failures="10" skipped="0" timestamp="2025-10-28T17:08:22" time="18.501" tests="11">
    <testcase classname="Critical User Flow End-to-End Tests Existing User Daily Horoscope Flow should generate real daily horoscope for existing user" name="Critical User Flow End-to-End Tests Existing User Daily Horoscope Flow should generate real daily horoscope for existing user" time="0.082">
      <failure>Error: expected 200 &quot;OK&quot;, got 500 &quot;Internal Server Error&quot;
    at Object.expect (/Users/mohitmendiratta/Projects/bots/w1/astro-whatsapp-bot/tests/e2e/critical-user-flow.test.js:215:10)
    at Promise.then.completed (/Users/mohitmendiratta/Projects/bots/w1/astro-whatsapp-bot/node_modules/jest-circus/build/utils.js:298:28)
    at new Promise (&lt;anonymous&gt;)
    at callAsyncCircusFn (/Users/mohitmendiratta/Projects/bots/w1/astro-whatsapp-bot/node_modules/jest-circus/build/utils.js:231:10)
    at _callCircusTest (/Users/mohitmendiratta/Projects/bots/w1/astro-whatsapp-bot/node_modules/jest-circus/build/run.js:316:40)
    at processTicksAndRejections (node:internal/process/task_queues:105:5)
    at _runTest (/Users/mohitmendiratta/Projects/bots/w1/astro-whatsapp-bot/node_modules/jest-circus/build/run.js:252:3)
    at _runTestsForDescribeBlock (/Users/mohitmendiratta/Projects/bots/w1/astro-whatsapp-bot/node_modules/jest-circus/build/run.js:126:9)
    at _runTestsForDescribeBlock (/Users/mohitmendiratta/Projects/bots/w1/astro-whatsapp-bot/node_modules/jest-circus/build/run.js:121:9)
    at _runTestsForDescribeBlock (/Users/mohitmendiratta/Projects/bots/w1/astro-whatsapp-bot/node_modules/jest-circus/build/run.js:121:9)
    at run (/Users/mohitmendiratta/Projects/bots/w1/astro-whatsapp-bot/node_modules/jest-circus/build/run.js:71:3)
    at runAndTransformResultsToJestFormat (/Users/mohitmendiratta/Projects/bots/w1/astro-whatsapp-bot/node_modules/jest-circus/build/legacy-code-todo-rewrite/jestAdapterInit.js:122:21)
    at jestAdapter (/Users/mohitmendiratta/Projects/bots/w1/astro-whatsapp-bot/node_modules/jest-circus/build/legacy-code-todo-rewrite/jestAdapter.js:79:19)
    at runTestInternal (/Users/mohitmendiratta/Projects/bots/w1/astro-whatsapp-bot/node_modules/jest-runner/build/runTest.js:367:16)
    at runTest (/Users/mohitmendiratta/Projects/bots/w1/astro-whatsapp-bot/node_modules/jest-runner/build/runTest.js:444:34)
----
    at Test._assertStatus (/Users/mohitmendiratta/Projects/bots/w1/astro-whatsapp-bot/node_modules/supertest/lib/test.js:252:14)
    at /Users/mohitmendiratta/Projects/bots/w1/astro-whatsapp-bot/node_modules/supertest/lib/test.js:308:13
    at Test._assertFunction (/Users/mohitmendiratta/Projects/bots/w1/astro-whatsapp-bot/node_modules/supertest/lib/test.js:285:13)
    at Test.assert (/Users/mohitmendiratta/Projects/bots/w1/astro-whatsapp-bot/node_modules/supertest/lib/test.js:164:23)
    at Server.localAssert (/Users/mohitmendiratta/Projects/bots/w1/astro-whatsapp-bot/node_modules/supertest/lib/test.js:120:14)
    at Object.onceWrapper (node:events:622:28)
    at Server.emit (node:events:508:28)
    at emitCloseNT (node:net:2419:8)
    at processTicksAndRejections (node:internal/process/task_queues:89:21)</failure>
    </testcase>
    <testcase classname="Critical User Flow End-to-End Tests Interactive Button Flow should process interactive button reply for compatibility checking" name="Critical User Flow End-to-End Tests Interactive Button Flow should process interactive button reply for compatibility checking" time="1.033">
      <failure>Error: expect(jest.fn()).toHaveBeenCalled()

Expected number of calls: &gt;= 1
Received number of calls:    0
    at Object.toHaveBeenCalled (/Users/mohitmendiratta/Projects/bots/w1/astro-whatsapp-bot/tests/e2e/critical-user-flow.test.js:308:27)</failure>
    </testcase>
    <testcase classname="Critical User Flow End-to-End Tests Error Handling Flow should handle processing errors gracefully" name="Critical User Flow End-to-End Tests Error Handling Flow should handle processing errors gracefully" time="3.029">
      <failure>Error: expect(jest.fn()).toHaveBeenCalledWith(...expected)

Expected: &quot;5566778899&quot;, &quot;I&apos;m sorry, I encountered an error processing your message. Please try again later!&quot;

Number of calls: 0
    at Object.toHaveBeenCalledWith (/Users/mohitmendiratta/Projects/bots/w1/astro-whatsapp-bot/tests/e2e/critical-user-flow.test.js:375:27)
    at processTicksAndRejections (node:internal/process/task_queues:105:5)</failure>
    </testcase>
    <testcase classname="Critical User Flow End-to-End Tests Performance and Scalability Flow should handle high volume of messages without crashing" name="Critical User Flow End-to-End Tests Performance and Scalability Flow should handle high volume of messages without crashing" time="3.393">
      <failure>Error: expect(jest.fn()).toHaveBeenCalledTimes(expected)

Expected number of calls: 20
Received number of calls: 0
    at Object.toHaveBeenCalledTimes (/Users/mohitmendiratta/Projects/bots/w1/astro-whatsapp-bot/tests/e2e/critical-user-flow.test.js:480:27)</failure>
    </testcase>
    <testcase classname="Critical User Flow End-to-End Tests Security and Compliance Flow should validate webhook signatures when provided" name="Critical User Flow End-to-End Tests Security and Compliance Flow should validate webhook signatures when provided" time="0.016">
    </testcase>
    <testcase classname="Critical User Flow End-to-End Tests Subscription and Payment Flow should handle subscription plan inquiry" name="Critical User Flow End-to-End Tests Subscription and Payment Flow should handle subscription plan inquiry" time="1.05">
      <failure>Error: expect(jest.fn()).toHaveBeenCalled()

Expected number of calls: &gt;= 1
Received number of calls:    0
    at Object.toHaveBeenCalled (/Users/mohitmendiratta/Projects/bots/w1/astro-whatsapp-bot/tests/e2e/critical-user-flow.test.js:638:27)</failure>
    </testcase>
    <testcase classname="Critical User Flow End-to-End Tests Subscription and Payment Flow should handle premium subscription request" name="Critical User Flow End-to-End Tests Subscription and Payment Flow should handle premium subscription request" time="1.044">
      <failure>Error: expect(jest.fn()).toHaveBeenCalledTimes(expected)

Expected number of calls: 2
Received number of calls: 0
    at Object.toHaveBeenCalledTimes (/Users/mohitmendiratta/Projects/bots/w1/astro-whatsapp-bot/tests/e2e/critical-user-flow.test.js:703:27)</failure>
    </testcase>
    <testcase classname="Critical User Flow End-to-End Tests Astrology Readings Flow Profile Management Flow should handle profile viewing request" name="Critical User Flow End-to-End Tests Astrology Readings Flow Profile Management Flow should handle profile viewing request" time="1.052">
      <failure>Error: expect(jest.fn()).toHaveBeenCalled()

Expected number of calls: &gt;= 1
Received number of calls:    0
    at Object.toHaveBeenCalled (/Users/mohitmendiratta/Projects/bots/w1/astro-whatsapp-bot/tests/e2e/critical-user-flow.test.js:794:29)</failure>
    </testcase>
    <testcase classname="Critical User Flow End-to-End Tests Astrology Readings Flow should handle tarot reading request" name="Critical User Flow End-to-End Tests Astrology Readings Flow should handle tarot reading request" time="1.039">
      <failure>Error: expect(jest.fn()).toHaveBeenCalled()

Expected number of calls: &gt;= 1
Received number of calls:    0
    at Object.toHaveBeenCalled (/Users/mohitmendiratta/Projects/bots/w1/astro-whatsapp-bot/tests/e2e/critical-user-flow.test.js:869:27)</failure>
    </testcase>
    <testcase classname="Critical User Flow End-to-End Tests Astrology Readings Flow should handle palmistry reading request" name="Critical User Flow End-to-End Tests Astrology Readings Flow should handle palmistry reading request" time="1.051">
      <failure>Error: expect(jest.fn()).toHaveBeenCalled()

Expected number of calls: &gt;= 1
Received number of calls:    0
    at Object.toHaveBeenCalled (/Users/mohitmendiratta/Projects/bots/w1/astro-whatsapp-bot/tests/e2e/critical-user-flow.test.js:927:27)</failure>
    </testcase>
    <testcase classname="Critical User Flow End-to-End Tests Astrology Readings Flow should handle numerology report request" name="Critical User Flow End-to-End Tests Astrology Readings Flow should handle numerology report request" time="1.046">
      <failure>Error: expect(jest.fn()).toHaveBeenCalled()

Expected number of calls: &gt;= 1
Received number of calls:    0
    at Object.toHaveBeenCalled (/Users/mohitmendiratta/Projects/bots/w1/astro-whatsapp-bot/tests/e2e/critical-user-flow.test.js:985:27)</failure>
    </testcase>
  </testsuite>
  <testsuite name="External API Integration Tests - SAFE VALIDATION" errors="0" failures="10" skipped="0" timestamp="2025-10-28T17:08:41" time="5.158" tests="15">
    <testcase classname="External API Integration Tests - SAFE VALIDATION Google Maps Integration - SAFE TESTING should validate Google Maps client setup" name="External API Integration Tests - SAFE VALIDATION Google Maps Integration - SAFE TESTING should validate Google Maps client setup" time="0.004">
    </testcase>
    <testcase classname="External API Integration Tests - SAFE VALIDATION Google Maps Integration - SAFE TESTING should handle astrocartography requests safely" name="External API Integration Tests - SAFE VALIDATION Google Maps Integration - SAFE TESTING should handle astrocartography requests safely" time="0.04">
      <failure>TypeError: Cannot read properties of undefined (reading &apos;data&apos;)
    at data (/Users/mohitmendiratta/Projects/bots/w1/astro-whatsapp-bot/src/services/whatsapp/messageSender.js:73:67)
    at sendMessage (/Users/mohitmendiratta/Projects/bots/w1/astro-whatsapp-bot/src/services/whatsapp/messageSender.js:430:18)
    at sendErrorMessage (/Users/mohitmendiratta/Projects/bots/w1/astro-whatsapp-bot/src/services/whatsapp/messageProcessor.js:2499:3)
    at processIncomingMessage (/Users/mohitmendiratta/Projects/bots/w1/astro-whatsapp-bot/src/services/whatsapp/messageProcessor.js:249:5)
    at Object.&lt;anonymous&gt; (/Users/mohitmendiratta/Projects/bots/w1/astro-whatsapp-bot/tests/e2e/external-api-integration.test.js:94:9)</failure>
    </testcase>
    <testcase classname="External API Integration Tests - SAFE VALIDATION OpenAI/Gemini Integration - SAFE TESTING should validate AI service imports" name="External API Integration Tests - SAFE VALIDATION OpenAI/Gemini Integration - SAFE TESTING should validate AI service imports" time="0.001">
    </testcase>
    <testcase classname="External API Integration Tests - SAFE VALIDATION OpenAI/Gemini Integration - SAFE TESTING should handle AI-powered readings safely" name="External API Integration Tests - SAFE VALIDATION OpenAI/Gemini Integration - SAFE TESTING should handle AI-powered readings safely" time="0.006">
      <failure>TypeError: Cannot read properties of undefined (reading &apos;data&apos;)
    at data (/Users/mohitmendiratta/Projects/bots/w1/astro-whatsapp-bot/src/services/whatsapp/messageSender.js:73:67)
    at processTicksAndRejections (node:internal/process/task_queues:105:5)
    at sendMessage (/Users/mohitmendiratta/Projects/bots/w1/astro-whatsapp-bot/src/services/whatsapp/messageSender.js:430:18)
    at sendErrorMessage (/Users/mohitmendiratta/Projects/bots/w1/astro-whatsapp-bot/src/services/whatsapp/messageProcessor.js:2499:3)
    at processIncomingMessage (/Users/mohitmendiratta/Projects/bots/w1/astro-whatsapp-bot/src/services/whatsapp/messageProcessor.js:249:5)
    at Object.&lt;anonymous&gt; (/Users/mohitmendiratta/Projects/bots/w1/astro-whatsapp-bot/tests/e2e/external-api-integration.test.js:149:9)</failure>
    </testcase>
    <testcase classname="External API Integration Tests - SAFE VALIDATION WhatsApp API Integration - SAFE TESTING should validate WhatsApp service setup" name="External API Integration Tests - SAFE VALIDATION WhatsApp API Integration - SAFE TESTING should validate WhatsApp service setup" time="0.003">
    </testcase>
    <testcase classname="External API Integration Tests - SAFE VALIDATION WhatsApp API Integration - SAFE TESTING should handle WhatsApp message processing" name="External API Integration Tests - SAFE VALIDATION WhatsApp API Integration - SAFE TESTING should handle WhatsApp message processing" time="0.006">
      <failure>TypeError: Cannot read properties of undefined (reading &apos;data&apos;)
    at data (/Users/mohitmendiratta/Projects/bots/w1/astro-whatsapp-bot/src/services/whatsapp/messageSender.js:73:67)
    at processTicksAndRejections (node:internal/process/task_queues:105:5)
    at sendMessage (/Users/mohitmendiratta/Projects/bots/w1/astro-whatsapp-bot/src/services/whatsapp/messageSender.js:430:18)
    at sendErrorMessage (/Users/mohitmendiratta/Projects/bots/w1/astro-whatsapp-bot/src/services/whatsapp/messageProcessor.js:2499:3)
    at processIncomingMessage (/Users/mohitmendiratta/Projects/bots/w1/astro-whatsapp-bot/src/services/whatsapp/messageProcessor.js:249:5)
    at Object.&lt;anonymous&gt; (/Users/mohitmendiratta/Projects/bots/w1/astro-whatsapp-bot/tests/e2e/external-api-integration.test.js:197:9)</failure>
    </testcase>
    <testcase classname="External API Integration Tests - SAFE VALIDATION Database Integration - REAL MONGO OPERATIONS should perform REAL database CRUD operations" name="External API Integration Tests - SAFE VALIDATION Database Integration - REAL MONGO OPERATIONS should perform REAL database CRUD operations" time="0.178">
      <failure>Error: expect(received).toBe(expected) // Object.is equality

Expected: &quot;es&quot;
Received: undefined
    at Object.toBe (/Users/mohitmendiratta/Projects/bots/w1/astro-whatsapp-bot/tests/e2e/external-api-integration.test.js:222:36)
    at processTicksAndRejections (node:internal/process/task_queues:105:5)</failure>
    </testcase>
    <testcase classname="External API Integration Tests - SAFE VALIDATION Database Integration - REAL MONGO OPERATIONS should handle database connection errors gracefully" name="External API Integration Tests - SAFE VALIDATION Database Integration - REAL MONGO OPERATIONS should handle database connection errors gracefully" time="0.005">
    </testcase>
    <testcase classname="External API Integration Tests - SAFE VALIDATION Payment Integration - SAFE TESTING should validate payment service setup" name="External API Integration Tests - SAFE VALIDATION Payment Integration - SAFE TESTING should validate payment service setup" time="0.001">
    </testcase>
    <testcase classname="External API Integration Tests - SAFE VALIDATION Payment Integration - SAFE TESTING should handle payment-related requests safely" name="External API Integration Tests - SAFE VALIDATION Payment Integration - SAFE TESTING should handle payment-related requests safely" time="0.011">
      <failure>TypeError: Cannot read properties of undefined (reading &apos;data&apos;)
    at data (/Users/mohitmendiratta/Projects/bots/w1/astro-whatsapp-bot/src/services/whatsapp/messageSender.js:73:67)
    at processTicksAndRejections (node:internal/process/task_queues:105:5)
    at sendMessage (/Users/mohitmendiratta/Projects/bots/w1/astro-whatsapp-bot/src/services/whatsapp/messageSender.js:430:18)
    at sendErrorMessage (/Users/mohitmendiratta/Projects/bots/w1/astro-whatsapp-bot/src/services/whatsapp/messageProcessor.js:2499:3)
    at processIncomingMessage (/Users/mohitmendiratta/Projects/bots/w1/astro-whatsapp-bot/src/services/whatsapp/messageProcessor.js:249:5)
    at Object.&lt;anonymous&gt; (/Users/mohitmendiratta/Projects/bots/w1/astro-whatsapp-bot/tests/e2e/external-api-integration.test.js:260:9)</failure>
    </testcase>
    <testcase classname="External API Integration Tests - SAFE VALIDATION Error Handling &amp; Resilience should handle network timeouts gracefully" name="External API Integration Tests - SAFE VALIDATION Error Handling &amp; Resilience should handle network timeouts gracefully" time="0.008">
      <failure>TypeError: Cannot read properties of undefined (reading &apos;data&apos;)
    at data (/Users/mohitmendiratta/Projects/bots/w1/astro-whatsapp-bot/src/services/whatsapp/messageSender.js:73:67)
    at processTicksAndRejections (node:internal/process/task_queues:105:5)
    at sendMessage (/Users/mohitmendiratta/Projects/bots/w1/astro-whatsapp-bot/src/services/whatsapp/messageSender.js:430:18)
    at sendErrorMessage (/Users/mohitmendiratta/Projects/bots/w1/astro-whatsapp-bot/src/services/whatsapp/messageProcessor.js:2499:3)
    at processIncomingMessage (/Users/mohitmendiratta/Projects/bots/w1/astro-whatsapp-bot/src/services/whatsapp/messageProcessor.js:249:5)
    at Object.&lt;anonymous&gt; (/Users/mohitmendiratta/Projects/bots/w1/astro-whatsapp-bot/tests/e2e/external-api-integration.test.js:292:9)</failure>
    </testcase>
    <testcase classname="External API Integration Tests - SAFE VALIDATION Error Handling &amp; Resilience should handle malformed data gracefully" name="External API Integration Tests - SAFE VALIDATION Error Handling &amp; Resilience should handle malformed data gracefully" time="0.004">
      <failure>CastError: Cast to string failed for value &quot;{ phoneNumber: &apos;+incomplete&apos;, profileComplete: false }&quot; (type Object) at path &quot;phoneNumber&quot; for model &quot;User&quot;
    at SchemaString.Object.&lt;anonymous&gt;.SchemaString.cast (/Users/mohitmendiratta/Projects/bots/w1/astro-whatsapp-bot/node_modules/mongoose/lib/schema/string.js:606:11)
    at SchemaString.Object.&lt;anonymous&gt;.SchemaType.applySetters (/Users/mohitmendiratta/Projects/bots/w1/astro-whatsapp-bot/node_modules/mongoose/lib/schematype.js:1219:12)
    at SchemaString.Object.&lt;anonymous&gt;.SchemaString.castForQuery (/Users/mohitmendiratta/Projects/bots/w1/astro-whatsapp-bot/node_modules/mongoose/lib/schema/string.js:691:15)
    at cast (/Users/mohitmendiratta/Projects/bots/w1/astro-whatsapp-bot/node_modules/mongoose/lib/cast.js:318:34)
    at model.Query.Object.&lt;anonymous&gt;.Query.cast (/Users/mohitmendiratta/Projects/bots/w1/astro-whatsapp-bot/node_modules/mongoose/lib/query.js:4927:12)
    at model.Query.Object.&lt;anonymous&gt;.Query._castConditions (/Users/mohitmendiratta/Projects/bots/w1/astro-whatsapp-bot/node_modules/mongoose/lib/query.js:2237:10)
    at model.Query._findOne (/Users/mohitmendiratta/Projects/bots/w1/astro-whatsapp-bot/node_modules/mongoose/lib/query.js:2533:8)
    at model.Query.exec (/Users/mohitmendiratta/Projects/bots/w1/astro-whatsapp-bot/node_modules/mongoose/lib/query.js:4447:28)
    at processTicksAndRejections (node:internal/process/task_queues:105:5)
    at Object.createUser (/Users/mohitmendiratta/Projects/bots/w1/astro-whatsapp-bot/src/models/userModel.js:19:26)
    at Object.&lt;anonymous&gt; (/Users/mohitmendiratta/Projects/bots/w1/astro-whatsapp-bot/tests/e2e/external-api-integration.test.js:310:32)</failure>
    </testcase>
    <testcase classname="External API Integration Tests - SAFE VALIDATION Performance &amp; Scalability should handle concurrent requests efficiently" name="External API Integration Tests - SAFE VALIDATION Performance &amp; Scalability should handle concurrent requests efficiently" time="0.014">
      <failure>TypeError: Cannot read properties of undefined (reading &apos;data&apos;)
    at data (/Users/mohitmendiratta/Projects/bots/w1/astro-whatsapp-bot/src/services/whatsapp/messageSender.js:73:67)
    at processTicksAndRejections (node:internal/process/task_queues:105:5)
    at sendMessage (/Users/mohitmendiratta/Projects/bots/w1/astro-whatsapp-bot/src/services/whatsapp/messageSender.js:430:18)
    at sendErrorMessage (/Users/mohitmendiratta/Projects/bots/w1/astro-whatsapp-bot/src/services/whatsapp/messageProcessor.js:2499:3)
    at processIncomingMessage (/Users/mohitmendiratta/Projects/bots/w1/astro-whatsapp-bot/src/services/whatsapp/messageProcessor.js:249:5)
    at async Promise.all (index 0)
    at Object.&lt;anonymous&gt; (/Users/mohitmendiratta/Projects/bots/w1/astro-whatsapp-bot/tests/e2e/external-api-integration.test.js:377:9)</failure>
    </testcase>
    <testcase classname="External API Integration Tests - SAFE VALIDATION Performance &amp; Scalability should handle high-volume user load testing" name="External API Integration Tests - SAFE VALIDATION Performance &amp; Scalability should handle high-volume user load testing" time="0.227">
      <failure>TypeError: Cannot read properties of undefined (reading &apos;data&apos;)
    at data (/Users/mohitmendiratta/Projects/bots/w1/astro-whatsapp-bot/src/services/whatsapp/messageSender.js:73:67)
    at processTicksAndRejections (node:internal/process/task_queues:105:5)
    at sendMessage (/Users/mohitmendiratta/Projects/bots/w1/astro-whatsapp-bot/src/services/whatsapp/messageSender.js:430:18)
    at sendErrorMessage (/Users/mohitmendiratta/Projects/bots/w1/astro-whatsapp-bot/src/services/whatsapp/messageProcessor.js:2499:3)
    at processIncomingMessage (/Users/mohitmendiratta/Projects/bots/w1/astro-whatsapp-bot/src/services/whatsapp/messageProcessor.js:249:5)
    at async Promise.all (index 4)
    at Object.&lt;anonymous&gt; (/Users/mohitmendiratta/Projects/bots/w1/astro-whatsapp-bot/tests/e2e/external-api-integration.test.js:447:9)</failure>
    </testcase>
    <testcase classname="External API Integration Tests - SAFE VALIDATION Performance &amp; Scalability should maintain response times under load" name="External API Integration Tests - SAFE VALIDATION Performance &amp; Scalability should maintain response times under load" time="0.14">
      <failure>TypeError: Cannot read properties of undefined (reading &apos;data&apos;)
    at data (/Users/mohitmendiratta/Projects/bots/w1/astro-whatsapp-bot/src/services/whatsapp/messageSender.js:73:67)
    at processTicksAndRejections (node:internal/process/task_queues:105:5)
    at sendMessage (/Users/mohitmendiratta/Projects/bots/w1/astro-whatsapp-bot/src/services/whatsapp/messageSender.js:430:18)
    at sendErrorMessage (/Users/mohitmendiratta/Projects/bots/w1/astro-whatsapp-bot/src/services/whatsapp/messageProcessor.js:2499:3)
    at processIncomingMessage (/Users/mohitmendiratta/Projects/bots/w1/astro-whatsapp-bot/src/services/whatsapp/messageProcessor.js:249:5)
    at Object.&lt;anonymous&gt; (/Users/mohitmendiratta/Projects/bots/w1/astro-whatsapp-bot/tests/e2e/external-api-integration.test.js:494:11)</failure>
    </testcase>
  </testsuite>
  <testsuite name="AstrologyEngine" errors="0" failures="1" skipped="0" timestamp="2025-10-28T17:08:47" time="2.856" tests="3">
    <testcase classname="AstrologyEngine generateAstrologyResponse should generate astrology response for valid user" name="AstrologyEngine generateAstrologyResponse should generate astrology response for valid user" time="0.002">
    </testcase>
    <testcase classname="AstrologyEngine validateBirthData should validate valid birth data" name="AstrologyEngine validateBirthData should validate valid birth data" time="0.003">
      <failure>Error: expect(received).toBe(expected) // Object.is equality

Expected: true
Received: false
    at Object.toBe (/Users/mohitmendiratta/Projects/bots/w1/astro-whatsapp-bot/tests/unit/services/astrology/astrologyEngine.test.js:30:30)
    at Promise.then.completed (/Users/mohitmendiratta/Projects/bots/w1/astro-whatsapp-bot/node_modules/jest-circus/build/utils.js:298:28)
    at new Promise (&lt;anonymous&gt;)
    at callAsyncCircusFn (/Users/mohitmendiratta/Projects/bots/w1/astro-whatsapp-bot/node_modules/jest-circus/build/utils.js:231:10)
    at _callCircusTest (/Users/mohitmendiratta/Projects/bots/w1/astro-whatsapp-bot/node_modules/jest-circus/build/run.js:316:40)
    at processTicksAndRejections (node:internal/process/task_queues:105:5)
    at _runTest (/Users/mohitmendiratta/Projects/bots/w1/astro-whatsapp-bot/node_modules/jest-circus/build/run.js:252:3)
    at _runTestsForDescribeBlock (/Users/mohitmendiratta/Projects/bots/w1/astro-whatsapp-bot/node_modules/jest-circus/build/run.js:126:9)
    at _runTestsForDescribeBlock (/Users/mohitmendiratta/Projects/bots/w1/astro-whatsapp-bot/node_modules/jest-circus/build/run.js:121:9)
    at _runTestsForDescribeBlock (/Users/mohitmendiratta/Projects/bots/w1/astro-whatsapp-bot/node_modules/jest-circus/build/run.js:121:9)
    at run (/Users/mohitmendiratta/Projects/bots/w1/astro-whatsapp-bot/node_modules/jest-circus/build/run.js:71:3)
    at runAndTransformResultsToJestFormat (/Users/mohitmendiratta/Projects/bots/w1/astro-whatsapp-bot/node_modules/jest-circus/build/legacy-code-todo-rewrite/jestAdapterInit.js:122:21)
    at jestAdapter (/Users/mohitmendiratta/Projects/bots/w1/astro-whatsapp-bot/node_modules/jest-circus/build/legacy-code-todo-rewrite/jestAdapter.js:79:19)
    at runTestInternal (/Users/mohitmendiratta/Projects/bots/w1/astro-whatsapp-bot/node_modules/jest-runner/build/runTest.js:367:16)
    at runTest (/Users/mohitmendiratta/Projects/bots/w1/astro-whatsapp-bot/node_modules/jest-runner/build/runTest.js:444:34)</failure>
    </testcase>
    <testcase classname="AstrologyEngine validateBirthData should reject invalid birth data" name="AstrologyEngine validateBirthData should reject invalid birth data" time="0.002">
    </testcase>
  </testsuite>
  <testsuite name="Logger" errors="0" failures="3" skipped="0" timestamp="2025-10-28T17:08:50" time="3.633" tests="4">
    <testcase classname="Logger Logging Methods should log info message" name="Logger Logging Methods should log info message" time="0.003">
      <failure>Error: expect(jest.fn()).toHaveBeenCalledWith(...expected)

Expected: StringContaining &quot;Test info message&quot;

Number of calls: 0
    at Object.toHaveBeenCalledWith (/Users/mohitmendiratta/Projects/bots/w1/astro-whatsapp-bot/tests/unit/utils/logger.test.js:18:26)
    at Promise.then.completed (/Users/mohitmendiratta/Projects/bots/w1/astro-whatsapp-bot/node_modules/jest-circus/build/utils.js:298:28)
    at new Promise (&lt;anonymous&gt;)
    at callAsyncCircusFn (/Users/mohitmendiratta/Projects/bots/w1/astro-whatsapp-bot/node_modules/jest-circus/build/utils.js:231:10)
    at _callCircusTest (/Users/mohitmendiratta/Projects/bots/w1/astro-whatsapp-bot/node_modules/jest-circus/build/run.js:316:40)
    at processTicksAndRejections (node:internal/process/task_queues:105:5)
    at _runTest (/Users/mohitmendiratta/Projects/bots/w1/astro-whatsapp-bot/node_modules/jest-circus/build/run.js:252:3)
    at _runTestsForDescribeBlock (/Users/mohitmendiratta/Projects/bots/w1/astro-whatsapp-bot/node_modules/jest-circus/build/run.js:126:9)
    at _runTestsForDescribeBlock (/Users/mohitmendiratta/Projects/bots/w1/astro-whatsapp-bot/node_modules/jest-circus/build/run.js:121:9)
    at _runTestsForDescribeBlock (/Users/mohitmendiratta/Projects/bots/w1/astro-whatsapp-bot/node_modules/jest-circus/build/run.js:121:9)
    at run (/Users/mohitmendiratta/Projects/bots/w1/astro-whatsapp-bot/node_modules/jest-circus/build/run.js:71:3)
    at runAndTransformResultsToJestFormat (/Users/mohitmendiratta/Projects/bots/w1/astro-whatsapp-bot/node_modules/jest-circus/build/legacy-code-todo-rewrite/jestAdapterInit.js:122:21)
    at jestAdapter (/Users/mohitmendiratta/Projects/bots/w1/astro-whatsapp-bot/node_modules/jest-circus/build/legacy-code-todo-rewrite/jestAdapter.js:79:19)
    at runTestInternal (/Users/mohitmendiratta/Projects/bots/w1/astro-whatsapp-bot/node_modules/jest-runner/build/runTest.js:367:16)
    at runTest (/Users/mohitmendiratta/Projects/bots/w1/astro-whatsapp-bot/node_modules/jest-runner/build/runTest.js:444:34)</failure>
    </testcase>
    <testcase classname="Logger Logging Methods should log error message" name="Logger Logging Methods should log error message" time="0.002">
      <failure>Error: expect(jest.fn()).toHaveBeenCalledWith(...expected)

Expected: StringContaining &quot;Test error message&quot;

Number of calls: 0
    at Object.toHaveBeenCalledWith (/Users/mohitmendiratta/Projects/bots/w1/astro-whatsapp-bot/tests/unit/utils/logger.test.js:28:26)
    at Promise.then.completed (/Users/mohitmendiratta/Projects/bots/w1/astro-whatsapp-bot/node_modules/jest-circus/build/utils.js:298:28)
    at new Promise (&lt;anonymous&gt;)
    at callAsyncCircusFn (/Users/mohitmendiratta/Projects/bots/w1/astro-whatsapp-bot/node_modules/jest-circus/build/utils.js:231:10)
    at _callCircusTest (/Users/mohitmendiratta/Projects/bots/w1/astro-whatsapp-bot/node_modules/jest-circus/build/run.js:316:40)
    at processTicksAndRejections (node:internal/process/task_queues:105:5)
    at _runTest (/Users/mohitmendiratta/Projects/bots/w1/astro-whatsapp-bot/node_modules/jest-circus/build/run.js:252:3)
    at _runTestsForDescribeBlock (/Users/mohitmendiratta/Projects/bots/w1/astro-whatsapp-bot/node_modules/jest-circus/build/run.js:126:9)
    at _runTestsForDescribeBlock (/Users/mohitmendiratta/Projects/bots/w1/astro-whatsapp-bot/node_modules/jest-circus/build/run.js:121:9)
    at _runTestsForDescribeBlock (/Users/mohitmendiratta/Projects/bots/w1/astro-whatsapp-bot/node_modules/jest-circus/build/run.js:121:9)
    at run (/Users/mohitmendiratta/Projects/bots/w1/astro-whatsapp-bot/node_modules/jest-circus/build/run.js:71:3)
    at runAndTransformResultsToJestFormat (/Users/mohitmendiratta/Projects/bots/w1/astro-whatsapp-bot/node_modules/jest-circus/build/legacy-code-todo-rewrite/jestAdapterInit.js:122:21)
    at jestAdapter (/Users/mohitmendiratta/Projects/bots/w1/astro-whatsapp-bot/node_modules/jest-circus/build/legacy-code-todo-rewrite/jestAdapter.js:79:19)
    at runTestInternal (/Users/mohitmendiratta/Projects/bots/w1/astro-whatsapp-bot/node_modules/jest-runner/build/runTest.js:367:16)
    at runTest (/Users/mohitmendiratta/Projects/bots/w1/astro-whatsapp-bot/node_modules/jest-runner/build/runTest.js:444:34)</failure>
    </testcase>
    <testcase classname="Logger Logging Methods should log warn message" name="Logger Logging Methods should log warn message" time="0.002">
      <failure>Error: expect(jest.fn()).toHaveBeenCalledWith(...expected)

Expected: StringContaining &quot;Test warn message&quot;

Number of calls: 0
    at Object.toHaveBeenCalledWith (/Users/mohitmendiratta/Projects/bots/w1/astro-whatsapp-bot/tests/unit/utils/logger.test.js:38:26)
    at Promise.then.completed (/Users/mohitmendiratta/Projects/bots/w1/astro-whatsapp-bot/node_modules/jest-circus/build/utils.js:298:28)
    at new Promise (&lt;anonymous&gt;)
    at callAsyncCircusFn (/Users/mohitmendiratta/Projects/bots/w1/astro-whatsapp-bot/node_modules/jest-circus/build/utils.js:231:10)
    at _callCircusTest (/Users/mohitmendiratta/Projects/bots/w1/astro-whatsapp-bot/node_modules/jest-circus/build/run.js:316:40)
    at processTicksAndRejections (node:internal/process/task_queues:105:5)
    at _runTest (/Users/mohitmendiratta/Projects/bots/w1/astro-whatsapp-bot/node_modules/jest-circus/build/run.js:252:3)
    at _runTestsForDescribeBlock (/Users/mohitmendiratta/Projects/bots/w1/astro-whatsapp-bot/node_modules/jest-circus/build/run.js:126:9)
    at _runTestsForDescribeBlock (/Users/mohitmendiratta/Projects/bots/w1/astro-whatsapp-bot/node_modules/jest-circus/build/run.js:121:9)
    at _runTestsForDescribeBlock (/Users/mohitmendiratta/Projects/bots/w1/astro-whatsapp-bot/node_modules/jest-circus/build/run.js:121:9)
    at run (/Users/mohitmendiratta/Projects/bots/w1/astro-whatsapp-bot/node_modules/jest-circus/build/run.js:71:3)
    at runAndTransformResultsToJestFormat (/Users/mohitmendiratta/Projects/bots/w1/astro-whatsapp-bot/node_modules/jest-circus/build/legacy-code-todo-rewrite/jestAdapterInit.js:122:21)
    at jestAdapter (/Users/mohitmendiratta/Projects/bots/w1/astro-whatsapp-bot/node_modules/jest-circus/build/legacy-code-todo-rewrite/jestAdapter.js:79:19)
    at runTestInternal (/Users/mohitmendiratta/Projects/bots/w1/astro-whatsapp-bot/node_modules/jest-runner/build/runTest.js:367:16)
    at runTest (/Users/mohitmendiratta/Projects/bots/w1/astro-whatsapp-bot/node_modules/jest-runner/build/runTest.js:444:34)</failure>
    </testcase>
    <testcase classname="Logger Logging Methods should log debug message" name="Logger Logging Methods should log debug message" time="0.002">
    </testcase>
  </testsuite>
  <testsuite name="PaymentService" errors="0" failures="4" skipped="0" timestamp="2025-10-28T17:08:54" time="2.536" tests="5">
    <testcase classname="PaymentService processPayment should process payment successfully" name="PaymentService processPayment should process payment successfully" time="0.004">
      <failure>Error: Payment processing failed
    at PaymentService.processStripePayment (/Users/mohitmendiratta/Projects/bots/w1/astro-whatsapp-bot/src/services/payment/paymentService.js:307:13)
    at PaymentService.processStripePayment [as processPayment] (/Users/mohitmendiratta/Projects/bots/w1/astro-whatsapp-bot/src/services/payment/paymentService.js:212:27)
    at Object.processPayment (/Users/mohitmendiratta/Projects/bots/w1/astro-whatsapp-bot/tests/unit/services/payment/paymentService.test.js:30:43)
    at Promise.then.completed (/Users/mohitmendiratta/Projects/bots/w1/astro-whatsapp-bot/node_modules/jest-circus/build/utils.js:298:28)
    at new Promise (&lt;anonymous&gt;)
    at callAsyncCircusFn (/Users/mohitmendiratta/Projects/bots/w1/astro-whatsapp-bot/node_modules/jest-circus/build/utils.js:231:10)
    at _callCircusTest (/Users/mohitmendiratta/Projects/bots/w1/astro-whatsapp-bot/node_modules/jest-circus/build/run.js:316:40)
    at processTicksAndRejections (node:internal/process/task_queues:105:5)
    at _runTest (/Users/mohitmendiratta/Projects/bots/w1/astro-whatsapp-bot/node_modules/jest-circus/build/run.js:252:3)
    at _runTestsForDescribeBlock (/Users/mohitmendiratta/Projects/bots/w1/astro-whatsapp-bot/node_modules/jest-circus/build/run.js:126:9)
    at _runTestsForDescribeBlock (/Users/mohitmendiratta/Projects/bots/w1/astro-whatsapp-bot/node_modules/jest-circus/build/run.js:121:9)
    at _runTestsForDescribeBlock (/Users/mohitmendiratta/Projects/bots/w1/astro-whatsapp-bot/node_modules/jest-circus/build/run.js:121:9)
    at run (/Users/mohitmendiratta/Projects/bots/w1/astro-whatsapp-bot/node_modules/jest-circus/build/run.js:71:3)
[...]
    </testcase>
  </testsuite>
  <testsuite name="InputValidator" errors="0" failures="0" skipped="0" timestamp="2025-10-28T17:14:04" time="3.418" tests="5">
    <testcase classname="InputValidator validateEmail should validate valid email" name="InputValidator validateEmail should validate valid email" time="0.003">
    </testcase>
    <testcase classname="InputValidator validateEmail should reject invalid email" name="InputValidator validateEmail should reject invalid email" time="0.002">
    </testcase>
    <testcase classname="InputValidator validatePhoneNumber should validate valid phone number" name="InputValidator validatePhoneNumber should validate valid phone number" time="0.001">
    </testcase>
    <testcase classname="InputValidator validatePhoneNumber should reject invalid phone number" name="InputValidator validatePhoneNumber should reject invalid phone number" time="0.001">
    </testcase>
    <testcase classname="InputValidator sanitizeInput should sanitize input" name="InputValidator sanitizeInput should sanitize input" time="0.002">
    </testcase>
  </testsuite>
  <testsuite name="WhatsApp Message Sender" errors="0" failures="0" skipped="0" timestamp="2025-10-28T17:14:07" time="2.385" tests="19">
    <testcase classname="WhatsApp Message Sender sendTextMessage should send text message successfully" name="WhatsApp Message Sender sendTextMessage should send text message successfully" time="0.005">
    </testcase>
    <testcase classname="WhatsApp Message Sender sendTextMessage should send text message with preview URL" name="WhatsApp Message Sender sendTextMessage should send text message with preview URL" time="0.002">
    </testcase>
    <testcase classname="WhatsApp Message Sender sendTextMessage should send text message with context" name="WhatsApp Message Sender sendTextMessage should send text message with context" time="0.003">
    </testcase>
    <testcase classname="WhatsApp Message Sender sendTextMessage should throw error when WhatsApp API credentials are not configured" name="WhatsApp Message Sender sendTextMessage should throw error when WhatsApp API credentials are not configured" time="0.04">
    </testcase>
    <testcase classname="WhatsApp Message Sender sendTextMessage should handle API error gracefully" name="WhatsApp Message Sender sendTextMessage should handle API error gracefully" time="0.004">
    </testcase>
    <testcase classname="WhatsApp Message Sender sendTextMessage should handle network error gracefully" name="WhatsApp Message Sender sendTextMessage should handle network error gracefully" time="0.003">
    </testcase>
    <testcase classname="WhatsApp Message Sender sendInteractiveButtons should send interactive buttons message successfully" name="WhatsApp Message Sender sendInteractiveButtons should send interactive buttons message successfully" time="0.004">
    </testcase>
    <testcase classname="WhatsApp Message Sender sendInteractiveButtons should send interactive buttons with header and footer" name="WhatsApp Message Sender sendInteractiveButtons should send interactive buttons with header and footer" time="0.002">
    </testcase>
    <testcase classname="WhatsApp Message Sender sendInteractiveButtons should handle missing WhatsApp API credentials" name="WhatsApp Message Sender sendInteractiveButtons should handle missing WhatsApp API credentials" time="0.003">
    </testcase>
    <testcase classname="WhatsApp Message Sender sendListMessage should send list message successfully" name="WhatsApp Message Sender sendListMessage should send list message successfully" time="0.007">
    </testcase>
    <testcase classname="WhatsApp Message Sender sendListMessage should send list message with footer" name="WhatsApp Message Sender sendListMessage should send list message with footer" time="0.004">
    </testcase>
    <testcase classname="WhatsApp Message Sender sendListMessage should handle list messages with invalid action keys in rows (would cause API error)" name="WhatsApp Message Sender sendListMessage should handle list messages with invalid action keys in rows (would cause API error)" time="0.003">
    </testcase>
    <testcase classname="WhatsApp Message Sender sendListMessage should accept valid list messages without action keys in rows" name="WhatsApp Message Sender sendListMessage should accept valid list messages without action keys in rows" time="0.003">
    </testcase>
    <testcase classname="WhatsApp Message Sender sendTemplateMessage should send template message successfully" name="WhatsApp Message Sender sendTemplateMessage should send template message successfully" time="0.003">
    </testcase>
    <testcase classname="WhatsApp Message Sender sendTemplateMessage should send template message with components" name="WhatsApp Message Sender sendTemplateMessage should send template message with components" time="0.002">
    </testcase>
    <testcase classname="WhatsApp Message Sender sendMediaMessage should send media message successfully" name="WhatsApp Message Sender sendMediaMessage should send media message successfully" time="0.004">
    </testcase>
    <testcase classname="WhatsApp Message Sender sendMediaMessage should send media message with filename" name="WhatsApp Message Sender sendMediaMessage should send media message with filename" time="0.003">
    </testcase>
    <testcase classname="WhatsApp Message Sender markMessageAsRead should mark message as read successfully" name="WhatsApp Message Sender markMessageAsRead should mark message as read successfully" time="0.003">
    </testcase>
    <testcase classname="WhatsApp Message Sender markMessageAsRead should handle missing WhatsApp API credentials" name="WhatsApp Message Sender markMessageAsRead should handle missing WhatsApp API credentials" time="0.003">
    </testcase>
  </testsuite>
  <testsuite name="ErrorHandler" errors="0" failures="0" skipped="0" timestamp="2025-10-28T17:14:10" time="3.426" tests="4">
    <testcase classname="ErrorHandler handleError should handle error and log it" name="ErrorHandler handleError should handle error and log it" time="0.003">
    </testcase>
    <testcase classname="ErrorHandler handleError should handle error without context" name="ErrorHandler handleError should handle error without context" time="0.002">
    </testcase>
    <testcase classname="ErrorHandler handleValidationError should handle validation error" name="ErrorHandler handleValidationError should handle validation error" time="0.007">
    </testcase>
    <testcase classname="ErrorHandler handleDatabaseError should handle database error" name="ErrorHandler handleDatabaseError should handle database error" time="0.002">
    </testcase>
  </testsuite>
  <testsuite name="Nadi Reader Service" errors="0" failures="0" skipped="0" timestamp="2025-10-28T17:14:13" time="2.36" tests="4">
    <testcase classname="Nadi Reader Service generateNadiReading should generate a Nadi astrology reading" name="Nadi Reader Service generateNadiReading should generate a Nadi astrology reading" time="0.004">
    </testcase>
    <testcase classname="Nadi Reader Service generateNadiReading should handle missing birth date" name="Nadi Reader Service generateNadiReading should handle missing birth date" time="0.002">
    </testcase>
    <testcase classname="Nadi Reader Service generateNadiReading should provide Dasa period calculations" name="Nadi Reader Service generateNadiReading should provide Dasa period calculations" time="0.002">
    </testcase>
    <testcase classname="Nadi Reader Service generateNadiReading should include traditional Nadi remedies" name="Nadi Reader Service generateNadiReading should include traditional Nadi remedies" time="0.001">
    </testcase>
  </testsuite>
  <testsuite name="VedicCalculator" errors="0" failures="0" skipped="0" timestamp="2025-10-28T17:14:16" time="3.176" tests="9">
    <testcase classname="VedicCalculator calculateBirthChart should calculate birth chart for valid birth data" name="VedicCalculator calculateBirthChart should calculate birth chart for valid birth data" time="0.003">
    </testcase>
    <testcase classname="VedicCalculator calculateBirthChart should handle invalid birth data gracefully" name="VedicCalculator calculateBirthChart should handle invalid birth data gracefully" time="0.02">
    </testcase>
    <testcase classname="VedicCalculator generateHoroscope should generate horoscope for valid chart" name="VedicCalculator generateHoroscope should generate horoscope for valid chart" time="0.002">
    </testcase>
    <testcase classname="VedicCalculator generateTransitPreview should generate transit preview" name="VedicCalculator generateTransitPreview should generate transit preview" time="0.003">
    </testcase>
    <testcase classname="VedicCalculator checkCompatibility should check compatibility between two charts" name="VedicCalculator checkCompatibility should check compatibility between two charts" time="0.004">
    </testcase>
    <testcase classname="VedicCalculator calculateSecondaryProgressions should calculate secondary progressions for valid birth data" name="VedicCalculator calculateSecondaryProgressions should calculate secondary progressions for valid birth data" time="0.003">
    </testcase>
    <testcase classname="VedicCalculator calculateSecondaryProgressions should handle invalid birth data gracefully" name="VedicCalculator calculateSecondaryProgressions should handle invalid birth data gracefully" time="0.002">
    </testcase>
    <testcase classname="VedicCalculator calculateSolarArcDirections should calculate solar arc directions for valid birth data" name="VedicCalculator calculateSolarArcDirections should calculate solar arc directions for valid birth data" time="0.004">
    </testcase>
    <testcase classname="VedicCalculator calculateSolarArcDirections should handle invalid birth data gracefully" name="VedicCalculator calculateSolarArcDirections should handle invalid birth data gracefully" time="0.002">
    </testcase>
  </testsuite>
  <testsuite name="WhatsApp Service" errors="0" failures="0" skipped="0" timestamp="2025-10-28T17:14:19" time="2.361" tests="7">
    <testcase classname="WhatsApp Service handleWhatsAppWebhook should return 400 for invalid webhook payload" name="WhatsApp Service handleWhatsAppWebhook should return 400 for invalid webhook payload" time="0.003">
    </testcase>
    <testcase classname="WhatsApp Service handleWhatsAppWebhook should return 200 for valid webhook payload with no entries" name="WhatsApp Service handleWhatsAppWebhook should return 200 for valid webhook payload with no entries" time="0.002">
    </testcase>
    <testcase classname="WhatsApp Service handleWhatsAppWebhook should process valid webhook with messages" name="WhatsApp Service handleWhatsAppWebhook should process valid webhook with messages" time="0.001">
    </testcase>
    <testcase classname="WhatsApp Service handleWhatsAppWebhook should handle interactive button reply messages" name="WhatsApp Service handleWhatsAppWebhook should handle interactive button reply messages" time="0.002">
    </testcase>
    <testcase classname="WhatsApp Service handleWhatsAppWebhook should handle webhook with status updates" name="WhatsApp Service handleWhatsAppWebhook should handle webhook with status updates" time="0.001">
    </testcase>
    <testcase classname="WhatsApp Service handleWhatsAppWebhook should handle error during webhook processing" name="WhatsApp Service handleWhatsAppWebhook should handle error during webhook processing" time="0.001">
    </testcase>
    <testcase classname="WhatsApp Service processIncomingMessage should process incoming messages correctly" name="WhatsApp Service processIncomingMessage should process incoming messages correctly" time="0.003">
    </testcase>
  </testsuite>
  <testsuite name="Tarot Reader Service" errors="0" failures="0" skipped="0" timestamp="2025-10-28T17:14:21" time="3.292" tests="5">
    <testcase classname="Tarot Reader Service generateTarotReading should generate a single card reading" name="Tarot Reader Service generateTarotReading should generate a single card reading" time="0.003">
    </testcase>
    <testcase classname="Tarot Reader Service generateTarotReading should generate a three-card spread reading" name="Tarot Reader Service generateTarotReading should generate a three-card spread reading" time="0.002">
    </testcase>
    <testcase classname="Tarot Reader Service generateTarotReading should generate a Celtic cross spread reading" name="Tarot Reader Service generateTarotReading should generate a Celtic cross spread reading" time="0.002">
    </testcase>
    <testcase classname="Tarot Reader Service generateTarotReading should handle invalid spread type" name="Tarot Reader Service generateTarotReading should handle invalid spread type" time="0.002">
    </testcase>
    <testcase classname="Tarot Reader Service generateTarotReading should handle user personalization" name="Tarot Reader Service generateTarotReading should handle user personalization" time="0.001">
    </testcase>
  </testsuite>
  <testsuite name="TranslationService" errors="0" failures="0" skipped="0" timestamp="2025-10-28T17:14:24" time="2.377" tests="30">
    <testcase classname="TranslationService Initialization should initialize with supported languages" name="TranslationService Initialization should initialize with supported languages" time="0.003">
    </testcase>
    <testcase classname="TranslationService Initialization should have correct language metadata" name="TranslationService Initialization should have correct language metadata" time="0.002">
    </testcase>
    <testcase classname="TranslationService getSupportedLanguages should return all supported languages" name="TranslationService getSupportedLanguages should return all supported languages" time="0.003">
    </testcase>
    <testcase classname="TranslationService detectLanguage should detect language from Indian phone numbers" name="TranslationService detectLanguage should detect language from Indian phone numbers" time="0.002">
    </testcase>
    <testcase classname="TranslationService detectLanguage should detect language from UAE phone numbers" name="TranslationService detectLanguage should detect language from UAE phone numbers" time="0.003">
    </testcase>
    <testcase classname="TranslationService detectLanguage should detect language from Saudi phone numbers" name="TranslationService detectLanguage should detect language from Saudi phone numbers" time="0.004">
    </testcase>
    <testcase classname="TranslationService detectLanguage should detect language from UK phone numbers" name="TranslationService detectLanguage should detect language from UK phone numbers" time="0.003">
    </testcase>
    <testcase classname="TranslationService detectLanguage should return default language for unknown numbers" name="TranslationService detectLanguage should return default language for unknown numbers" time="0.002">
    </testcase>
    <testcase classname="TranslationService detectLanguage should respect explicit language parameter" name="TranslationService detectLanguage should respect explicit language parameter" time="0.003">
    </testcase>
    <testcase classname="TranslationService detectLanguage should handle invalid phone numbers gracefully" name="TranslationService detectLanguage should handle invalid phone numbers gracefully" time="0.002">
    </testcase>
    <testcase classname="TranslationService loadResourceBundle should load and cache resource bundle successfully" name="TranslationService loadResourceBundle should load and cache resource bundle successfully" time="0.003">
    </testcase>
    <testcase classname="TranslationService loadResourceBundle should return cached bundle if available and not expired" name="TranslationService loadResourceBundle should return cached bundle if available and not expired" time="0.002">
    </testcase>
    <testcase classname="TranslationService loadResourceBundle should reload bundle if cache is expired" name="TranslationService loadResourceBundle should reload bundle if cache is expired" time="0.002">
    </testcase>
    <testcase classname="TranslationService loadResourceBundle should handle file read errors gracefully" name="TranslationService loadResourceBundle should handle file read errors gracefully" time="0.002">
    </testcase>
    <testcase classname="TranslationService loadResourceBundle should handle invalid JSON gracefully" name="TranslationService loadResourceBundle should handle invalid JSON gracefully" time="0.001">
    </testcase>
    <testcase classname="TranslationService translate should translate simple keys successfully" name="TranslationService translate should translate simple keys successfully" time="0.002">
    </testcase>
    <testcase classname="TranslationService translate should handle parameter interpolation" name="TranslationService translate should handle parameter interpolation" time="0.002">
    </testcase>
    <testcase classname="TranslationService translate should handle multiple parameters" name="TranslationService translate should handle multiple parameters" time="0.002">
    </testcase>
    <testcase classname="TranslationService translate should fallback to English for missing translations" name="TranslationService translate should fallback to English for missing translations" time="0.002">
    </testcase>
    <testcase classname="TranslationService translate should return key if translation not found in any language" name="TranslationService translate should return key if translation not found in any language" time="0.002">
    </testcase>
    <testcase classname="TranslationService translate should handle nested key access" name="TranslationService translate should handle nested key access" time="0.001">
    </testcase>
    <testcase classname="TranslationService translate should cache translations for performance" name="TranslationService translate should cache translations for performance" time="0.002">
    </testcase>
    <testcase classname="TranslationService translateMultiple should translate multiple keys at once" name="TranslationService translateMultiple should translate multiple keys at once" time="0.002">
    </testcase>
    <testcase classname="TranslationService hasTranslation should check if translation exists" name="TranslationService hasTranslation should check if translation exists" time="0.003">
    </testcase>
    <testcase classname="TranslationService getAvailableKeys should return all available translation keys" name="TranslationService getAvailableKeys should return all available translation keys" time="0.003">
    </testcase>
    <testcase classname="TranslationService reloadBundles should clear cache and reload bundles" name="TranslationService reloadBundles should clear cache and reload bundles" time="0.002">
    </testcase>
    <testcase classname="TranslationService Error handling should handle malformed parameters gracefully" name="TranslationService Error handling should handle malformed parameters gracefully" time="0.002">
    </testcase>
    <testcase classname="TranslationService Error handling should handle missing parameters gracefully" name="TranslationService Error handling should handle missing parameters gracefully" time="0.002">
    </testcase>
    <testcase classname="TranslationService Performance and caching should cache bundles to improve performance" name="TranslationService Performance and caching should cache bundles to improve performance" time="0.001">
    </testcase>
    <testcase classname="TranslationService Performance and caching should expire cache after configured time" name="TranslationService Performance and caching should expire cache after configured time" time="0.002">
    </testcase>
  </testsuite>
</testsuites>