<?xml version="1.0" encoding="UTF-8"?>
<testsuites name="jest tests" tests="709" failures="221" errors="0" time="450.965">
  <testsuite name="MENU NAVIGATION INTEGRATION: Complete Menu Tree Validation" errors="0" failures="125" skipped="0" timestamp="2025-10-28T20:46:32" time="89.447" tests="155">
    <testcase classname="MENU NAVIGATION INTEGRATION: Complete Menu Tree Validation Deep Menu Path Traversals (45 tests) should allow 6+ level deep navigation: Main -&gt; Western -&gt; Basic -&gt; Birth Chart" name="MENU NAVIGATION INTEGRATION: Complete Menu Tree Validation Deep Menu Path Traversals (45 tests) should allow 6+ level deep navigation: Main -&gt; Western -&gt; Basic -&gt; Birth Chart" time="2.887">
      <failure>AxiosError: Request failed with status code 401
    at settle (/Users/mohitmendiratta/Projects/bots/w1/astro-whatsapp-bot/node_modules/axios/lib/core/settle.js:19:12)
    at IncomingMessage.handleStreamEnd (/Users/mohitmendiratta/Projects/bots/w1/astro-whatsapp-bot/node_modules/axios/lib/adapters/http.js:617:11)
    at IncomingMessage.emit (node:events:520:35)
    at endReadableNT (node:internal/streams/readable:1701:12)
    at processTicksAndRejections (node:internal/process/task_queues:90:21)
    at Axios.request (/Users/mohitmendiratta/Projects/bots/w1/astro-whatsapp-bot/node_modules/axios/lib/core/Axios.js:45:41)
    at processTicksAndRejections (node:internal/process/task_queues:105:5)
    at sendTextMessage (/Users/mohitmendiratta/Projects/bots/w1/astro-whatsapp-bot/src/services/whatsapp/messageSender.js:64:22)
    at sendMessage (/Users/mohitmendiratta/Projects/bots/w1/astro-whatsapp-bot/src/services/whatsapp/messageSender.js:484:18)
    at sendErrorMessage (/Users/mohitmendiratta/Projects/bots/w1/astro-whatsapp-bot/src/services/whatsapp/messageProcessor.js:2515:3)
    at processIncomingMessage (/Users/mohitmendiratta/Projects/bots/w1/astro-whatsapp-bot/src/services/whatsapp/messageProcessor.js:249:5)
    at simulateOnboarding (/Users/mohitmendiratta/Projects/bots/w1/astro-whatsapp-bot/tests/e2e/comprehensive-test-suite/comprehensive-menu-navigation.test.js:28:5)
    at Object.&lt;anonymous&gt; (/Users/mohitmendiratta/Projects/bots/w1/astro-whatsapp-bot/tests/e2e/comprehensive-test-suite/comprehensive-menu-navigation.test.js:40:7)</failure>
    </testcase>
    <testcase classname="MENU NAVIGATION INTEGRATION: Complete Menu Tree Validation Deep Menu Path Traversals (45 tests) should allow 6+ level deep navigation: Main -&gt; Vedic -&gt; Advanced -&gt; Dasha Analysis" name="MENU NAVIGATION INTEGRATION: Complete Menu Tree Validation Deep Menu Path Traversals (45 tests) should allow 6+ level deep navigation: Main -&gt; Vedic -&gt; Advanced -&gt; Dasha Analysis" time="0.657">
      <failure>AxiosError: Request failed with status code 401
    at settle (/Users/mohitmendiratta/Projects/bots/w1/astro-whatsapp-bot/node_modules/axios/lib/core/settle.js:19:12)
    at IncomingMessage.handleStreamEnd (/Users/mohitmendiratta/Projects/bots/w1/astro-whatsapp-bot/node_modules/axios/lib/adapters/http.js:617:11)
    at IncomingMessage.emit (node:events:520:35)
    at endReadableNT (node:internal/streams/readable:1701:12)
    at processTicksAndRejections (node:internal/process/task_queues:90:21)
    at Axios.request (/Users/mohitmendiratta/Projects/bots/w1/astro-whatsapp-bot/node_modules/axios/lib/core/Axios.js:45:41)
    at processTicksAndRejections (node:internal/process/task_queues:105:5)
    at sendTextMessage (/Users/mohitmendiratta/Projects/bots/w1/astro-whatsapp-bot/src/services/whatsapp/messageSender.js:64:22)
    at sendMessage (/Users/mohitmendiratta/Projects/bots/w1/astro-whatsapp-bot/src/services/whatsapp/messageSender.js:484:18)
    at sendErrorMessage (/Users/mohitmendiratta/Projects/bots/w1/astro-whatsapp-bot/src/services/whatsapp/messageProcessor.js:2515:3)
    at processIncomingMessage (/Users/mohitmendiratta/Projects/bots/w1/astro-whatsapp-bot/src/services/whatsapp/messageProcessor.js:249:5)
    at simulateOnboarding (/Users/mohitmendiratta/Projects/bots/w1/astro-whatsapp-bot/tests/e2e/comprehensive-test-suite/comprehensive-menu-navigation.test.js:28:5)
    at Object.&lt;anonymous&gt; (/Users/mohitmendiratta/Projects/bots/w1/astro-whatsapp-bot/tests/e2e/comprehensive-test-suite/comprehensive-menu-navigation.test.js:57:7)</failure>
    </testcase>
    <testcase classname="MENU NAVIGATION INTEGRATION: Complete Menu Tree Validation Deep Menu Path Traversals (45 tests) should preserve menu state across sessions (return to last menu position)" name="MENU NAVIGATION INTEGRATION: Complete Menu Tree Validation Deep Menu Path Traversals (45 tests) should preserve menu state across sessions (return to last menu position)" time="0.644">
      <failure>AxiosError: Request failed with status code 401
    at settle (/Users/mohitmendiratta/Projects/bots/w1/astro-whatsapp-bot/node_modules/axios/lib/core/settle.js:19:12)
    at IncomingMessage.handleStreamEnd (/Users/mohitmendiratta/Projects/bots/w1/astro-whatsapp-bot/node_modules/axios/lib/adapters/http.js:617:11)
    at IncomingMessage.emit (node:events:520:35)
    at endReadableNT (node:internal/streams/readable:1701:12)
    at processTicksAndRejections (node:internal/process/task_queues:90:21)
    at Axios.request (/Users/mohitmendiratta/Projects/bots/w1/astro-whatsapp-bot/node_modules/axios/lib/core/Axios.js:45:41)
    at processTicksAndRejections (node:internal/process/task_queues:105:5)
    at sendTextMessage (/Users/mohitmendiratta/Projects/bots/w1/astro-whatsapp-bot/src/services/whatsapp/messageSender.js:64:22)
    at sendMessage (/Users/mohitmendiratta/Projects/bots/w1/astro-whatsapp-bot/src/services/whatsapp/messageSender.js:484:18)
    at sendErrorMessage (/Users/mohitmendiratta/Projects/bots/w1/astro-whatsapp-bot/src/services/whatsapp/messageProcessor.js:2515:3)
    at processIncomingMessage (/Users/mohitmendiratta/Projects/bots/w1/astro-whatsapp-bot/src/services/whatsapp/messageProcessor.js:249:5)
    at simulateOnboarding (/Users/mohitmendiratta/Projects/bots/w1/astro-whatsapp-bot/tests/e2e/comprehensive-test-suite/comprehensive-menu-navigation.test.js:28:5)
    at Object.&lt;anonymous&gt; (/Users/mohitmendiratta/Projects/bots/w1/astro-whatsapp-bot/tests/e2e/comprehensive-test-suite/comprehensive-menu-navigation.test.js:72:7)</failure>
    </testcase>
    <testcase classname="MENU NAVIGATION INTEGRATION: Complete Menu Tree Validation Deep Menu Path Traversals (45 tests) should display breadcrumb navigation for multi-level back functionality" name="MENU NAVIGATION INTEGRATION: Complete Menu Tree Validation Deep Menu Path Traversals (45 tests) should display breadcrumb navigation for multi-level back functionality" time="0.665">
      <failure>AxiosError: Request failed with status code 401
    at settle (/Users/mohitmendiratta/Projects/bots/w1/astro-whatsapp-bot/node_modules/axios/lib/core/settle.js:19:12)
    at IncomingMessage.handleStreamEnd (/Users/mohitmendiratta/Projects/bots/w1/astro-whatsapp-bot/node_modules/axios/lib/adapters/http.js:617:11)
    at IncomingMessage.emit (node:events:520:35)
    at endReadableNT (node:internal/streams/readable:1701:12)
    at processTicksAndRejections (node:internal/process/task_queues:90:21)
    at Axios.request (/Users/mohitmendiratta/Projects/bots/w1/astro-whatsapp-bot/node_modules/axios/lib/core/Axios.js:45:41)
    at processTicksAndRejections (node:internal/process/task_queues:105:5)
    at sendTextMessage (/Users/mohitmendiratta/Projects/bots/w1/astro-whatsapp-bot/src/services/whatsapp/messageSender.js:64:22)
    at sendMessage (/Users/mohitmendiratta/Projects/bots/w1/astro-whatsapp-bot/src/services/whatsapp/messageSender.js:484:18)
    at sendErrorMessage (/Users/mohitmendiratta/Projects/bots/w1/astro-whatsapp-bot/src/services/whatsapp/messageProcessor.js:2515:3)
    at processIncomingMessage (/Users/mohitmendiratta/Projects/bots/w1/astro-whatsapp-bot/src/services/whatsapp/messageProcessor.js:249:5)
    at simulateOnboarding (/Users/mohitmendiratta/Projects/bots/w1/astro-whatsapp-bot/tests/e2e/comprehensive-test-suite/comprehensive-menu-navigation.test.js:28:5)
    at Object.&lt;anonymous&gt; (/Users/mohitmendiratta/Projects/bots/w1/astro-whatsapp-bot/tests/e2e/comprehensive-test-suite/comprehensive-menu-navigation.test.js:88:7)</failure>
    </testcase>
    <testcase classname="MENU NAVIGATION INTEGRATION: Complete Menu Tree Validation Deep Menu Path Traversals (45 tests) should show premium options only for subscribed users (Subscription-tier menu differences)" name="MENU NAVIGATION INTEGRATION: Complete Menu Tree Validation Deep Menu Path Traversals (45 tests) should show premium options only for subscribed users (Subscription-tier menu differences)" time="0.827">
      <failure>AxiosError: Request failed with status code 401
    at settle (/Users/mohitmendiratta/Projects/bots/w1/astro-whatsapp-bot/node_modules/axios/lib/core/settle.js:19:12)
    at IncomingMessage.handleStreamEnd (/Users/mohitmendiratta/Projects/bots/w1/astro-whatsapp-bot/node_modules/axios/lib/adapters/http.js:617:11)
    at IncomingMessage.emit (node:events:520:35)
    at endReadableNT (node:internal/streams/readable:1701:12)
    at processTicksAndRejections (node:internal/process/task_queues:90:21)
    at Axios.request (/Users/mohitmendiratta/Projects/bots/w1/astro-whatsapp-bot/node_modules/axios/lib/core/Axios.js:45:41)
    at processTicksAndRejections (node:internal/process/task_queues:105:5)
    at sendTextMessage (/Users/mohitmendiratta/Projects/bots/w1/astro-whatsapp-bot/src/services/whatsapp/messageSender.js:64:22)
    at sendMessage (/Users/mohitmendiratta/Projects/bots/w1/astro-whatsapp-bot/src/services/whatsapp/messageSender.js:484:18)
    at sendErrorMessage (/Users/mohitmendiratta/Projects/bots/w1/astro-whatsapp-bot/src/services/whatsapp/messageProcessor.js:2515:3)
    at processIncomingMessage (/Users/mohitmendiratta/Projects/bots/w1/astro-whatsapp-bot/src/services/whatsapp/messageProcessor.js:249:5)
    at simulateOnboarding (/Users/mohitmendiratta/Projects/bots/w1/astro-whatsapp-bot/tests/e2e/comprehensive-test-suite/comprehensive-menu-navigation.test.js:28:5)
    at Object.&lt;anonymous&gt; (/Users/mohitmendiratta/Projects/bots/w1/astro-whatsapp-bot/tests/e2e/comprehensive-test-suite/comprehensive-menu-navigation.test.js:106:7)</failure>
    </testcase>
    <testcase classname="MENU NAVIGATION INTEGRATION: Complete Menu Tree Validation Deep Menu Path Traversals (45 tests) should display language-dependent menu options based on user preference" name="MENU NAVIGATION INTEGRATION: Complete Menu Tree Validation Deep Menu Path Traversals (45 tests) should display language-dependent menu options based on user preference" time="0.641">
      <failure>AxiosError: Request failed with status code 401
    at settle (/Users/mohitmendiratta/Projects/bots/w1/astro-whatsapp-bot/node_modules/axios/lib/core/settle.js:19:12)
    at IncomingMessage.handleStreamEnd (/Users/mohitmendiratta/Projects/bots/w1/astro-whatsapp-bot/node_modules/axios/lib/adapters/http.js:617:11)
    at IncomingMessage.emit (node:events:520:35)
    at endReadableNT (node:internal/streams/readable:1701:12)
    at processTicksAndRejections (node:internal/process/task_queues:90:21)
    at Axios.request (/Users/mohitmendiratta/Projects/bots/w1/astro-whatsapp-bot/node_modules/axios/lib/core/Axios.js:45:41)
    at processTicksAndRejections (node:internal/process/task_queues:105:5)
    at sendTextMessage (/Users/mohitmendiratta/Projects/bots/w1/astro-whatsapp-bot/src/services/whatsapp/messageSender.js:64:22)
    at sendMessage (/Users/mohitmendiratta/Projects/bots/w1/astro-whatsapp-bot/src/services/whatsapp/messageSender.js:484:18)
    at sendErrorMessage (/Users/mohitmendiratta/Projects/bots/w1/astro-whatsapp-bot/src/services/whatsapp/messageProcessor.js:2515:3)
    at processIncomingMessage (/Users/mohitmendiratta/Projects/bots/w1/astro-whatsapp-bot/src/services/whatsapp/messageProcessor.js:249:5)
    at simulateOnboarding (/Users/mohitmendiratta/Projects/bots/w1/astro-whatsapp-bot/tests/e2e/comprehensive-test-suite/comprehensive-menu-navigation.test.js:28:5)
    at Object.&lt;anonymous&gt; (/Users/mohitmendiratta/Projects/bots/w1/astro-whatsapp-bot/tests/e2e/comprehensive-test-suite/comprehensive-menu-navigation.test.js:125:7)</failure>
    </testcase>
    <testcase classname="MENU NAVIGATION INTEGRATION: Complete Menu Tree Validation Deep Menu Path Traversals (45 tests) should dynamically change menu options based on profile completion status" name="MENU NAVIGATION INTEGRATION: Complete Menu Tree Validation Deep Menu Path Traversals (45 tests) should dynamically change menu options based on profile completion status" time="0.627">
      <failure>AxiosError: Request failed with status code 401
    at settle (/Users/mohitmendiratta/Projects/bots/w1/astro-whatsapp-bot/node_modules/axios/lib/core/settle.js:19:12)
    at IncomingMessage.handleStreamEnd (/Users/mohitmendiratta/Projects/bots/w1/astro-whatsapp-bot/node_modules/axios/lib/adapters/http.js:617:11)
    at IncomingMessage.emit (node:events:520:35)
    at endReadableNT (node:internal/streams/readable:1701:12)
    at processTicksAndRejections (node:internal/process/task_queues:90:21)
    at Axios.request (/Users/mohitmendiratta/Projects/bots/w1/astro-whatsapp-bot/node_modules/axios/lib/core/Axios.js:45:41)
    at processTicksAndRejections (node:internal/process/task_queues:105:5)
    at sendTextMessage (/Users/mohitmendiratta/Projects/bots/w1/astro-whatsapp-bot/src/services/whatsapp/messageSender.js:64:22)
    at sendMessage (/Users/mohitmendiratta/Projects/bots/w1/astro-whatsapp-bot/src/services/whatsapp/messageSender.js:484:18)
    at sendErrorMessage (/Users/mohitmendiratta/Projects/bots/w1/astro-whatsapp-bot/src/services/whatsapp/messageProcessor.js:2515:3)
    at processIncomingMessage (/Users/mohitmendiratta/Projects/bots/w1/astro-whatsapp-bot/src/services/whatsapp/messageProcessor.js:249:5)
    at Object.&lt;anonymous&gt; (/Users/mohitmendiratta/Projects/bots/w1/astro-whatsapp-bot/tests/e2e/comprehensive-test-suite/comprehensive-menu-navigation.test.js:145:7)</failure>
    </testcase>
    <testcase classname="MENU NAVIGATION INTEGRATION: Complete Menu Tree Validation Deep Menu Path Traversals (45 tests) should prioritize frequently used menu options (Adaptive menu ordering)" name="MENU NAVIGATION INTEGRATION: Complete Menu Tree Validation Deep Menu Path Traversals (45 tests) should prioritize frequently used menu options (Adaptive menu ordering)" time="0.649">
      <failure>AxiosError: Request failed with status code 401
    at settle (/Users/mohitmendiratta/Projects/bots/w1/astro-whatsapp-bot/node_modules/axios/lib/core/settle.js:19:12)
    at IncomingMessage.handleStreamEnd (/Users/mohitmendiratta/Projects/bots/w1/astro-whatsapp-bot/node_modules/axios/lib/adapters/http.js:617:11)
    at IncomingMessage.emit (node:events:520:35)
    at endReadableNT (node:internal/streams/readable:1701:12)
    at processTicksAndRejections (node:internal/process/task_queues:90:21)
    at Axios.request (/Users/mohitmendiratta/Projects/bots/w1/astro-whatsapp-bot/node_modules/axios/lib/core/Axios.js:45:41)
    at processTicksAndRejections (node:internal/process/task_queues:105:5)
    at sendTextMessage (/Users/mohitmendiratta/Projects/bots/w1/astro-whatsapp-bot/src/services/whatsapp/messageSender.js:64:22)
    at sendMessage (/Users/mohitmendiratta/Projects/bots/w1/astro-whatsapp-bot/src/services/whatsapp/messageSender.js:484:18)
    at sendErrorMessage (/Users/mohitmendiratta/Projects/bots/w1/astro-whatsapp-bot/src/services/whatsapp/messageProcessor.js:2515:3)
    at processIncomingMessage (/Users/mohitmendiratta/Projects/bots/w1/astro-whatsapp-bot/src/services/whatsapp/messageProcessor.js:249:5)
    at simulateOnboarding (/Users/mohitmendiratta/Projects/bots/w1/astro-whatsapp-bot/tests/e2e/comprehensive-test-suite/comprehensive-menu-navigation.test.js:28:5)
    at Object.&lt;anonymous&gt; (/Users/mohitmendiratta/Projects/bots/w1/astro-whatsapp-bot/tests/e2e/comprehensive-test-suite/comprehensive-menu-navigation.test.js:165:7)</failure>
    </testcase>
    <testcase classname="MENU NAVIGATION INTEGRATION: Complete Menu Tree Validation Deep Menu Path Traversals (45 tests) should navigate to Western -&gt; Basic -&gt; Planets in Birth Chart" name="MENU NAVIGATION INTEGRATION: Complete Menu Tree Validation Deep Menu Path Traversals (45 tests) should navigate to Western -&gt; Basic -&gt; Planets in Birth Chart" time="0.652">
      <failure>AxiosError: Request failed with status code 401
    at settle (/Users/mohitmendiratta/Projects/bots/w1/astro-whatsapp-bot/node_modules/axios/lib/core/settle.js:19:12)
    at IncomingMessage.handleStreamEnd (/Users/mohitmendiratta/Projects/bots/w1/astro-whatsapp-bot/node_modules/axios/lib/adapters/http.js:617:11)
    at IncomingMessage.emit (node:events:520:35)
    at endReadableNT (node:internal/streams/readable:1701:12)
    at processTicksAndRejections (node:internal/process/task_queues:90:21)
    at Axios.request (/Users/mohitmendiratta/Projects/bots/w1/astro-whatsapp-bot/node_modules/axios/lib/core/Axios.js:45:41)
    at processTicksAndRejections (node:internal/process/task_queues:105:5)
    at sendTextMessage (/Users/mohitmendiratta/Projects/bots/w1/astro-whatsapp-bot/src/services/whatsapp/messageSender.js:64:22)
    at sendMessage (/Users/mohitmendiratta/Projects/bots/w1/astro-whatsapp-bot/src/services/whatsapp/messageSender.js:484:18)
    at sendErrorMessage (/Users/mohitmendiratta/Projects/bots/w1/astro-whatsapp-bot/src/services/whatsapp/messageProcessor.js:2515:3)
    at processIncomingMessage (/Users/mohitmendiratta/Projects/bots/w1/astro-whatsapp-bot/src/services/whatsapp/messageProcessor.js:249:5)
    at simulateOnboarding (/Users/mohitmendiratta/Projects/bots/w1/astro-whatsapp-bot/tests/e2e/comprehensive-test-suite/comprehensive-menu-navigation.test.js:28:5)
    at Object.&lt;anonymous&gt; (/Users/mohitmendiratta/Projects/bots/w1/astro-whatsapp-bot/tests/e2e/comprehensive-test-suite/comprehensive-menu-navigation.test.js:184:7)</failure>
    </testcase>
    <testcase classname="MENU NAVIGATION INTEGRATION: Complete Menu Tree Validation Deep Menu Path Traversals (45 tests) should navigate to Western -&gt; Basic -&gt; Houses in Birth Chart" name="MENU NAVIGATION INTEGRATION: Complete Menu Tree Validation Deep Menu Path Traversals (45 tests) should navigate to Western -&gt; Basic -&gt; Houses in Birth Chart" time="0.775">
      <failure>AxiosError: Request failed with status code 401
    at settle (/Users/mohitmendiratta/Projects/bots/w1/astro-whatsapp-bot/node_modules/axios/lib/core/settle.js:19:12)
    at IncomingMessage.handleStreamEnd (/Users/mohitmendiratta/Projects/bots/w1/astro-whatsapp-bot/node_modules/axios/lib/adapters/http.js:617:11)
    at IncomingMessage.emit (node:events:520:35)
    at endReadableNT (node:internal/streams/readable:1701:12)
    at processTicksAndRejections (node:internal/process/task_queues:90:21)
    at Axios.request (/Users/mohitmendiratta/Projects/bots/w1/astro-whatsapp-bot/node_modules/axios/lib/core/Axios.js:45:41)
    at processTicksAndRejections (node:internal/process/task_queues:105:5)
    at sendTextMessage (/Users/mohitmendiratta/Projects/bots/w1/astro-whatsapp-bot/src/services/whatsapp/messageSender.js:64:22)
    at sendMessage (/Users/mohitmendiratta/Projects/bots/w1/astro-whatsapp-bot/src/services/whatsapp/messageSender.js:484:18)
    at sendErrorMessage (/Users/mohitmendiratta/Projects/bots/w1/astro-whatsapp-bot/src/services/whatsapp/messageProcessor.js:2515:3)
    at processIncomingMessage (/Users/mohitmendiratta/Projects/bots/w1/astro-whatsapp-bot/src/services/whatsapp/messageProcessor.js:249:5)
    at simulateOnboarding (/Users/mohitmendiratta/Projects/bots/w1/astro-whatsapp-bot/tests/e2e/comprehensive-test-suite/comprehensive-menu-navigation.test.js:28:5)
    at Object.&lt;anonymous&gt; (/Users/mohitmendiratta/Projects/bots/w1/astro-whatsapp-bot/tests/e2e/comprehensive-test-suite/comprehensive-menu-navigation.test.js:194:7)</failure>
    </testcase>
    <testcase classname="MENU NAVIGATION INTEGRATION: Complete Menu Tree Validation Deep Menu Path Traversals (45 tests) should navigate to Western -&gt; Basic -&gt; Aspects in Birth Chart" name="MENU NAVIGATION INTEGRATION: Complete Menu Tree Validation Deep Menu Path Traversals (45 tests) should navigate to Western -&gt; Basic -&gt; Aspects in Birth Chart" time="0.632">
      <failure>AxiosError: Request failed with status code 401
    at settle (/Users/mohitmendiratta/Projects/bots/w1/astro-whatsapp-bot/node_modules/axios/lib/core/settle.js:19:12)
    at IncomingMessage.handleStreamEnd (/Users/mohitmendiratta/Projects/bots/w1/astro-whatsapp-bot/node_modules/axios/lib/adapters/http.js:617:11)
    at IncomingMessage.emit (node:events:520:35)
    at endReadableNT (node:internal/streams/readable:1701:12)
    at processTicksAndRejections (node:internal/process/task_queues:90:21)
    at Axios.request (/Users/mohitmendiratta/Projects/bots/w1/astro-whatsapp-bot/node_modules/axios/lib/core/Axios.js:45:41)
    at processTicksAndRejections (node:internal/process/task_queues:105:5)
    at sendTextMessage (/Users/mohitmendiratta/Projects/bots/w1/astro-whatsapp-bot/src/services/whatsapp/messageSender.js:64:22)
    at sendMessage (/Users/mohitmendiratta/Projects/bots/w1/astro-whatsapp-bot/src/services/whatsapp/messageSender.js:484:18)
    at sendErrorMessage (/Users/mohitmendiratta/Projects/bots/w1/astro-whatsapp-bot/src/services/whatsapp/messageProcessor.js:2515:3)
    at processIncomingMessage (/Users/mohitmendiratta/Projects/bots/w1/astro-whatsapp-bot/src/services/whatsapp/messageProcessor.js:249:5)
    at simulateOnboarding (/Users/mohitmendiratta/Projects/bots/w1/astro-whatsapp-bot/tests/e2e/comprehensive-test-suite/comprehensive-menu-navigation.test.js:28:5)
    at Object.&lt;anonymous&gt; (/Users/mohitmendiratta/Projects/bots/w1/astro-whatsapp-bot/tests/e2e/comprehensive-test-suite/comprehensive-menu-navigation.test.js:204:7)</failure>
    </testcase>
    <testcase classname="MENU NAVIGATION INTEGRATION: Complete Menu Tree Validation Deep Menu Path Traversals (45 tests) should navigate to Vedic -&gt; Advanced -&gt; Dasha -&gt; Vimshottari" name="MENU NAVIGATION INTEGRATION: Complete Menu Tree Validation Deep Menu Path Traversals (45 tests) should navigate to Vedic -&gt; Advanced -&gt; Dasha -&gt; Vimshottari" time="0.628">
      <failure>AxiosError: Request failed with status code 401
    at settle (/Users/mohitmendiratta/Projects/bots/w1/astro-whatsapp-bot/node_modules/axios/lib/core/settle.js:19:12)
    at IncomingMessage.handleStreamEnd (/Users/mohitmendiratta/Projects/bots/w1/astro-whatsapp-bot/node_modules/axios/lib/adapters/http.js:617:11)
    at IncomingMessage.emit (node:events:520:35)
    at endReadableNT (node:internal/streams/readable:1701:12)
    at processTicksAndRejections (node:internal/process/task_queues:90:21)
    at Axios.request (/Users/mohitmendiratta/Projects/bots/w1/astro-whatsapp-bot/node_modules/axios/lib/core/Axios.js:45:41)
    at processTicksAndRejections (node:internal/process/task_queues:105:5)
    at sendTextMessage (/Users/mohitmendiratta/Projects/bots/w1/astro-whatsapp-bot/src/services/whatsapp/messageSender.js:64:22)
    at sendMessage (/Users/mohitmendiratta/Projects/bots/w1/astro-whatsapp-bot/src/services/whatsapp/messageSender.js:484:18)
    at sendErrorMessage (/Users/mohitmendiratta/Projects/bots/w1/astro-whatsapp-bot/src/services/whatsapp/messageProcessor.js:2515:3)
    at processIncomingMessage (/Users/mohitmendiratta/Projects/bots/w1/astro-whatsapp-bot/src/services/whatsapp/messageProcessor.js:249:5)
    at simulateOnboarding (/Users/mohitmendiratta/Projects/bots/w1/astro-whatsapp-bot/tests/e2e/comprehensive-test-suite/comprehensive-menu-navigation.test.js:28:5)
    at Object.&lt;anonymous&gt; (/Users/mohitmendiratta/Projects/bots/w1/astro-whatsapp-bot/tests/e2e/comprehensive-test-suite/comprehensive-menu-navigation.test.js:214:7)</failure>
    </testcase>
    <testcase classname="MENU NAVIGATION INTEGRATION: Complete Menu Tree Validation Deep Menu Path Traversals (45 tests) should navigate to Vedic -&gt; Advanced -&gt; Dasha -&gt; Yogini" name="MENU NAVIGATION INTEGRATION: Complete Menu Tree Validation Deep Menu Path Traversals (45 tests) should navigate to Vedic -&gt; Advanced -&gt; Dasha -&gt; Yogini" time="0.808">
      <failure>AxiosError: Request failed with status code 401
    at settle (/Users/mohitmendiratta/Projects/bots/w1/astro-whatsapp-bot/node_modules/axios/lib/core/settle.js:19:12)
    at IncomingMessage.handleStreamEnd (/Users/mohitmendiratta/Projects/bots/w1/astro-whatsapp-bot/node_modules/axios/lib/adapters/http.js:617:11)
    at IncomingMessage.emit (node:events:520:35)
    at endReadableNT (node:internal/streams/readable:1701:12)
    at processTicksAndRejections (node:internal/process/task_queues:90:21)
    at Axios.request (/Users/mohitmendiratta/Projects/bots/w1/astro-whatsapp-bot/node_modules/axios/lib/core/Axios.js:45:41)
    at processTicksAndRejections (node:internal/process/task_queues:105:5)
    at sendTextMessage (/Users/mohitmendiratta/Projects/bots/w1/astro-whatsapp-bot/src/services/whatsapp/messageSender.js:64:22)
    at sendMessage (/Users/mohitmendiratta/Projects/bots/w1/astro-whatsapp-bot/src/services/whatsapp/messageSender.js:484:18)
    at sendErrorMessage (/Users/mohitmendiratta/Projects/bots/w1/astro-whatsapp-bot/src/services/whatsapp/messageProcessor.js:2515:3)
    at processIncomingMessage (/Users/mohitmendiratta/Projects/bots/w1/astro-whatsapp-bot/src/services/whatsapp/messageProcessor.js:249:5)
    at simulateOnboarding (/Users/mohitmendiratta/Projects/bots/w1/astro-whatsapp-bot/tests/e2e/comprehensive-test-suite/comprehensive-menu-navigation.test.js:28:5)
    at Object.&lt;anonymous&gt; (/Users/mohitmendiratta/Projects/bots/w1/astro-whatsapp-bot/tests/e2e/comprehensive-test-suite/comprehensive-menu-navigation.test.js:224:7)</failure>
    </testcase>
    <testcase classname="MENU NAVIGATION INTEGRATION: Complete Menu Tree Validation Deep Menu Path Traversals (45 tests) should navigate to Vedic -&gt; Advanced -&gt; Dasha -&gt; Char Dasha" name="MENU NAVIGATION INTEGRATION: Complete Menu Tree Validation Deep Menu Path Traversals (45 tests) should navigate to Vedic -&gt; Advanced -&gt; Dasha -&gt; Char Dasha" time="0.623">
      <failure>AxiosError: Request failed with status code 401
    at settle (/Users/mohitmendiratta/Projects/bots/w1/astro-whatsapp-bot/node_modules/axios/lib/core/settle.js:19:12)
    at IncomingMessage.handleStreamEnd (/Users/mohitmendiratta/Projects/bots/w1/astro-whatsapp-bot/node_modules/axios/lib/adapters/http.js:617:11)
    at IncomingMessage.emit (node:events:520:35)
    at endReadableNT (node:internal/streams/readable:1701:12)
    at processTicksAndRejections (node:internal/process/task_queues:90:21)
    at Axios.request (/Users/mohitmendiratta/Projects/bots/w1/astro-whatsapp-bot/node_modules/axios/lib/core/Axios.js:45:41)
    at processTicksAndRejections (node:internal/process/task_queues:105:5)
    at sendTextMessage (/Users/mohitmendiratta/Projects/bots/w1/astro-whatsapp-bot/src/services/whatsapp/messageSender.js:64:22)
    at sendMessage (/Users/mohitmendiratta/Projects/bots/w1/astro-whatsapp-bot/src/services/whatsapp/messageSender.js:484:18)
    at sendErrorMessage (/Users/mohitmendiratta/Projects/bots/w1/astro-whatsapp-bot/src/services/whatsapp/messageProcessor.js:2515:3)
    at processIncomingMessage (/Users/mohitmendiratta/Projects/bots/w1/astro-whatsapp-bot/src/services/whatsapp/messageProcessor.js:249:5)
    at simulateOnboarding (/Users/mohitmendiratta/Projects/bots/w1/astro-whatsapp-bot/tests/e2e/comprehensive-test-suite/comprehensive-menu-navigation.test.js:28:5)
    at Object.&lt;anonymous&gt; (/Users/mohitmendiratta/Projects/bots/w1/astro-whatsapp-bot/tests/e2e/comprehensive-test-suite/comprehensive-menu-navigation.test.js:234:7)</failure>
    </testcase>
    <testcase classname="MENU NAVIGATION INTEGRATION: Complete Menu Tree Validation Deep Menu Path Traversals (45 tests) should navigate to Vedic -&gt; Advanced -&gt; Dasha -&gt; Narayan Dasha" name="MENU NAVIGATION INTEGRATION: Complete Menu Tree Validation Deep Menu Path Traversals (45 tests) should navigate to Vedic -&gt; Advanced -&gt; Dasha -&gt; Narayan Dasha" time="0.706">
      <failure>AxiosError: Request failed with status code 401
    at settle (/Users/mohitmendiratta/Projects/bots/w1/astro-whatsapp-bot/node_modules/axios/lib/core/settle.js:19:12)
    at IncomingMessage.handleStreamEnd (/Users/mohitmendiratta/Projects/bots/w1/astro-whatsapp-bot/node_modules/axios/lib/adapters/http.js:617:11)
    at IncomingMessage.emit (node:events:520:35)
    at endReadableNT (node:internal/streams/readable:1701:12)
    at processTicksAndRejections (node:internal/process/task_queues:90:21)
    at Axios.request (/Users/mohitmendiratta/Projects/bots/w1/astro-whatsapp-bot/node_modules/axios/lib/core/Axios.js:45:41)
    at processTicksAndRejections (node:internal/process/task_queues:105:5)
    at sendTextMessage (/Users/mohitmendiratta/Projects/bots/w1/astro-whatsapp-bot/src/services/whatsapp/messageSender.js:64:22)
    at sendMessage (/Users/mohitmendiratta/Projects/bots/w1/astro-whatsapp-bot/src/services/whatsapp/messageSender.js:484:18)
    at sendErrorMessage (/Users/mohitmendiratta/Projects/bots/w1/astro-whatsapp-bot/src/services/whatsapp/messageProcessor.js:2515:3)
    at processIncomingMessage (/Users/mohitmendiratta/Projects/bots/w1/astro-whatsapp-bot/src/services/whatsapp/messageProcessor.js:249:5)
    at simulateOnboarding (/Users/mohitmendiratta/Projects/bots/w1/astro-whatsapp-bot/tests/e2e/comprehensive-test-suite/comprehensive-menu-navigation.test.js:28:5)
    at Object.&lt;anonymous&gt; (/Users/mohitmendiratta/Projects/bots/w1/astro-whatsapp-bot/tests/e2e/comprehensive-test-suite/comprehensive-menu-navigation.test.js:244:7)</failure>
    </testcase>
    <testcase classname="MENU NAVIGATION INTEGRATION: Complete Menu Tree Validation Deep Menu Path Traversals (45 tests) should navigate to Relationships -&gt; Family -&gt; 4-member -&gt; Parent-Child" name="MENU NAVIGATION INTEGRATION: Complete Menu Tree Validation Deep Menu Path Traversals (45 tests) should navigate to Relationships -&gt; Family -&gt; 4-member -&gt; Parent-Child" time="0.71">
      <failure>AxiosError: Request failed with status code 401
    at settle (/Users/mohitmendiratta/Projects/bots/w1/astro-whatsapp-bot/node_modules/axios/lib/core/settle.js:19:12)
    at IncomingMessage.handleStreamEnd (/Users/mohitmendiratta/Projects/bots/w1/astro-whatsapp-bot/node_modules/axios/lib/adapters/http.js:617:11)
    at IncomingMessage.emit (node:events:520:35)
    at endReadableNT (node:internal/streams/readable:1701:12)
    at processTicksAndRejections (node:internal/process/task_queues:90:21)
    at Axios.request (/Users/mohitmendiratta/Projects/bots/w1/astro-whatsapp-bot/node_modules/axios/lib/core/Axios.js:45:41)
    at processTicksAndRejections (node:internal/process/task_queues:105:5)
    at sendTextMessage (/Users/mohitmendiratta/Projects/bots/w1/astro-whatsapp-bot/src/services/whatsapp/messageSender.js:64:22)
    at sendMessage (/Users/mohitmendiratta/Projects/bots/w1/astro-whatsapp-bot/src/services/whatsapp/messageSender.js:484:18)
    at sendErrorMessage (/Users/mohitmendiratta/Projects/bots/w1/astro-whatsapp-bot/src/services/whatsapp/messageProcessor.js:2515:3)
    at processIncomingMessage (/Users/mohitmendiratta/Projects/bots/w1/astro-whatsapp-bot/src/services/whatsapp/messageProcessor.js:249:5)
    at simulateOnboarding (/Users/mohitmendiratta/Projects/bots/w1/astro-whatsapp-bot/tests/e2e/comprehensive-test-suite/comprehensive-menu-navigation.test.js:28:5)
    at Object.&lt;anonymous&gt; (/Users/mohitmendiratta/Projects/bots/w1/astro-whatsapp-bot/tests/e2e/comprehensive-test-suite/comprehensive-menu-navigation.test.js:254:7)</failure>
    </testcase>
    <testcase classname="MENU NAVIGATION INTEGRATION: Complete Menu Tree Validation Deep Menu Path Traversals (45 tests) should navigate to Relationships -&gt; Family -&gt; 4-member -&gt; Sibling" name="MENU NAVIGATION INTEGRATION: Complete Menu Tree Validation Deep Menu Path Traversals (45 tests) should navigate to Relationships -&gt; Family -&gt; 4-member -&gt; Sibling" time="0.62">
      <failure>AxiosError: Request failed with status code 401
    at settle (/Users/mohitmendiratta/Projects/bots/w1/astro-whatsapp-bot/node_modules/axios/lib/core/settle.js:19:12)
    at IncomingMessage.handleStreamEnd (/Users/mohitmendiratta/Projects/bots/w1/astro-whatsapp-bot/node_modules/axios/lib/adapters/http.js:617:11)
    at IncomingMessage.emit (node:events:520:35)
    at endReadableNT (node:internal/streams/readable:1701:12)
    at processTicksAndRejections (node:internal/process/task_queues:90:21)
    at Axios.request (/Users/mohitmendiratta/Projects/bots/w1/astro-whatsapp-bot/node_modules/axios/lib/core/Axios.js:45:41)
    at processTicksAndRejections (node:internal/process/task_queues:105:5)
    at sendTextMessage (/Users/mohitmendiratta/Projects/bots/w1/astro-whatsapp-bot/src/services/whatsapp/messageSender.js:64:22)
    at sendMessage (/Users/mohitmendiratta/Projects/bots/w1/astro-whatsapp-bot/src/services/whatsapp/messageSender.js:484:18)
    at sendErrorMessage (/Users/mohitmendiratta/Projects/bots/w1/astro-whatsapp-bot/src/services/whatsapp/messageProcessor.js:2515:3)
    at processIncomingMessage (/Users/mohitmendiratta/Projects/bots/w1/astro-whatsapp-bot/src/services/whatsapp/messageProcessor.js:249:5)
    at simulateOnboarding (/Users/mohitmendiratta/Projects/bots/w1/astro-whatsapp-bot/tests/e2e/comprehensive-test-suite/comprehensive-menu-navigation.test.js:28:5)
    at Object.&lt;anonymous&gt; (/Users/mohitmendiratta/Projects/bots/w1/astro-whatsapp-bot/tests/e2e/comprehensive-test-suite/comprehensive-menu-navigation.test.js:264:7)</failure>
    </testcase>
    <testcase classname="MENU NAVIGATION INTEGRATION: Complete Menu Tree Validation Deep Menu Path Traversals (45 tests) should navigate to Relationships -&gt; Family -&gt; 4-member -&gt; Spousal" name="MENU NAVIGATION INTEGRATION: Complete Menu Tree Validation Deep Menu Path Traversals (45 tests) should navigate to Relationships -&gt; Family -&gt; 4-member -&gt; Spousal" time="0.699">
      <failure>AxiosError: Request failed with status code 401
    at settle (/Users/mohitmendiratta/Projects/bots/w1/astro-whatsapp-bot/node_modules/axios/lib/core/settle.js:19:12)
    at IncomingMessage.handleStreamEnd (/Users/mohitmendiratta/Projects/bots/w1/astro-whatsapp-bot/node_modules/axios/lib/adapters/http.js:617:11)
    at IncomingMessage.emit (node:events:520:35)
    at endReadableNT (node:internal/streams/readable:1701:12)
    at processTicksAndRejections (node:internal/process/task_queues:90:21)
    at Axios.request (/Users/mohitmendiratta/Projects/bots/w1/astro-whatsapp-bot/node_modules/axios/lib/core/Axios.js:45:41)
    at processTicksAndRejections (node:internal/process/task_queues:105:5)
    at sendTextMessage (/Users/mohitmendiratta/Projects/bots/w1/astro-whatsapp-bot/src/services/whatsapp/messageSender.js:64:22)
    at sendMessage (/Users/mohitmendiratta/Projects/bots/w1/astro-whatsapp-bot/src/services/whatsapp/messageSender.js:484:18)
    at sendErrorMessage (/Users/mohitmendiratta/Projects/bots/w1/astro-whatsapp-bot/src/services/whatsapp/messageProcessor.js:2515:3)
    at processIncomingMessage (/Users/mohitmendiratta/Projects/bots/w1/astro-whatsapp-bot/src/services/whatsapp/messageProcessor.js:249:5)
    at simulateOnboarding (/Users/mohitmendiratta/Projects/bots/w1/astro-whatsapp-bot/tests/e2e/comprehensive-test-suite/comprehensive-menu-navigation.test.js:28:5)
    at Object.&lt;anonymous&gt; (/Users/mohitmendiratta/Projects/bots/w1/astro-whatsapp-bot/tests/e2e/comprehensive-test-suite/comprehensive-menu-navigation.test.js:274:7)</failure>
    </testcase>
    <testcase classname="MENU NAVIGATION INTEGRATION: Complete Menu Tree Validation Deep Menu Path Traversals (45 tests) should navigate to Divination -&gt; Ancient Wisdom -&gt; Hellenistic -&gt; Lots" name="MENU NAVIGATION INTEGRATION: Complete Menu Tree Validation Deep Menu Path Traversals (45 tests) should navigate to Divination -&gt; Ancient Wisdom -&gt; Hellenistic -&gt; Lots" time="0.728">
      <failure>AxiosError: Request failed with status code 401
    at settle (/Users/mohitmendiratta/Projects/bots/w1/astro-whatsapp-bot/node_modules/axios/lib/core/settle.js:19:12)
    at IncomingMessage.handleStreamEnd (/Users/mohitmendiratta/Projects/bots/w1/astro-whatsapp-bot/node_modules/axios/lib/adapters/http.js:617:11)
    at IncomingMessage.emit (node:events:520:35)
    at endReadableNT (node:internal/streams/readable:1701:12)
    at processTicksAndRejections (node:internal/process/task_queues:90:21)
    at Axios.request (/Users/mohitmendiratta/Projects/bots/w1/astro-whatsapp-bot/node_modules/axios/lib/core/Axios.js:45:41)
    at processTicksAndRejections (node:internal/process/task_queues:105:5)
    at sendTextMessage (/Users/mohitmendiratta/Projects/bots/w1/astro-whatsapp-bot/src/services/whatsapp/messageSender.js:64:22)
    at sendMessage (/Users/mohitmendiratta/Projects/bots/w1/astro-whatsapp-bot/src/services/whatsapp/messageSender.js:484:18)
    at sendErrorMessage (/Users/mohitmendiratta/Projects/bots/w1/astro-whatsapp-bot/src/services/whatsapp/messageProcessor.js:2515:3)
    at processIncomingMessage (/Users/mohitmendiratta/Projects/bots/w1/astro-whatsapp-bot/src/services/whatsapp/messageProcessor.js:249:5)
    at simulateOnboarding (/Users/mohitmendiratta/Projects/bots/w1/astro-whatsapp-bot/tests/e2e/comprehensive-test-suite/comprehensive-menu-navigation.test.js:28:5)
    at Object.&lt;anonymous&gt; (/Users/mohitmendiratta/Projects/bots/w1/astro-whatsapp-bot/tests/e2e/comprehensive-test-suite/comprehensive-menu-navigation.test.js:284:7)</failure>
    </testcase>
    <testcase classname="MENU NAVIGATION INTEGRATION: Complete Menu Tree Validation Deep Menu Path Traversals (45 tests) should navigate to Divination -&gt; Ancient Wisdom -&gt; Hellenistic -&gt; Decans" name="MENU NAVIGATION INTEGRATION: Complete Menu Tree Validation Deep Menu Path Traversals (45 tests) should navigate to Divination -&gt; Ancient Wisdom -&gt; Hellenistic -&gt; Decans" time="0.638">
      <failure>AxiosError: Request failed with status code 401
    at settle (/Users/mohitmendiratta/Projects/bots/w1/astro-whatsapp-bot/node_modules/axios/lib/core/settle.js:19:12)
    at IncomingMessage.handleStreamEnd (/Users/mohitmendiratta/Projects/bots/w1/astro-whatsapp-bot/node_modules/axios/lib/adapters/http.js:617:11)
    at IncomingMessage.emit (node:events:520:35)
    at endReadableNT (node:internal/streams/readable:1701:12)
    at processTicksAndRejections (node:internal/process/task_queues:90:21)
    at Axios.request (/Users/mohitmendiratta/Projects/bots/w1/astro-whatsapp-bot/node_modules/axios/lib/core/Axios.js:45:41)
    at processTicksAndRejections (node:internal/process/task_queues:105:5)
    at sendTextMessage (/Users/mohitmendiratta/Projects/bots/w1/astro-whatsapp-bot/src/services/whatsapp/messageSender.js:64:22)
    at sendMessage (/Users/mohitmendiratta/Projects/bots/w1/astro-whatsapp-bot/src/services/whatsapp/messageSender.js:484:18)
    at sendErrorMessage (/Users/mohitmendiratta/Projects/bots/w1/astro-whatsapp-bot/src/services/whatsapp/messageProcessor.js:2515:3)
    at processIncomingMessage (/Users/mohitmendiratta/Projects/bots/w1/astro-whatsapp-bot/src/services/whatsapp/messageProcessor.js:249:5)
    at simulateOnboarding (/Users/mohitmendiratta/Projects/bots/w1/astro-whatsapp-bot/tests/e2e/comprehensive-test-suite/comprehensive-menu-navigation.test.js:28:5)
    at Object.&lt;anonymous&gt; (/Users/mohitmendiratta/Projects/bots/w1/astro-whatsapp-bot/tests/e2e/comprehensive-test-suite/comprehensive-menu-navigation.test.js:294:7)</failure>
    </testcase>
    <testcase classname="MENU NAVIGATION INTEGRATION: Complete Menu Tree Validation Deep Menu Path Traversals (45 tests) should navigate to Divination -&gt; Ancient Wisdom -&gt; Hellenistic -&gt; Terms" name="MENU NAVIGATION INTEGRATION: Complete Menu Tree Validation Deep Menu Path Traversals (45 tests) should navigate to Divination -&gt; Ancient Wisdom -&gt; Hellenistic -&gt; Terms" time="0.789">
      <failure>AxiosError: Request failed with status code 401
    at settle (/Users/mohitmendiratta/Projects/bots/w1/astro-whatsapp-bot/node_modules/axios/lib/core/settle.js:19:12)
    at IncomingMessage.handleStreamEnd (/Users/mohitmendiratta/Projects/bots/w1/astro-whatsapp-bot/node_modules/axios/lib/adapters/http.js:617:11)
    at IncomingMessage.emit (node:events:520:35)
    at endReadableNT (node:internal/streams/readable:1701:12)
    at processTicksAndRejections (node:internal/process/task_queues:90:21)
    at Axios.request (/Users/mohitmendiratta/Projects/bots/w1/astro-whatsapp-bot/node_modules/axios/lib/core/Axios.js:45:41)
    at processTicksAndRejections (node:internal/process/task_queues:105:5)
    at sendTextMessage (/Users/mohitmendiratta/Projects/bots/w1/astro-whatsapp-bot/src/services/whatsapp/messageSender.js:64:22)
    at sendMessage (/Users/mohitmendiratta/Projects/bots/w1/astro-whatsapp-bot/src/services/whatsapp/messageSender.js:484:18)
    at sendErrorMessage (/Users/mohitmendiratta/Projects/bots/w1/astro-whatsapp-bot/src/services/whatsapp/messageProcessor.js:2515:3)
    at processIncomingMessage (/Users/mohitmendiratta/Projects/bots/w1/astro-whatsapp-bot/src/services/whatsapp/messageProcessor.js:249:5)
    at simulateOnboarding (/Users/mohitmendiratta/Projects/bots/w1/astro-whatsapp-bot/tests/e2e/comprehensive-test-suite/comprehensive-menu-navigation.test.js:28:5)
    at Object.&lt;anonymous&gt; (/Users/mohitmendiratta/Projects/bots/w1/astro-whatsapp-bot/tests/e2e/comprehensive-test-suite/comprehensive-menu-navigation.test.js:304:7)</failure>
    </testcase>
    <testcase classname="MENU NAVIGATION INTEGRATION: Complete Menu Tree Validation Deep Menu Path Traversals (45 tests) should navigate to Divination -&gt; Ancient Wisdom -&gt; Hellenistic -&gt; Triplicities" name="MENU NAVIGATION INTEGRATION: Complete Menu Tree Validation Deep Menu Path Traversals (45 tests) should navigate to Divination -&gt; Ancient Wisdom -&gt; Hellenistic -&gt; Triplicities" time="0.631">
      <failure>AxiosError: Request failed with status code 401
    at settle (/Users/mohitmendiratta/Projects/bots/w1/astro-whatsapp-bot/node_modules/axios/lib/core/settle.js:19:12)
    at IncomingMessage.handleStreamEnd (/Users/mohitmendiratta/Projects/bots/w1/astro-whatsapp-bot/node_modules/axios/lib/adapters/http.js:617:11)
    at IncomingMessage.emit (node:events:520:35)
    at endReadableNT (node:internal/streams/readable:1701:12)
    at processTicksAndRejections (node:internal/process/task_queues:90:21)
    at Axios.request (/Users/mohitmendiratta/Projects/bots/w1/astro-whatsapp-bot/node_modules/axios/lib/core/Axios.js:45:41)
    at processTicksAndRejections (node:internal/process/task_queues:105:5)
    at sendTextMessage (/Users/mohitmendiratta/Projects/bots/w1/astro-whatsapp-bot/src/services/whatsapp/messageSender.js:64:22)
    at sendMessage (/Users/mohitmendiratta/Projects/bots/w1/astro-whatsapp-bot/src/services/whatsapp/messageSender.js:484:18)
    at sendErrorMessage (/Users/mohitmendiratta/Projects/bots/w1/astro-whatsapp-bot/src/services/whatsapp/messageProcessor.js:2515:3)
    at processIncomingMessage (/Users/mohitmendiratta/Projects/bots/w1/astro-whatsapp-bot/src/services/whatsapp/messageProcessor.js:249:5)
    at simulateOnboarding (/Users/mohitmendiratta/Projects/bots/w1/astro-whatsapp-bot/tests/e2e/comprehensive-test-suite/comprehensive-menu-navigation.test.js:28:5)
    at Object.&lt;anonymous&gt; (/Users/mohitmendiratta/Projects/bots/w1/astro-whatsapp-bot/tests/e2e/comprehensive-test-suite/comprehensive-menu-navigation.test.js:314:7)</failure>
    </testcase>
    <testcase classname="MENU NAVIGATION INTEGRATION: Complete Menu Tree Validation Deep Menu Path Traversals (45 tests) should navigate to Divination -&gt; Ancient Wisdom -&gt; Hellenistic -&gt; Planetary Hours" name="MENU NAVIGATION INTEGRATION: Complete Menu Tree Validation Deep Menu Path Traversals (45 tests) should navigate to Divination -&gt; Ancient Wisdom -&gt; Hellenistic -&gt; Planetary Hours" time="0.61">
      <failure>AxiosError: Request failed with status code 401
    at settle (/Users/mohitmendiratta/Projects/bots/w1/astro-whatsapp-bot/node_modules/axios/lib/core/settle.js:19:12)
    at IncomingMessage.handleStreamEnd (/Users/mohitmendiratta/Projects/bots/w1/astro-whatsapp-bot/node_modules/axios/lib/adapters/http.js:617:11)
    at IncomingMessage.emit (node:events:520:35)
    at endReadableNT (node:internal/streams/readable:1701:12)
    at processTicksAndRejections (node:internal/process/task_queues:90:21)
    at Axios.request (/Users/mohitmendiratta/Projects/bots/w1/astro-whatsapp-bot/node_modules/axios/lib/core/Axios.js:45:41)
    at processTicksAndRejections (node:internal/process/task_queues:105:5)
    at sendTextMessage (/Users/mohitmendiratta/Projects/bots/w1/astro-whatsapp-bot/src/services/whatsapp/messageSender.js:64:22)
    at sendMessage (/Users/mohitmendiratta/Projects/bots/w1/astro-whatsapp-bot/src/services/whatsapp/messageSender.js:484:18)
    at sendErrorMessage (/Users/mohitmendiratta/Projects/bots/w1/astro-whatsapp-bot/src/services/whatsapp/messageProcessor.js:2515:3)
    at processIncomingMessage (/Users/mohitmendiratta/Projects/bots/w1/astro-whatsapp-bot/src/services/whatsapp/messageProcessor.js:249:5)
    at simulateOnboarding (/Users/mohitmendiratta/Projects/bots/w1/astro-whatsapp-bot/tests/e2e/comprehensive-test-suite/comprehensive-menu-navigation.test.js:28:5)
    at Object.&lt;anonymous&gt; (/Users/mohitmendiratta/Projects/bots/w1/astro-whatsapp-bot/tests/e2e/comprehensive-test-suite/comprehensive-menu-navigation.test.js:324:7)</failure>
    </testcase>
    <testcase classname="MENU NAVIGATION INTEGRATION: Complete Menu Tree Validation Deep Menu Path Traversals (45 tests) should allow saving quick access bookmarks to favorite menu shortcuts" name="MENU NAVIGATION INTEGRATION: Complete Menu Tree Validation Deep Menu Path Traversals (45 tests) should allow saving quick access bookmarks to favorite menu shortcuts" time="0.695">
      <failure>AxiosError: Request failed with status code 401
    at settle (/Users/mohitmendiratta/Projects/bots/w1/astro-whatsapp-bot/node_modules/axios/lib/core/settle.js:19:12)
    at IncomingMessage.handleStreamEnd (/Users/mohitmendiratta/Projects/bots/w1/astro-whatsapp-bot/node_modules/axios/lib/adapters/http.js:617:11)
    at IncomingMessage.emit (node:events:520:35)
    at endReadableNT (node:internal/streams/readable:1701:12)
    at processTicksAndRejections (node:internal/process/task_queues:90:21)
    at Axios.request (/Users/mohitmendiratta/Projects/bots/w1/astro-whatsapp-bot/node_modules/axios/lib/core/Axios.js:45:41)
    at processTicksAndRejections (node:internal/process/task_queues:105:5)
    at sendTextMessage (/Users/mohitmendiratta/Projects/bots/w1/astro-whatsapp-bot/src/services/whatsapp/messageSender.js:64:22)
    at sendMessage (/Users/mohitmendiratta/Projects/bots/w1/astro-whatsapp-bot/src/services/whatsapp/messageSender.js:484:18)
    at sendErrorMessage (/Users/mohitmendiratta/Projects/bots/w1/astro-whatsapp-bot/src/services/whatsapp/messageProcessor.js:2515:3)
    at processIncomingMessage (/Users/mohitmendiratta/Projects/bots/w1/astro-whatsapp-bot/src/services/whatsapp/messageProcessor.js:249:5)
    at simulateOnboarding (/Users/mohitmendiratta/Projects/bots/w1/astro-whatsapp-bot/tests/e2e/comprehensive-test-suite/comprehensive-menu-navigation.test.js:28:5)
    at Object.&lt;anonymous&gt; (/Users/mohitmendiratta/Projects/bots/w1/astro-whatsapp-bot/tests/e2e/comprehensive-test-suite/comprehensive-menu-navigation.test.js:334:7)</failure>
    </testcase>
    <testcase classname="MENU NAVIGATION INTEGRATION: Complete Menu Tree Validation Deep Menu Path Traversals (45 tests) should recall recent path memory for frequently used shortcuts" name="MENU NAVIGATION INTEGRATION: Complete Menu Tree Validation Deep Menu Path Traversals (45 tests) should recall recent path memory for frequently used shortcuts" time="0.725">
      <failure>AxiosError: Request failed with status code 401
    at settle (/Users/mohitmendiratta/Projects/bots/w1/astro-whatsapp-bot/node_modules/axios/lib/core/settle.js:19:12)
    at IncomingMessage.handleStreamEnd (/Users/mohitmendiratta/Projects/bots/w1/astro-whatsapp-bot/node_modules/axios/lib/adapters/http.js:617:11)
    at IncomingMessage.emit (node:events:520:35)
    at endReadableNT (node:internal/streams/readable:1701:12)
    at processTicksAndRejections (node:internal/process/task_queues:90:21)
    at Axios.request (/Users/mohitmendiratta/Projects/bots/w1/astro-whatsapp-bot/node_modules/axios/lib/core/Axios.js:45:41)
    at processTicksAndRejections (node:internal/process/task_queues:105:5)
    at sendTextMessage (/Users/mohitmendiratta/Projects/bots/w1/astro-whatsapp-bot/src/services/whatsapp/messageSender.js:64:22)
    at sendMessage (/Users/mohitmendiratta/Projects/bots/w1/astro-whatsapp-bot/src/services/whatsapp/messageSender.js:484:18)
    at sendErrorMessage (/Users/mohitmendiratta/Projects/bots/w1/astro-whatsapp-bot/src/services/whatsapp/messageProcessor.js:2515:3)
    at processIncomingMessage (/Users/mohitmendiratta/Projects/bots/w1/astro-whatsapp-bot/src/services/whatsapp/messageProcessor.js:249:5)
    at simulateOnboarding (/Users/mohitmendiratta/Projects/bots/w1/astro-whatsapp-bot/tests/e2e/comprehensive-test-suite/comprehensive-menu-navigation.test.js:28:5)
    at Object.&lt;anonymous&gt; (/Users/mohitmendiratta/Projects/bots/w1/astro-whatsapp-bot/tests/e2e/comprehensive-test-suite/comprehensive-menu-navigation.test.js:343:7)</failure>
    </testcase>
    <testcase classname="MENU NAVIGATION INTEGRATION: Complete Menu Tree Validation Deep Menu Path Traversals (45 tests) should list available shortcuts from recent path memory" name="MENU NAVIGATION INTEGRATION: Complete Menu Tree Validation Deep Menu Path Traversals (45 tests) should list available shortcuts from recent path memory" time="0.633">
      <failure>AxiosError: Request failed with status code 401
    at settle (/Users/mohitmendiratta/Projects/bots/w1/astro-whatsapp-bot/node_modules/axios/lib/core/settle.js:19:12)
    at IncomingMessage.handleStreamEnd (/Users/mohitmendiratta/Projects/bots/w1/astro-whatsapp-bot/node_modules/axios/lib/adapters/http.js:617:11)
    at IncomingMessage.emit (node:events:520:35)
    at endReadableNT (node:internal/streams/readable:1701:12)
    at processTicksAndRejections (node:internal/process/task_queues:90:21)
    at Axios.request (/Users/mohitmendiratta/Projects/bots/w1/astro-whatsapp-bot/node_modules/axios/lib/core/Axios.js:45:41)
    at processTicksAndRejections (node:internal/process/task_queues:105:5)
    at sendTextMessage (/Users/mohitmendiratta/Projects/bots/w1/astro-whatsapp-bot/src/services/whatsapp/messageSender.js:64:22)
    at sendMessage (/Users/mohitmendiratta/Projects/bots/w1/astro-whatsapp-bot/src/services/whatsapp/messageSender.js:484:18)
    at sendErrorMessage (/Users/mohitmendiratta/Projects/bots/w1/astro-whatsapp-bot/src/services/whatsapp/messageProcessor.js:2515:3)
    at processIncomingMessage (/Users/mohitmendiratta/Projects/bots/w1/astro-whatsapp-bot/src/services/whatsapp/messageProcessor.js:249:5)
    at simulateOnboarding (/Users/mohitmendiratta/Projects/bots/w1/astro-whatsapp-bot/tests/e2e/comprehensive-test-suite/comprehensive-menu-navigation.test.js:28:5)
    at Object.&lt;anonymous&gt; (/Users/mohitmendiratta/Projects/bots/w1/astro-whatsapp-bot/tests/e2e/comprehensive-test-suite/comprehensive-menu-navigation.test.js:353:7)</failure>
    </testcase>
    <testcase classname="MENU NAVIGATION INTEGRATION: Complete Menu Tree Validation Deep Menu Path Traversals (45 tests) should correctly restore state after network interruption mid-navigation" name="MENU NAVIGATION INTEGRATION: Complete Menu Tree Validation Deep Menu Path Traversals (45 tests) should correctly restore state after network interruption mid-navigation" time="0.628">
      <failure>AxiosError: Request failed with status code 401
    at settle (/Users/mohitmendiratta/Projects/bots/w1/astro-whatsapp-bot/node_modules/axios/lib/core/settle.js:19:12)
    at IncomingMessage.handleStreamEnd (/Users/mohitmendiratta/Projects/bots/w1/astro-whatsapp-bot/node_modules/axios/lib/adapters/http.js:617:11)
    at IncomingMessage.emit (node:events:520:35)
    at endReadableNT (node:internal/streams/readable:1701:12)
    at processTicksAndRejections (node:internal/process/task_queues:90:21)
    at Axios.request (/Users/mohitmendiratta/Projects/bots/w1/astro-whatsapp-bot/node_modules/axios/lib/core/Axios.js:45:41)
    at processTicksAndRejections (node:internal/process/task_queues:105:5)
    at sendTextMessage (/Users/mohitmendiratta/Projects/bots/w1/astro-whatsapp-bot/src/services/whatsapp/messageSender.js:64:22)
    at sendMessage (/Users/mohitmendiratta/Projects/bots/w1/astro-whatsapp-bot/src/services/whatsapp/messageSender.js:484:18)
    at sendErrorMessage (/Users/mohitmendiratta/Projects/bots/w1/astro-whatsapp-bot/src/services/whatsapp/messageProcessor.js:2515:3)
    at processIncomingMessage (/Users/mohitmendiratta/Projects/bots/w1/astro-whatsapp-bot/src/services/whatsapp/messageProcessor.js:249:5)
    at simulateOnboarding (/Users/mohitmendiratta/Projects/bots/w1/astro-whatsapp-bot/tests/e2e/comprehensive-test-suite/comprehensive-menu-navigation.test.js:28:5)
    at Object.&lt;anonymous&gt; (/Users/mohitmendiratta/Projects/bots/w1/astro-whatsapp-bot/tests/e2e/comprehensive-test-suite/comprehensive-menu-navigation.test.js:364:7)</failure>
    </testcase>
    <testcase classname="MENU NAVIGATION INTEGRATION: Complete Menu Tree Validation Deep Menu Path Traversals (45 tests) should allow user to jump to a bookmarked menu item" name="MENU NAVIGATION INTEGRATION: Complete Menu Tree Validation Deep Menu Path Traversals (45 tests) should allow user to jump to a bookmarked menu item" time="0.62">
      <failure>AxiosError: Request failed with status code 401
    at settle (/Users/mohitmendiratta/Projects/bots/w1/astro-whatsapp-bot/node_modules/axios/lib/core/settle.js:19:12)
    at IncomingMessage.handleStreamEnd (/Users/mohitmendiratta/Projects/bots/w1/astro-whatsapp-bot/node_modules/axios/lib/adapters/http.js:617:11)
    at IncomingMessage.emit (node:events:520:35)
    at endReadableNT (node:internal/streams/readable:1701:12)
    at processTicksAndRejections (node:internal/process/task_queues:90:21)
    at Axios.request (/Users/mohitmendiratta/Projects/bots/w1/astro-whatsapp-bot/node_modules/axios/lib/core/Axios.js:45:41)
    at processTicksAndRejections (node:internal/process/task_queues:105:5)
    at sendTextMessage (/Users/mohitmendiratta/Projects/bots/w1/astro-whatsapp-bot/src/services/whatsapp/messageSender.js:64:22)
    at sendMessage (/Users/mohitmendiratta/Projects/bots/w1/astro-whatsapp-bot/src/services/whatsapp/messageSender.js:484:18)
    at sendErrorMessage (/Users/mohitmendiratta/Projects/bots/w1/astro-whatsapp-bot/src/services/whatsapp/messageProcessor.js:2515:3)
    at processIncomingMessage (/Users/mohitmendiratta/Projects/bots/w1/astro-whatsapp-bot/src/services/whatsapp/messageProcessor.js:249:5)
    at simulateOnboarding (/Users/mohitmendiratta/Projects/bots/w1/astro-whatsapp-bot/tests/e2e/comprehensive-test-suite/comprehensive-menu-navigation.test.js:28:5)
    at Object.&lt;anonymous&gt; (/Users/mohitmendiratta/Projects/bots/w1/astro-whatsapp-bot/tests/e2e/comprehensive-test-suite/comprehensive-menu-navigation.test.js:374:7)</failure>
    </testcase>
    <testcase classname="MENU NAVIGATION INTEGRATION: Complete Menu Tree Validation Deep Menu Path Traversals (45 tests) should clear recent path memory upon user explicit clear command" name="MENU NAVIGATION INTEGRATION: Complete Menu Tree Validation Deep Menu Path Traversals (45 tests) should clear recent path memory upon user explicit clear command" time="0.649">
      <failure>AxiosError: Request failed with status code 401
    at settle (/Users/mohitmendiratta/Projects/bots/w1/astro-whatsapp-bot/node_modules/axios/lib/core/settle.js:19:12)
    at IncomingMessage.handleStreamEnd (/Users/mohitmendiratta/Projects/bots/w1/astro-whatsapp-bot/node_modules/axios/lib/adapters/http.js:617:11)
    at IncomingMessage.emit (node:events:520:35)
    at endReadableNT (node:internal/streams/readable:1701:12)
    at processTicksAndRejections (node:internal/process/task_queues:90:21)
    at Axios.request (/Users/mohitmendiratta/Projects/bots/w1/astro-whatsapp-bot/node_modules/axios/lib/core/Axios.js:45:41)
    at processTicksAndRejections (node:internal/process/task_queues:105:5)
    at sendTextMessage (/Users/mohitmendiratta/Projects/bots/w1/astro-whatsapp-bot/src/services/whatsapp/messageSender.js:64:22)
    at sendMessage (/Users/mohitmendiratta/Projects/bots/w1/astro-whatsapp-bot/src/services/whatsapp/messageSender.js:484:18)
    at sendErrorMessage (/Users/mohitmendiratta/Projects/bots/w1/astro-whatsapp-bot/src/services/whatsapp/messageProcessor.js:2515:3)
    at processIncomingMessage (/Users/mohitmendiratta/Projects/bots/w1/astro-whatsapp-bot/src/services/whatsapp/messageProcessor.js:249:5)
    at simulateOnboarding (/Users/mohitmendiratta/Projects/bots/w1/astro-whatsapp-bot/tests/e2e/comprehensive-test-suite/comprehensive-menu-navigation.test.js:28:5)
    at Object.&lt;anonymous&gt; (/Users/mohitmendiratta/Projects/bots/w1/astro-whatsapp-bot/tests/e2e/comprehensive-test-suite/comprehensive-menu-navigation.test.js:385:7)</failure>
    </testcase>
    <testcase classname="MENU NAVIGATION INTEGRATION: Complete Menu Tree Validation Deep Menu Path Traversals (45 tests) should display exclusive premium options for Gold tier subscribers" name="MENU NAVIGATION INTEGRATION: Complete Menu Tree Validation Deep Menu Path Traversals (45 tests) should display exclusive premium options for Gold tier subscribers" time="0.731">
      <failure>AxiosError: Request failed with status code 401
    at settle (/Users/mohitmendiratta/Projects/bots/w1/astro-whatsapp-bot/node_modules/axios/lib/core/settle.js:19:12)
    at IncomingMessage.handleStreamEnd (/Users/mohitmendiratta/Projects/bots/w1/astro-whatsapp-bot/node_modules/axios/lib/adapters/http.js:617:11)
    at IncomingMessage.emit (node:events:520:35)
    at endReadableNT (node:internal/streams/readable:1701:12)
    at processTicksAndRejections (node:internal/process/task_queues:90:21)
    at Axios.request (/Users/mohitmendiratta/Projects/bots/w1/astro-whatsapp-bot/node_modules/axios/lib/core/Axios.js:45:41)
    at processTicksAndRejections (node:internal/process/task_queues:105:5)
    at sendTextMessage (/Users/mohitmendiratta/Projects/bots/w1/astro-whatsapp-bot/src/services/whatsapp/messageSender.js:64:22)
    at sendMessage (/Users/mohitmendiratta/Projects/bots/w1/astro-whatsapp-bot/src/services/whatsapp/messageSender.js:484:18)
    at sendErrorMessage (/Users/mohitmendiratta/Projects/bots/w1/astro-whatsapp-bot/src/services/whatsapp/messageProcessor.js:2515:3)
    at processIncomingMessage (/Users/mohitmendiratta/Projects/bots/w1/astro-whatsapp-bot/src/services/whatsapp/messageProcessor.js:249:5)
    at simulateOnboarding (/Users/mohitmendiratta/Projects/bots/w1/astro-whatsapp-bot/tests/e2e/comprehensive-test-suite/comprehensive-menu-navigation.test.js:28:5)
    at Object.&lt;anonymous&gt; (/Users/mohitmendiratta/Projects/bots/w1/astro-whatsapp-bot/tests/e2e/comprehensive-test-suite/comprehensive-menu-navigation.test.js:395:7)</failure>
    </testcase>
    <testcase classname="MENU NAVIGATION INTEGRATION: Complete Menu Tree Validation Deep Menu Path Traversals (45 tests) should display exclusive premium options for Platinum tier subscribers" name="MENU NAVIGATION INTEGRATION: Complete Menu Tree Validation Deep Menu Path Traversals (45 tests) should display exclusive premium options for Platinum tier subscribers" time="0.929">
      <failure>AxiosError: Request failed with status code 401
    at settle (/Users/mohitmendiratta/Projects/bots/w1/astro-whatsapp-bot/node_modules/axios/lib/core/settle.js:19:12)
    at IncomingMessage.handleStreamEnd (/Users/mohitmendiratta/Projects/bots/w1/astro-whatsapp-bot/node_modules/axios/lib/adapters/http.js:617:11)
    at IncomingMessage.emit (node:events:520:35)
    at endReadableNT (node:internal/streams/readable:1701:12)
    at processTicksAndRejections (node:internal/process/task_queues:90:21)
    at Axios.request (/Users/mohitmendiratta/Projects/bots/w1/astro-whatsapp-bot/node_modules/axios/lib/core/Axios.js:45:41)
    at processTicksAndRejections (node:internal/process/task_queues:105:5)
    at sendTextMessage (/Users/mohitmendiratta/Projects/bots/w1/astro-whatsapp-bot/src/services/whatsapp/messageSender.js:64:22)
    at sendMessage (/Users/mohitmendiratta/Projects/bots/w1/astro-whatsapp-bot/src/services/whatsapp/messageSender.js:484:18)
    at sendErrorMessage (/Users/mohitmendiratta/Projects/bots/w1/astro-whatsapp-bot/src/services/whatsapp/messageProcessor.js:2515:3)
    at processIncomingMessage (/Users/mohitmendiratta/Projects/bots/w1/astro-whatsapp-bot/src/services/whatsapp/messageProcessor.js:249:5)
    at simulateOnboarding (/Users/mohitmendiratta/Projects/bots/w1/astro-whatsapp-bot/tests/e2e/comprehensive-test-suite/comprehensive-menu-navigation.test.js:28:5)
    at Object.&lt;anonymous&gt; (/Users/mohitmendiratta/Projects/bots/w1/astro-whatsapp-bot/tests/e2e/comprehensive-test-suite/comprehensive-menu-navigation.test.js:404:7)</failure>
    </testcase>
    <testcase classname="MENU NAVIGATION INTEGRATION: Complete Menu Tree Validation Deep Menu Path Traversals (45 tests) should prompt for missing birth time before showing advanced astrological options" name="MENU NAVIGATION INTEGRATION: Complete Menu Tree Validation Deep Menu Path Traversals (45 tests) should prompt for missing birth time before showing advanced astrological options" time="0.698">
      <failure>AxiosError: Request failed with status code 401
    at settle (/Users/mohitmendiratta/Projects/bots/w1/astro-whatsapp-bot/node_modules/axios/lib/core/settle.js:19:12)
    at IncomingMessage.handleStreamEnd (/Users/mohitmendiratta/Projects/bots/w1/astro-whatsapp-bot/node_modules/axios/lib/adapters/http.js:617:11)
    at IncomingMessage.emit (node:events:520:35)
    at endReadableNT (node:internal/streams/readable:1701:12)
    at processTicksAndRejections (node:internal/process/task_queues:90:21)
    at Axios.request (/Users/mohitmendiratta/Projects/bots/w1/astro-whatsapp-bot/node_modules/axios/lib/core/Axios.js:45:41)
    at processTicksAndRejections (node:internal/process/task_queues:105:5)
    at sendTextMessage (/Users/mohitmendiratta/Projects/bots/w1/astro-whatsapp-bot/src/services/whatsapp/messageSender.js:64:22)
    at sendMessage (/Users/mohitmendiratta/Projects/bots/w1/astro-whatsapp-bot/src/services/whatsapp/messageSender.js:484:18)
    at sendErrorMessage (/Users/mohitmendiratta/Projects/bots/w1/astro-whatsapp-bot/src/services/whatsapp/messageProcessor.js:2515:3)
    at processIncomingMessage (/Users/mohitmendiratta/Projects/bots/w1/astro-whatsapp-bot/src/services/whatsapp/messageProcessor.js:249:5)
    at Object.&lt;anonymous&gt; (/Users/mohitmendiratta/Projects/bots/w1/astro-whatsapp-bot/tests/e2e/comprehensive-test-suite/comprehensive-menu-navigation.test.js:413:7)</failure>
    </testcase>
    <testcase classname="MENU NAVIGATION INTEGRATION: Complete Menu Tree Validation Deep Menu Path Traversals (45 tests) should prompt for missing birth place before showing location-based astrological options" name="MENU NAVIGATION INTEGRATION: Complete Menu Tree Validation Deep Menu Path Traversals (45 tests) should prompt for missing birth place before showing location-based astrological options" time="0.731">
      <failure>AxiosError: Request failed with status code 401
    at settle (/Users/mohitmendiratta/Projects/bots/w1/astro-whatsapp-bot/node_modules/axios/lib/core/settle.js:19:12)
    at IncomingMessage.handleStreamEnd (/Users/mohitmendiratta/Projects/bots/w1/astro-whatsapp-bot/node_modules/axios/lib/adapters/http.js:617:11)
    at IncomingMessage.emit (node:events:520:35)
    at endReadableNT (node:internal/streams/readable:1701:12)
    at processTicksAndRejections (node:internal/process/task_queues:90:21)
    at Axios.request (/Users/mohitmendiratta/Projects/bots/w1/astro-whatsapp-bot/node_modules/axios/lib/core/Axios.js:45:41)
    at processTicksAndRejections (node:internal/process/task_queues:105:5)
    at sendTextMessage (/Users/mohitmendiratta/Projects/bots/w1/astro-whatsapp-bot/src/services/whatsapp/messageSender.js:64:22)
    at sendMessage (/Users/mohitmendiratta/Projects/bots/w1/astro-whatsapp-bot/src/services/whatsapp/messageSender.js:484:18)
    at sendErrorMessage (/Users/mohitmendiratta/Projects/bots/w1/astro-whatsapp-bot/src/services/whatsapp/messageProcessor.js:2515:3)
    at processIncomingMessage (/Users/mohitmendiratta/Projects/bots/w1/astro-whatsapp-bot/src/services/whatsapp/messageProcessor.js:249:5)
    at Object.&lt;anonymous&gt; (/Users/mohitmendiratta/Projects/bots/w1/astro-whatsapp-bot/tests/e2e/comprehensive-test-suite/comprehensive-menu-navigation.test.js:426:7)</failure>
    </testcase>
    <testcase classname="MENU NAVIGATION INTEGRATION: Complete Menu Tree Validation Deep Menu Path Traversals (45 tests) should not show &apos;Complete Profile&apos; after full profile completion" name="MENU NAVIGATION INTEGRATION: Complete Menu Tree Validation Deep Menu Path Traversals (45 tests) should not show &apos;Complete Profile&apos; after full profile completion" time="0.625">
      <failure>AxiosError: Request failed with status code 401
    at settle (/Users/mohitmendiratta/Projects/bots/w1/astro-whatsapp-bot/node_modules/axios/lib/core/settle.js:19:12)
    at IncomingMessage.handleStreamEnd (/Users/mohitmendiratta/Projects/bots/w1/astro-whatsapp-bot/node_modules/axios/lib/adapters/http.js:617:11)
    at IncomingMessage.emit (node:events:520:35)
    at endReadableNT (node:internal/streams/readable:1701:12)
    at processTicksAndRejections (node:internal/process/task_queues:90:21)
    at Axios.request (/Users/mohitmendiratta/Projects/bots/w1/astro-whatsapp-bot/node_modules/axios/lib/core/Axios.js:45:41)
    at processTicksAndRejections (node:internal/process/task_queues:105:5)
    at sendTextMessage (/Users/mohitmendiratta/Projects/bots/w1/astro-whatsapp-bot/src/services/whatsapp/messageSender.js:64:22)
    at sendMessage (/Users/mohitmendiratta/Projects/bots/w1/astro-whatsapp-bot/src/services/whatsapp/messageSender.js:484:18)
    at sendErrorMessage (/Users/mohitmendiratta/Projects/bots/w1/astro-whatsapp-bot/src/services/whatsapp/messageProcessor.js:2515:3)
    at processIncomingMessage (/Users/mohitmendiratta/Projects/bots/w1/astro-whatsapp-bot/src/services/whatsapp/messageProcessor.js:249:5)
    at simulateOnboarding (/Users/mohitmendiratta/Projects/bots/w1/astro-whatsapp-bot/tests/e2e/comprehensive-test-suite/comprehensive-menu-navigation.test.js:28:5)
    at Object.&lt;anonymous&gt; (/Users/mohitmendiratta/Projects/bots/w1/astro-whatsapp-bot/tests/e2e/comprehensive-test-suite/comprehensive-menu-navigation.test.js:439:7)</failure>
    </testcase>
    <testcase classname="MENU NAVIGATION INTEGRATION: Complete Menu Tree Validation Deep Menu Path Traversals (45 tests) should display a personalized welcome message based on recent activity" name="MENU NAVIGATION INTEGRATION: Complete Menu Tree Validation Deep Menu Path Traversals (45 tests) should display a personalized welcome message based on recent activity" time="0.644">
      <failure>AxiosError: Request failed with status code 401
    at settle (/Users/mohitmendiratta/Projects/bots/w1/astro-whatsapp-bot/node_modules/axios/lib/core/settle.js:19:12)
    at IncomingMessage.handleStreamEnd (/Users/mohitmendiratta/Projects/bots/w1/astro-whatsapp-bot/node_modules/axios/lib/adapters/http.js:617:11)
    at IncomingMessage.emit (node:events:520:35)
    at endReadableNT (node:internal/streams/readable:1701:12)
    at processTicksAndRejections (node:internal/process/task_queues:90:21)
    at Axios.request (/Users/mohitmendiratta/Projects/bots/w1/astro-whatsapp-bot/node_modules/axios/lib/core/Axios.js:45:41)
    at processTicksAndRejections (node:internal/process/task_queues:105:5)
    at sendTextMessage (/Users/mohitmendiratta/Projects/bots/w1/astro-whatsapp-bot/src/services/whatsapp/messageSender.js:64:22)
    at sendMessage (/Users/mohitmendiratta/Projects/bots/w1/astro-whatsapp-bot/src/services/whatsapp/messageSender.js:484:18)
    at sendErrorMessage (/Users/mohitmendiratta/Projects/bots/w1/astro-whatsapp-bot/src/services/whatsapp/messageProcessor.js:2515:3)
    at processIncomingMessage (/Users/mohitmendiratta/Projects/bots/w1/astro-whatsapp-bot/src/services/whatsapp/messageProcessor.js:249:5)
    at simulateOnboarding (/Users/mohitmendiratta/Projects/bots/w1/astro-whatsapp-bot/tests/e2e/comprehensive-test-suite/comprehensive-menu-navigation.test.js:28:5)
    at Object.&lt;anonymous&gt; (/Users/mohitmendiratta/Projects/bots/w1/astro-whatsapp-bot/tests/e2e/comprehensive-test-suite/comprehensive-menu-navigation.test.js:448:7)</failure>
    </testcase>
    <testcase classname="MENU NAVIGATION INTEGRATION: Complete Menu Tree Validation Deep Menu Path Traversals (45 tests) should navigate to Western -&gt; Transits -&gt; Weekly Transits" name="MENU NAVIGATION INTEGRATION: Complete Menu Tree Validation Deep Menu Path Traversals (45 tests) should navigate to Western -&gt; Transits -&gt; Weekly Transits" time="0.673">
      <failure>AxiosError: Request failed with status code 401
    at settle (/Users/mohitmendiratta/Projects/bots/w1/astro-whatsapp-bot/node_modules/axios/lib/core/settle.js:19:12)
    at IncomingMessage.handleStreamEnd (/Users/mohitmendiratta/Projects/bots/w1/astro-whatsapp-bot/node_modules/axios/lib/adapters/http.js:617:11)
    at IncomingMessage.emit (node:events:520:35)
    at endReadableNT (node:internal/streams/readable:1701:12)
    at processTicksAndRejections (node:internal/process/task_queues:90:21)
    at Axios.request (/Users/mohitmendiratta/Projects/bots/w1/astro-whatsapp-bot/node_modules/axios/lib/core/Axios.js:45:41)
    at processTicksAndRejections (node:internal/process/task_queues:105:5)
    at sendTextMessage (/Users/mohitmendiratta/Projects/bots/w1/astro-whatsapp-bot/src/services/whatsapp/messageSender.js:64:22)
    at sendMessage (/Users/mohitmendiratta/Projects/bots/w1/astro-whatsapp-bot/src/services/whatsapp/messageSender.js:484:18)
    at sendErrorMessage (/Users/mohitmendiratta/Projects/bots/w1/astro-whatsapp-bot/src/services/whatsapp/messageProcessor.js:2515:3)
    at processIncomingMessage (/Users/mohitmendiratta/Projects/bots/w1/astro-whatsapp-bot/src/services/whatsapp/messageProcessor.js:249:5)
    at simulateOnboarding (/Users/mohitmendiratta/Projects/bots/w1/astro-whatsapp-bot/tests/e2e/comprehensive-test-suite/comprehensive-menu-navigation.test.js:28:5)
    at Object.&lt;anonymous&gt; (/Users/mohitmendiratta/Projects/bots/w1/astro-whatsapp-bot/tests/e2e/comprehensive-test-suite/comprehensive-menu-navigation.test.js:458:7)</failure>
    </testcase>
    <testcase classname="MENU NAVIGATION INTEGRATION: Complete Menu Tree Validation Deep Menu Path Traversals (45 tests) should navigate to Western -&gt; Transits -&gt; Monthly Transits" name="MENU NAVIGATION INTEGRATION: Complete Menu Tree Validation Deep Menu Path Traversals (45 tests) should navigate to Western -&gt; Transits -&gt; Monthly Transits" time="0.713">
      <failure>AxiosError: Request failed with status code 401
    at settle (/Users/mohitmendiratta/Projects/bots/w1/astro-whatsapp-bot/node_modules/axios/lib/core/settle.js:19:12)
    at IncomingMessage.handleStreamEnd (/Users/mohitmendiratta/Projects/bots/w1/astro-whatsapp-bot/node_modules/axios/lib/adapters/http.js:617:11)
    at IncomingMessage.emit (node:events:520:35)
    at endReadableNT (node:internal/streams/readable:1701:12)
    at processTicksAndRejections (node:internal/process/task_queues:90:21)
    at Axios.request (/Users/mohitmendiratta/Projects/bots/w1/astro-whatsapp-bot/node_modules/axios/lib/core/Axios.js:45:41)
    at processTicksAndRejections (node:internal/process/task_queues:105:5)
    at sendTextMessage (/Users/mohitmendiratta/Projects/bots/w1/astro-whatsapp-bot/src/services/whatsapp/messageSender.js:64:22)
    at sendMessage (/Users/mohitmendiratta/Projects/bots/w1/astro-whatsapp-bot/src/services/whatsapp/messageSender.js:484:18)
    at sendErrorMessage (/Users/mohitmendiratta/Projects/bots/w1/astro-whatsapp-bot/src/services/whatsapp/messageProcessor.js:2515:3)
    at processIncomingMessage (/Users/mohitmendiratta/Projects/bots/w1/astro-whatsapp-bot/src/services/whatsapp/messageProcessor.js:249:5)
    at simulateOnboarding (/Users/mohitmendiratta/Projects/bots/w1/astro-whatsapp-bot/tests/e2e/comprehensive-test-suite/comprehensive-menu-navigation.test.js:28:5)
    at Object.&lt;anonymous&gt; (/Users/mohitmendiratta/Projects/bots/w1/astro-whatsapp-bot/tests/e2e/comprehensive-test-suite/comprehensive-menu-navigation.test.js:467:7)</failure>
    </testcase>
    <testcase classname="MENU NAVIGATION INTEGRATION: Complete Menu Tree Validation Deep Menu Path Traversals (45 tests) should navigate to Western -&gt; Progressions -&gt; Secondary Progressions" name="MENU NAVIGATION INTEGRATION: Complete Menu Tree Validation Deep Menu Path Traversals (45 tests) should navigate to Western -&gt; Progressions -&gt; Secondary Progressions" time="0.628">
      <failure>AxiosError: Request failed with status code 401
    at settle (/Users/mohitmendiratta/Projects/bots/w1/astro-whatsapp-bot/node_modules/axios/lib/core/settle.js:19:12)
    at IncomingMessage.handleStreamEnd (/Users/mohitmendiratta/Projects/bots/w1/astro-whatsapp-bot/node_modules/axios/lib/adapters/http.js:617:11)
    at IncomingMessage.emit (node:events:520:35)
    at endReadableNT (node:internal/streams/readable:1701:12)
    at processTicksAndRejections (node:internal/process/task_queues:90:21)
    at Axios.request (/Users/mohitmendiratta/Projects/bots/w1/astro-whatsapp-bot/node_modules/axios/lib/core/Axios.js:45:41)
    at processTicksAndRejections (node:internal/process/task_queues:105:5)
    at sendTextMessage (/Users/mohitmendiratta/Projects/bots/w1/astro-whatsapp-bot/src/services/whatsapp/messageSender.js:64:22)
    at sendMessage (/Users/mohitmendiratta/Projects/bots/w1/astro-whatsapp-bot/src/services/whatsapp/messageSender.js:484:18)
    at sendErrorMessage (/Users/mohitmendiratta/Projects/bots/w1/astro-whatsapp-bot/src/services/whatsapp/messageProcessor.js:2515:3)
    at processIncomingMessage (/Users/mohitmendiratta/Projects/bots/w1/astro-whatsapp-bot/src/services/whatsapp/messageProcessor.js:249:5)
    at simulateOnboarding (/Users/mohitmendiratta/Projects/bots/w1/astro-whatsapp-bot/tests/e2e/comprehensive-test-suite/comprehensive-menu-navigation.test.js:28:5)
    at Object.&lt;anonymous&gt; (/Users/mohitmendiratta/Projects/bots/w1/astro-whatsapp-bot/tests/e2e/comprehensive-test-suite/comprehensive-menu-navigation.test.js:476:7)</failure>
    </testcase>
    <testcase classname="MENU NAVIGATION INTEGRATION: Complete Menu Tree Validation Deep Menu Path Traversals (45 tests) should navigate to Western -&gt; Progressions -&gt; Solar Arc Directions" name="MENU NAVIGATION INTEGRATION: Complete Menu Tree Validation Deep Menu Path Traversals (45 tests) should navigate to Western -&gt; Progressions -&gt; Solar Arc Directions" time="0.622">
      <failure>AxiosError: Request failed with status code 401
    at settle (/Users/mohitmendiratta/Projects/bots/w1/astro-whatsapp-bot/node_modules/axios/lib/core/settle.js:19:12)
    at IncomingMessage.handleStreamEnd (/Users/mohitmendiratta/Projects/bots/w1/astro-whatsapp-bot/node_modules/axios/lib/adapters/http.js:617:11)
    at IncomingMessage.emit (node:events:520:35)
    at endReadableNT (node:internal/streams/readable:1701:12)
    at processTicksAndRejections (node:internal/process/task_queues:90:21)
    at Axios.request (/Users/mohitmendiratta/Projects/bots/w1/astro-whatsapp-bot/node_modules/axios/lib/core/Axios.js:45:41)
    at processTicksAndRejections (node:internal/process/task_queues:105:5)
    at sendTextMessage (/Users/mohitmendiratta/Projects/bots/w1/astro-whatsapp-bot/src/services/whatsapp/messageSender.js:64:22)
    at sendMessage (/Users/mohitmendiratta/Projects/bots/w1/astro-whatsapp-bot/src/services/whatsapp/messageSender.js:484:18)
    at sendErrorMessage (/Users/mohitmendiratta/Projects/bots/w1/astro-whatsapp-bot/src/services/whatsapp/messageProcessor.js:2515:3)
    at processIncomingMessage (/Users/mohitmendiratta/Projects/bots/w1/astro-whatsapp-bot/src/services/whatsapp/messageProcessor.js:249:5)
    at simulateOnboarding (/Users/mohitmendiratta/Projects/bots/w1/astro-whatsapp-bot/tests/e2e/comprehensive-test-suite/comprehensive-menu-navigation.test.js:28:5)
    at Object.&lt;anonymous&gt; (/Users/mohitmendiratta/Projects/bots/w1/astro-whatsapp-bot/tests/e2e/comprehensive-test-suite/comprehensive-menu-navigation.test.js:485:7)</failure>
    </testcase>
    <testcase classname="MENU NAVIGATION INTEGRATION: Complete Menu Tree Validation Deep Menu Path Traversals (45 tests) should navigate to Vedic -&gt; Basic -&gt; Sidereal Birth Chart" name="MENU NAVIGATION INTEGRATION: Complete Menu Tree Validation Deep Menu Path Traversals (45 tests) should navigate to Vedic -&gt; Basic -&gt; Sidereal Birth Chart" time="0.6">
      <failure>AxiosError: Request failed with status code 401
    at settle (/Users/mohitmendiratta/Projects/bots/w1/astro-whatsapp-bot/node_modules/axios/lib/core/settle.js:19:12)
    at IncomingMessage.handleStreamEnd (/Users/mohitmendiratta/Projects/bots/w1/astro-whatsapp-bot/node_modules/axios/lib/adapters/http.js:617:11)
    at IncomingMessage.emit (node:events:520:35)
    at endReadableNT (node:internal/streams/readable:1701:12)
    at processTicksAndRejections (node:internal/process/task_queues:90:21)
    at Axios.request (/Users/mohitmendiratta/Projects/bots/w1/astro-whatsapp-bot/node_modules/axios/lib/core/Axios.js:45:41)
    at processTicksAndRejections (node:internal/process/task_queues:105:5)
    at sendTextMessage (/Users/mohitmendiratta/Projects/bots/w1/astro-whatsapp-bot/src/services/whatsapp/messageSender.js:64:22)
    at sendMessage (/Users/mohitmendiratta/Projects/bots/w1/astro-whatsapp-bot/src/services/whatsapp/messageSender.js:484:18)
    at sendErrorMessage (/Users/mohitmendiratta/Projects/bots/w1/astro-whatsapp-bot/src/services/whatsapp/messageProcessor.js:2515:3)
    at processIncomingMessage (/Users/mohitmendiratta/Projects/bots/w1/astro-whatsapp-bot/src/services/whatsapp/messageProcessor.js:249:5)
    at simulateOnboarding (/Users/mohitmendiratta/Projects/bots/w1/astro-whatsapp-bot/tests/e2e/comprehensive-test-suite/comprehensive-menu-navigation.test.js:28:5)
    at Object.&lt;anonymous&gt; (/Users/mohitmendiratta/Projects/bots/w1/astro-whatsapp-bot/tests/e2e/comprehensive-test-suite/comprehensive-menu-navigation.test.js:494:7)</failure>
    </testcase>
    <testcase classname="MENU NAVIGATION INTEGRATION: Complete Menu Tree Validation Deep Menu Path Traversals (45 tests) should navigate to Vedic -&gt; Basic -&gt; Divisional Charts (Varga)" name="MENU NAVIGATION INTEGRATION: Complete Menu Tree Validation Deep Menu Path Traversals (45 tests) should navigate to Vedic -&gt; Basic -&gt; Divisional Charts (Varga)" time="0.619">
      <failure>AxiosError: Request failed with status code 401
[...]
    <testcase classname="UserModel Functions getUserByPhone should get user by phone number" name="UserModel Functions getUserByPhone should get user by phone number" time="0.907">
    </testcase>
    <testcase classname="UserModel Functions updateUserProfile should update user profile" name="UserModel Functions updateUserProfile should update user profile" time="0.235">
    </testcase>
    <testcase classname="UserModel Functions createUser should create a new user with proper defaults" name="UserModel Functions createUser should create a new user with proper defaults" time="0.13">
    </testcase>
    <testcase classname="UserModel Functions createUser should create user with default name when not provided" name="UserModel Functions createUser should create user with default name when not provided" time="0.215">
    </testcase>
  </testsuite>
  <testsuite name="WebhookValidator" errors="0" failures="0" skipped="0" timestamp="2025-10-28T20:52:50" time="4.762" tests="4">
    <testcase classname="WebhookValidator validateWebhookSignature should validate correct signature" name="WebhookValidator validateWebhookSignature should validate correct signature" time="0.025">
    </testcase>
    <testcase classname="WebhookValidator validateWebhookSignature should reject invalid signature" name="WebhookValidator validateWebhookSignature should reject invalid signature" time="0.003">
    </testcase>
    <testcase classname="WebhookValidator validateWebhookPayload should validate valid payload" name="WebhookValidator validateWebhookPayload should validate valid payload" time="0.006">
    </testcase>
    <testcase classname="WebhookValidator validateWebhookPayload should reject invalid payload" name="WebhookValidator validateWebhookPayload should reject invalid payload" time="0.003">
    </testcase>
  </testsuite>
  <testsuite name="User Model" errors="0" failures="0" skipped="0" timestamp="2025-10-28T20:52:54" time="6.584" tests="2">
    <testcase classname="User Model User Creation should create a new user with valid data" name="User Model User Creation should create a new user with valid data" time="0.417">
    </testcase>
    <testcase classname="User Model User Creation should update user profile" name="User Model User Creation should update user profile" time="0.353">
    </testcase>
  </testsuite>
  <testsuite name="AstrologyEngine" errors="0" failures="0" skipped="0" timestamp="2025-10-28T20:53:01" time="7.04" tests="3">
    <testcase classname="AstrologyEngine generateAstrologyResponse should generate astrology response for valid user" name="AstrologyEngine generateAstrologyResponse should generate astrology response for valid user" time="0.059">
    </testcase>
    <testcase classname="AstrologyEngine validateBirthData should validate valid birth data" name="AstrologyEngine validateBirthData should validate valid birth data" time="0.005">
    </testcase>
    <testcase classname="AstrologyEngine validateBirthData should reject invalid birth data" name="AstrologyEngine validateBirthData should reject invalid birth data" time="0.004">
    </testcase>
  </testsuite>
  <testsuite name="NumerologyService" errors="0" failures="0" skipped="0" timestamp="2025-10-28T20:53:09" time="5.634" tests="2">
    <testcase classname="NumerologyService generateFullReport should generate numerology report with life path, expression, soul urge, personality, destiny, and maturity numbers" name="NumerologyService generateFullReport should generate numerology report with life path, expression, soul urge, personality, destiny, and maturity numbers" time="0.008">
    </testcase>
    <testcase classname="NumerologyService generateFullReport should handle empty name for numerology report" name="NumerologyService generateFullReport should handle empty name for numerology report" time="0.004">
    </testcase>
  </testsuite>
  <testsuite name="Palmistry Reader Service" errors="0" failures="0" skipped="0" timestamp="2025-10-28T20:53:15" time="5.397" tests="3">
    <testcase classname="Palmistry Reader Service generatePalmistryReading should generate a palmistry reading" name="Palmistry Reader Service generatePalmistryReading should generate a palmistry reading" time="0.026">
    </testcase>
    <testcase classname="Palmistry Reader Service generatePalmistryReading should generate sample reading when no user provided" name="Palmistry Reader Service generatePalmistryReading should generate sample reading when no user provided" time="0.004">
    </testcase>
    <testcase classname="Palmistry Reader Service generatePalmistryReading should handle user with hand data" name="Palmistry Reader Service generatePalmistryReading should handle user with hand data" time="0.003">
    </testcase>
  </testsuite>
  <testsuite name="Session Model" errors="0" failures="0" skipped="0" timestamp="2025-10-28T20:53:20" time="5.205" tests="3">
    <testcase classname="Session Model Session Creation should create a new session with valid data" name="Session Model Session Creation should create a new session with valid data" time="0.37">
    </testcase>
    <testcase classname="Session Model Session Queries should find session by phone number" name="Session Model Session Queries should find session by phone number" time="0.129">
    </testcase>
    <testcase classname="Session Model Session Queries should update session flow data" name="Session Model Session Queries should update session flow data" time="0.18">
    </testcase>
  </testsuite>
  <testsuite name="HoraryReader" errors="0" failures="0" skipped="0" timestamp="2025-10-28T20:53:26" time="5.576" tests="4">
    <testcase classname="HoraryReader generateHoraryReading should generate Horary reading for valid question" name="HoraryReader generateHoraryReading should generate Horary reading for valid question" time="0.015">
    </testcase>
    <testcase classname="HoraryReader generateHoraryReading should handle invalid question gracefully" name="HoraryReader generateHoraryReading should handle invalid question gracefully" time="0.009">
    </testcase>
    <testcase classname="HoraryReader generateHoraryReading should handle inappropriate questions" name="HoraryReader generateHoraryReading should handle inappropriate questions" time="0.006">
    </testcase>
    <testcase classname="HoraryReader generateHoraryReading should handle errors during chart generation" name="HoraryReader generateHoraryReading should handle errors during chart generation" time="0.007">
    </testcase>
  </testsuite>
  <testsuite name="TranslationService" errors="0" failures="0" skipped="0" timestamp="2025-10-28T20:53:31" time="4.895" tests="30">
    <testcase classname="TranslationService Initialization should initialize with supported languages" name="TranslationService Initialization should initialize with supported languages" time="0.007">
    </testcase>
    <testcase classname="TranslationService Initialization should have correct language metadata" name="TranslationService Initialization should have correct language metadata" time="0.005">
    </testcase>
    <testcase classname="TranslationService getSupportedLanguages should return all supported languages" name="TranslationService getSupportedLanguages should return all supported languages" time="0.006">
    </testcase>
    <testcase classname="TranslationService detectLanguage should detect language from Indian phone numbers" name="TranslationService detectLanguage should detect language from Indian phone numbers" time="0.025">
    </testcase>
    <testcase classname="TranslationService detectLanguage should detect language from UAE phone numbers" name="TranslationService detectLanguage should detect language from UAE phone numbers" time="0.01">
    </testcase>
    <testcase classname="TranslationService detectLanguage should detect language from Saudi phone numbers" name="TranslationService detectLanguage should detect language from Saudi phone numbers" time="0.009">
    </testcase>
    <testcase classname="TranslationService detectLanguage should detect language from UK phone numbers" name="TranslationService detectLanguage should detect language from UK phone numbers" time="0.006">
    </testcase>
    <testcase classname="TranslationService detectLanguage should return default language for unknown numbers" name="TranslationService detectLanguage should return default language for unknown numbers" time="0.009">
    </testcase>
    <testcase classname="TranslationService detectLanguage should respect explicit language parameter" name="TranslationService detectLanguage should respect explicit language parameter" time="0.007">
    </testcase>
    <testcase classname="TranslationService detectLanguage should handle invalid phone numbers gracefully" name="TranslationService detectLanguage should handle invalid phone numbers gracefully" time="0.005">
    </testcase>
    <testcase classname="TranslationService loadResourceBundle should load and cache resource bundle successfully" name="TranslationService loadResourceBundle should load and cache resource bundle successfully" time="0.04">
    </testcase>
    <testcase classname="TranslationService loadResourceBundle should return cached bundle if available and not expired" name="TranslationService loadResourceBundle should return cached bundle if available and not expired" time="0.005">
    </testcase>
    <testcase classname="TranslationService loadResourceBundle should reload bundle if cache is expired" name="TranslationService loadResourceBundle should reload bundle if cache is expired" time="0.02">
    </testcase>
    <testcase classname="TranslationService loadResourceBundle should handle file read errors gracefully" name="TranslationService loadResourceBundle should handle file read errors gracefully" time="0.005">
    </testcase>
    <testcase classname="TranslationService loadResourceBundle should handle invalid JSON gracefully" name="TranslationService loadResourceBundle should handle invalid JSON gracefully" time="0.005">
    </testcase>
    <testcase classname="TranslationService translate should translate simple keys successfully" name="TranslationService translate should translate simple keys successfully" time="0.006">
    </testcase>
    <testcase classname="TranslationService translate should handle parameter interpolation" name="TranslationService translate should handle parameter interpolation" time="0.006">
    </testcase>
    <testcase classname="TranslationService translate should handle multiple parameters" name="TranslationService translate should handle multiple parameters" time="0.005">
    </testcase>
    <testcase classname="TranslationService translate should fallback to English for missing translations" name="TranslationService translate should fallback to English for missing translations" time="0.006">
    </testcase>
    <testcase classname="TranslationService translate should return key if translation not found in any language" name="TranslationService translate should return key if translation not found in any language" time="0.004">
    </testcase>
    <testcase classname="TranslationService translate should handle nested key access" name="TranslationService translate should handle nested key access" time="0.005">
    </testcase>
    <testcase classname="TranslationService translate should cache translations for performance" name="TranslationService translate should cache translations for performance" time="0.005">
    </testcase>
    <testcase classname="TranslationService translateMultiple should translate multiple keys at once" name="TranslationService translateMultiple should translate multiple keys at once" time="0.005">
    </testcase>
    <testcase classname="TranslationService hasTranslation should check if translation exists" name="TranslationService hasTranslation should check if translation exists" time="0.005">
    </testcase>
    <testcase classname="TranslationService getAvailableKeys should return all available translation keys" name="TranslationService getAvailableKeys should return all available translation keys" time="0.006">
    </testcase>
    <testcase classname="TranslationService reloadBundles should clear cache and reload bundles" name="TranslationService reloadBundles should clear cache and reload bundles" time="0.008">
    </testcase>
    <testcase classname="TranslationService Error handling should handle malformed parameters gracefully" name="TranslationService Error handling should handle malformed parameters gracefully" time="0.008">
    </testcase>
    <testcase classname="TranslationService Error handling should handle missing parameters gracefully" name="TranslationService Error handling should handle missing parameters gracefully" time="0.005">
    </testcase>
    <testcase classname="TranslationService Performance and caching should cache bundles to improve performance" name="TranslationService Performance and caching should cache bundles to improve performance" time="0.004">
    </testcase>
    <testcase classname="TranslationService Performance and caching should expire cache after configured time" name="TranslationService Performance and caching should expire cache after configured time" time="0.004">
    </testcase>
  </testsuite>
  <testsuite name="KabbalisticReader" errors="0" failures="0" skipped="0" timestamp="2025-10-28T20:53:36" time="4.61" tests="2">
    <testcase classname="KabbalisticReader generateKabbalisticChart should generate Kabbalistic chart for valid birth data" name="KabbalisticReader generateKabbalisticChart should generate Kabbalistic chart for valid birth data" time="0.019">
    </testcase>
    <testcase classname="KabbalisticReader generateKabbalisticChart should handle invalid birth data gracefully" name="KabbalisticReader generateKabbalisticChart should handle invalid birth data gracefully" time="0.006">
    </testcase>
  </testsuite>
  <testsuite name="ErrorHandler" errors="0" failures="0" skipped="0" timestamp="2025-10-28T20:53:41" time="4.055" tests="4">
    <testcase classname="ErrorHandler handleError should handle error and log it" name="ErrorHandler handleError should handle error and log it" time="0.006">
    </testcase>
    <testcase classname="ErrorHandler handleError should handle error without context" name="ErrorHandler handleError should handle error without context" time="0.004">
    </testcase>
    <testcase classname="ErrorHandler handleValidationError should handle validation error" name="ErrorHandler handleValidationError should handle validation error" time="0.009">
    </testcase>
    <testcase classname="ErrorHandler handleDatabaseError should handle database error" name="ErrorHandler handleDatabaseError should handle database error" time="0.01">
    </testcase>
  </testsuite>
  <testsuite name="VedicCalculator" errors="0" failures="0" skipped="0" timestamp="2025-10-28T20:53:45" time="5.103" tests="9">
    <testcase classname="VedicCalculator calculateBirthChart should calculate birth chart for valid birth data" name="VedicCalculator calculateBirthChart should calculate birth chart for valid birth data" time="0.018">
    </testcase>
    <testcase classname="VedicCalculator calculateBirthChart should handle invalid birth data gracefully" name="VedicCalculator calculateBirthChart should handle invalid birth data gracefully" time="0.104">
    </testcase>
    <testcase classname="VedicCalculator generateHoroscope should generate horoscope for valid chart" name="VedicCalculator generateHoroscope should generate horoscope for valid chart" time="0.003">
    </testcase>
    <testcase classname="VedicCalculator generateTransitPreview should generate transit preview" name="VedicCalculator generateTransitPreview should generate transit preview" time="0.004">
    </testcase>
    <testcase classname="VedicCalculator checkCompatibility should check compatibility between two charts" name="VedicCalculator checkCompatibility should check compatibility between two charts" time="0.004">
    </testcase>
    <testcase classname="VedicCalculator calculateSecondaryProgressions should calculate secondary progressions for valid birth data" name="VedicCalculator calculateSecondaryProgressions should calculate secondary progressions for valid birth data" time="0.005">
    </testcase>
    <testcase classname="VedicCalculator calculateSecondaryProgressions should handle invalid birth data gracefully" name="VedicCalculator calculateSecondaryProgressions should handle invalid birth data gracefully" time="0.003">
    </testcase>
    <testcase classname="VedicCalculator calculateSolarArcDirections should calculate solar arc directions for valid birth data" name="VedicCalculator calculateSolarArcDirections should calculate solar arc directions for valid birth data" time="0.004">
    </testcase>
    <testcase classname="VedicCalculator calculateSolarArcDirections should handle invalid birth data gracefully" name="VedicCalculator calculateSolarArcDirections should handle invalid birth data gracefully" time="0.002">
    </testcase>
  </testsuite>
  <testsuite name="InputValidator" errors="0" failures="0" skipped="0" timestamp="2025-10-28T20:53:50" time="4.537" tests="5">
    <testcase classname="InputValidator validateEmail should validate valid email" name="InputValidator validateEmail should validate valid email" time="0.005">
    </testcase>
    <testcase classname="InputValidator validateEmail should reject invalid email" name="InputValidator validateEmail should reject invalid email" time="0.003">
    </testcase>
    <testcase classname="InputValidator validatePhoneNumber should validate valid phone number" name="InputValidator validatePhoneNumber should validate valid phone number" time="0.003">
    </testcase>
    <testcase classname="InputValidator validatePhoneNumber should reject invalid phone number" name="InputValidator validatePhoneNumber should reject invalid phone number" time="0.003">
    </testcase>
    <testcase classname="InputValidator sanitizeInput should sanitize input" name="InputValidator sanitizeInput should sanitize input" time="0.006">
    </testcase>
  </testsuite>
  <testsuite name="WhatsApp Service" errors="0" failures="0" skipped="0" timestamp="2025-10-28T20:53:55" time="5.232" tests="7">
    <testcase classname="WhatsApp Service handleWhatsAppWebhook should return 400 for invalid webhook payload" name="WhatsApp Service handleWhatsAppWebhook should return 400 for invalid webhook payload" time="0.008">
    </testcase>
    <testcase classname="WhatsApp Service handleWhatsAppWebhook should return 200 for valid webhook payload with no entries" name="WhatsApp Service handleWhatsAppWebhook should return 200 for valid webhook payload with no entries" time="0.008">
    </testcase>
    <testcase classname="WhatsApp Service handleWhatsAppWebhook should process valid webhook with messages" name="WhatsApp Service handleWhatsAppWebhook should process valid webhook with messages" time="0.006">
    </testcase>
    <testcase classname="WhatsApp Service handleWhatsAppWebhook should handle interactive button reply messages" name="WhatsApp Service handleWhatsAppWebhook should handle interactive button reply messages" time="0.005">
    </testcase>
    <testcase classname="WhatsApp Service handleWhatsAppWebhook should handle webhook with status updates" name="WhatsApp Service handleWhatsAppWebhook should handle webhook with status updates" time="0.004">
    </testcase>
    <testcase classname="WhatsApp Service handleWhatsAppWebhook should handle error during webhook processing" name="WhatsApp Service handleWhatsAppWebhook should handle error during webhook processing" time="0.005">
    </testcase>
    <testcase classname="WhatsApp Service processIncomingMessage should process incoming messages correctly" name="WhatsApp Service processIncomingMessage should process incoming messages correctly" time="0.005">
    </testcase>
  </testsuite>
</testsuites>