<?xml version="1.0" encoding="UTF-8"?>
<testsuites name="jest tests" tests="155" failures="122" errors="0" time="24.297">
  <testsuite name="MENU NAVIGATION INTEGRATION: Complete Menu Tree Validation" errors="0" failures="122" skipped="0" timestamp="2025-10-28T21:59:22" time="23.843" tests="155">
    <testcase classname="MENU NAVIGATION INTEGRATION: Complete Menu Tree Validation Deep Menu Path Traversals (45 tests) should allow 6+ level deep navigation: Main -&gt; Western -&gt; Basic -&gt; Birth Chart" name="MENU NAVIGATION INTEGRATION: Complete Menu Tree Validation Deep Menu Path Traversals (45 tests) should allow 6+ level deep navigation: Main -&gt; Western -&gt; Basic -&gt; Birth Chart" time="0.793">
      <failure>Error: expect(jest.fn()).toHaveBeenCalledWith(...expected)

Expected: &quot;+menu_test_user&quot;, StringContaining &quot;You are now in Birth Chart Analysis. What would you like to explore?&quot;
Received
       1: &quot;+menu_test_user&quot;, &quot;I&apos;m sorry, I encountered an internal error. Please try again later.&quot;
       2: &quot;+menu_test_user&quot;, &quot;I&apos;m sorry, I encountered an internal error. Please try again later.&quot;
       3: &quot;+menu_test_user&quot;, &quot;I&apos;m sorry, I encountered an internal error. Please try again later.&quot;

Number of calls: 4
    at Object.toHaveBeenCalledWith (/Users/mohitmendiratta/Projects/bots/w1/astro-whatsapp-bot/tests/e2e/comprehensive-test-suite/comprehensive-menu-navigation.test.js:67:27)
    at processTicksAndRejections (node:internal/process/task_queues:105:5)</failure>
    </testcase>
    <testcase classname="MENU NAVIGATION INTEGRATION: Complete Menu Tree Validation Deep Menu Path Traversals (45 tests) should allow 6+ level deep navigation: Main -&gt; Vedic -&gt; Advanced -&gt; Dasha Analysis" name="MENU NAVIGATION INTEGRATION: Complete Menu Tree Validation Deep Menu Path Traversals (45 tests) should allow 6+ level deep navigation: Main -&gt; Vedic -&gt; Advanced -&gt; Dasha Analysis" time="0.205">
      <failure>Error: expect(jest.fn()).toHaveBeenCalledWith(...expected)

Expected: &quot;+menu_test_user&quot;, StringContaining &quot;You are now in Dasha Analysis. Please select a Dasha period.&quot;
Received
       1: &quot;+menu_test_user&quot;, &quot;I&apos;m sorry, I encountered an internal error. Please try again later.&quot;
       2: &quot;+menu_test_user&quot;, &quot;I&apos;m sorry, I encountered an internal error. Please try again later.&quot;
       3: &quot;+menu_test_user&quot;, &quot;I&apos;m sorry, I encountered an internal error. Please try again later.&quot;

Number of calls: 4
    at Object.toHaveBeenCalledWith (/Users/mohitmendiratta/Projects/bots/w1/astro-whatsapp-bot/tests/e2e/comprehensive-test-suite/comprehensive-menu-navigation.test.js:83:27)
    at processTicksAndRejections (node:internal/process/task_queues:105:5)</failure>
    </testcase>
    <testcase classname="MENU NAVIGATION INTEGRATION: Complete Menu Tree Validation Deep Menu Path Traversals (45 tests) should preserve menu state across sessions (return to last menu position)" name="MENU NAVIGATION INTEGRATION: Complete Menu Tree Validation Deep Menu Path Traversals (45 tests) should preserve menu state across sessions (return to last menu position)" time="0.167">
      <failure>Error: expect(jest.fn()).toHaveBeenCalledWith(...expected)

Expected: &quot;+menu_test_user&quot;, StringContaining &quot;Welcome back! You were last in Western Astrology. Would you like to continue?&quot;
Received: &quot;+menu_test_user&quot;, &quot;I&apos;m sorry, I encountered an internal error. Please try again later.&quot;

Number of calls: 1
    at Object.toHaveBeenCalledWith (/Users/mohitmendiratta/Projects/bots/w1/astro-whatsapp-bot/tests/e2e/comprehensive-test-suite/comprehensive-menu-navigation.test.js:99:27)
    at processTicksAndRejections (node:internal/process/task_queues:105:5)</failure>
    </testcase>
    <testcase classname="MENU NAVIGATION INTEGRATION: Complete Menu Tree Validation Deep Menu Path Traversals (45 tests) should display breadcrumb navigation for multi-level back functionality" name="MENU NAVIGATION INTEGRATION: Complete Menu Tree Validation Deep Menu Path Traversals (45 tests) should display breadcrumb navigation for multi-level back functionality" time="0.143">
      <failure>Error: expect(jest.fn()).toHaveBeenCalledWith(...expected)

Expected: &quot;+menu_test_user&quot;, StringContaining &quot;Main Menu &gt; Vedic Astrology &gt; Advanced Readings&quot;
Received
       1: &quot;+menu_test_user&quot;, &quot;I&apos;m sorry, I encountered an internal error. Please try again later.&quot;
       2: &quot;+menu_test_user&quot;, &quot;I&apos;m sorry, I encountered an internal error. Please try again later.&quot;
       3: &quot;+menu_test_user&quot;, &quot;I&apos;m sorry, I encountered an internal error. Please try again later.&quot;

Number of calls: 3
    at Object.toHaveBeenCalledWith (/Users/mohitmendiratta/Projects/bots/w1/astro-whatsapp-bot/tests/e2e/comprehensive-test-suite/comprehensive-menu-navigation.test.js:113:27)
    at processTicksAndRejections (node:internal/process/task_queues:105:5)</failure>
    </testcase>
    <testcase classname="MENU NAVIGATION INTEGRATION: Complete Menu Tree Validation Deep Menu Path Traversals (45 tests) should show premium options only for subscribed users (Subscription-tier menu differences)" name="MENU NAVIGATION INTEGRATION: Complete Menu Tree Validation Deep Menu Path Traversals (45 tests) should show premium options only for subscribed users (Subscription-tier menu differences)" time="0.137">
      <failure>Error: expect(jest.fn()).toHaveBeenCalledWith(...expected)

Expected: &quot;+menu_test_user&quot;, StringContaining &quot;Premium Features&quot;
Received: &quot;+menu_test_user&quot;, &quot;I&apos;m sorry, I encountered an internal error. Please try again later.&quot;

Number of calls: 1
    at Object.toHaveBeenCalledWith (/Users/mohitmendiratta/Projects/bots/w1/astro-whatsapp-bot/tests/e2e/comprehensive-test-suite/comprehensive-menu-navigation.test.js:136:27)
    at processTicksAndRejections (node:internal/process/task_queues:105:5)</failure>
    </testcase>
    <testcase classname="MENU NAVIGATION INTEGRATION: Complete Menu Tree Validation Deep Menu Path Traversals (45 tests) should display language-dependent menu options based on user preference" name="MENU NAVIGATION INTEGRATION: Complete Menu Tree Validation Deep Menu Path Traversals (45 tests) should display language-dependent menu options based on user preference" time="0.103">
      <failure>Error: expect(jest.fn()).toHaveBeenCalledWith(...expected)

Expected: &quot;+menu_test_user&quot;, StringContaining &quot;Western Astrology&quot;
Received: &quot;+menu_test_user&quot;, &quot;I&apos;m sorry, I encountered an internal error. Please try again later.&quot;

Number of calls: 1
    at Object.toHaveBeenCalledWith (/Users/mohitmendiratta/Projects/bots/w1/astro-whatsapp-bot/tests/e2e/comprehensive-test-suite/comprehensive-menu-navigation.test.js:147:27)
    at processTicksAndRejections (node:internal/process/task_queues:105:5)</failure>
    </testcase>
    <testcase classname="MENU NAVIGATION INTEGRATION: Complete Menu Tree Validation Deep Menu Path Traversals (45 tests) should dynamically change menu options based on profile completion status" name="MENU NAVIGATION INTEGRATION: Complete Menu Tree Validation Deep Menu Path Traversals (45 tests) should dynamically change menu options based on profile completion status" time="0.124">
      <failure>Error: expect(jest.fn()).toHaveBeenCalledWith(...expected)

Expected: &quot;+menu_test_user&quot;, StringContaining &quot;Complete Profile&quot;
Received: &quot;+menu_test_user&quot;, &quot;I&apos;m sorry, I encountered an internal error. Please try again later.&quot;

Number of calls: 1
    at Object.toHaveBeenCalledWith (/Users/mohitmendiratta/Projects/bots/w1/astro-whatsapp-bot/tests/e2e/comprehensive-test-suite/comprehensive-menu-navigation.test.js:172:27)
    at processTicksAndRejections (node:internal/process/task_queues:105:5)</failure>
    </testcase>
    <testcase classname="MENU NAVIGATION INTEGRATION: Complete Menu Tree Validation Deep Menu Path Traversals (45 tests) should prioritize frequently used menu options (Adaptive menu ordering)" name="MENU NAVIGATION INTEGRATION: Complete Menu Tree Validation Deep Menu Path Traversals (45 tests) should prioritize frequently used menu options (Adaptive menu ordering)" time="0.178">
      <failure>Error: expect(jest.fn()).toHaveBeenCalledWith(...expected)

Expected: &quot;+menu_test_user&quot;, StringContaining &quot;✨ Daily Horoscope (Recommended) ✨&quot;
Received: &quot;+menu_test_user&quot;, &quot;I&apos;m sorry, I encountered an internal error. Please try again later.&quot;

Number of calls: 1
    at Object.toHaveBeenCalledWith (/Users/mohitmendiratta/Projects/bots/w1/astro-whatsapp-bot/tests/e2e/comprehensive-test-suite/comprehensive-menu-navigation.test.js:192:27)
    at processTicksAndRejections (node:internal/process/task_queues:105:5)</failure>
    </testcase>
    <testcase classname="MENU NAVIGATION INTEGRATION: Complete Menu Tree Validation Deep Menu Path Traversals (45 tests) should navigate to Western -&gt; Basic -&gt; Planets in Birth Chart" name="MENU NAVIGATION INTEGRATION: Complete Menu Tree Validation Deep Menu Path Traversals (45 tests) should navigate to Western -&gt; Basic -&gt; Planets in Birth Chart" time="0.147">
      <failure>Error: expect(jest.fn()).toHaveBeenCalledWith(...expected)

Expected: &quot;+menu_test_user&quot;, StringContaining &quot;Exploring Planets in your Birth Chart.&quot;
Received
       1: &quot;+menu_test_user&quot;, &quot;I&apos;m sorry, I encountered an internal error. Please try again later.&quot;
       2: &quot;+menu_test_user&quot;, &quot;I&apos;m sorry, I encountered an internal error. Please try again later.&quot;
       3: &quot;+menu_test_user&quot;, &quot;I&apos;m sorry, I encountered an internal error. Please try again later.&quot;

Number of calls: 4
    at Object.toHaveBeenCalledWith (/Users/mohitmendiratta/Projects/bots/w1/astro-whatsapp-bot/tests/e2e/comprehensive-test-suite/comprehensive-menu-navigation.test.js:208:27)
    at processTicksAndRejections (node:internal/process/task_queues:105:5)</failure>
    </testcase>
    <testcase classname="MENU NAVIGATION INTEGRATION: Complete Menu Tree Validation Deep Menu Path Traversals (45 tests) should navigate to Western -&gt; Basic -&gt; Houses in Birth Chart" name="MENU NAVIGATION INTEGRATION: Complete Menu Tree Validation Deep Menu Path Traversals (45 tests) should navigate to Western -&gt; Basic -&gt; Houses in Birth Chart" time="0.165">
      <failure>Error: expect(jest.fn()).toHaveBeenCalledWith(...expected)

Expected: &quot;+menu_test_user&quot;, StringContaining &quot;Exploring Houses in your Birth Chart.&quot;
Received
       1: &quot;+menu_test_user&quot;, &quot;I&apos;m sorry, I encountered an internal error. Please try again later.&quot;
       2: &quot;+menu_test_user&quot;, &quot;I&apos;m sorry, I encountered an internal error. Please try again later.&quot;
       3: &quot;+menu_test_user&quot;, &quot;I&apos;m sorry, I encountered an internal error. Please try again later.&quot;

Number of calls: 4
    at Object.toHaveBeenCalledWith (/Users/mohitmendiratta/Projects/bots/w1/astro-whatsapp-bot/tests/e2e/comprehensive-test-suite/comprehensive-menu-navigation.test.js:218:27)
    at processTicksAndRejections (node:internal/process/task_queues:105:5)</failure>
    </testcase>
    <testcase classname="MENU NAVIGATION INTEGRATION: Complete Menu Tree Validation Deep Menu Path Traversals (45 tests) should navigate to Western -&gt; Basic -&gt; Aspects in Birth Chart" name="MENU NAVIGATION INTEGRATION: Complete Menu Tree Validation Deep Menu Path Traversals (45 tests) should navigate to Western -&gt; Basic -&gt; Aspects in Birth Chart" time="0.153">
      <failure>Error: expect(jest.fn()).toHaveBeenCalledWith(...expected)

Expected: &quot;+menu_test_user&quot;, StringContaining &quot;Exploring Aspects in your Birth Chart.&quot;
Received
       1: &quot;+menu_test_user&quot;, &quot;I&apos;m sorry, I encountered an internal error. Please try again later.&quot;
       2: &quot;+menu_test_user&quot;, &quot;I&apos;m sorry, I encountered an internal error. Please try again later.&quot;
       3: &quot;+menu_test_user&quot;, &quot;I&apos;m sorry, I encountered an internal error. Please try again later.&quot;

Number of calls: 4
    at Object.toHaveBeenCalledWith (/Users/mohitmendiratta/Projects/bots/w1/astro-whatsapp-bot/tests/e2e/comprehensive-test-suite/comprehensive-menu-navigation.test.js:228:27)
    at processTicksAndRejections (node:internal/process/task_queues:105:5)</failure>
    </testcase>
    <testcase classname="MENU NAVIGATION INTEGRATION: Complete Menu Tree Validation Deep Menu Path Traversals (45 tests) should navigate to Vedic -&gt; Advanced -&gt; Dasha -&gt; Vimshottari" name="MENU NAVIGATION INTEGRATION: Complete Menu Tree Validation Deep Menu Path Traversals (45 tests) should navigate to Vedic -&gt; Advanced -&gt; Dasha -&gt; Vimshottari" time="0.153">
      <failure>Error: expect(jest.fn()).toHaveBeenCalledWith(...expected)

Expected: &quot;+menu_test_user&quot;, StringContaining &quot;Initiating Vimshottari Dasha Analysis.&quot;
Received
       1: &quot;+menu_test_user&quot;, &quot;I&apos;m sorry, I encountered an internal error. Please try again later.&quot;
       2: &quot;+menu_test_user&quot;, &quot;I&apos;m sorry, I encountered an internal error. Please try again later.&quot;
       3: &quot;+menu_test_user&quot;, &quot;I&apos;m sorry, I encountered an internal error. Please try again later.&quot;

Number of calls: 4
    at Object.toHaveBeenCalledWith (/Users/mohitmendiratta/Projects/bots/w1/astro-whatsapp-bot/tests/e2e/comprehensive-test-suite/comprehensive-menu-navigation.test.js:238:27)
    at processTicksAndRejections (node:internal/process/task_queues:105:5)</failure>
    </testcase>
    <testcase classname="MENU NAVIGATION INTEGRATION: Complete Menu Tree Validation Deep Menu Path Traversals (45 tests) should navigate to Vedic -&gt; Advanced -&gt; Dasha -&gt; Yogini" name="MENU NAVIGATION INTEGRATION: Complete Menu Tree Validation Deep Menu Path Traversals (45 tests) should navigate to Vedic -&gt; Advanced -&gt; Dasha -&gt; Yogini" time="0.163">
      <failure>Error: expect(jest.fn()).toHaveBeenCalledWith(...expected)

Expected: &quot;+menu_test_user&quot;, StringContaining &quot;Initiating Yogini Dasha Analysis.&quot;
Received
       1: &quot;+menu_test_user&quot;, &quot;I&apos;m sorry, I encountered an internal error. Please try again later.&quot;
       2: &quot;+menu_test_user&quot;, &quot;I&apos;m sorry, I encountered an internal error. Please try again later.&quot;
       3: &quot;+menu_test_user&quot;, &quot;I&apos;m sorry, I encountered an internal error. Please try again later.&quot;

Number of calls: 4
    at Object.toHaveBeenCalledWith (/Users/mohitmendiratta/Projects/bots/w1/astro-whatsapp-bot/tests/e2e/comprehensive-test-suite/comprehensive-menu-navigation.test.js:248:27)
    at processTicksAndRejections (node:internal/process/task_queues:105:5)</failure>
    </testcase>
    <testcase classname="MENU NAVIGATION INTEGRATION: Complete Menu Tree Validation Deep Menu Path Traversals (45 tests) should navigate to Vedic -&gt; Advanced -&gt; Dasha -&gt; Char Dasha" name="MENU NAVIGATION INTEGRATION: Complete Menu Tree Validation Deep Menu Path Traversals (45 tests) should navigate to Vedic -&gt; Advanced -&gt; Dasha -&gt; Char Dasha" time="0.146">
      <failure>Error: expect(jest.fn()).toHaveBeenCalledWith(...expected)

Expected: &quot;+menu_test_user&quot;, StringContaining &quot;Initiating Char Dasha Analysis.&quot;
Received
       1: &quot;+menu_test_user&quot;, &quot;I&apos;m sorry, I encountered an internal error. Please try again later.&quot;
       2: &quot;+menu_test_user&quot;, &quot;I&apos;m sorry, I encountered an internal error. Please try again later.&quot;
       3: &quot;+menu_test_user&quot;, &quot;I&apos;m sorry, I encountered an internal error. Please try again later.&quot;

Number of calls: 4
    at Object.toHaveBeenCalledWith (/Users/mohitmendiratta/Projects/bots/w1/astro-whatsapp-bot/tests/e2e/comprehensive-test-suite/comprehensive-menu-navigation.test.js:258:27)
    at processTicksAndRejections (node:internal/process/task_queues:105:5)</failure>
    </testcase>
    <testcase classname="MENU NAVIGATION INTEGRATION: Complete Menu Tree Validation Deep Menu Path Traversals (45 tests) should navigate to Vedic -&gt; Advanced -&gt; Dasha -&gt; Narayan Dasha" name="MENU NAVIGATION INTEGRATION: Complete Menu Tree Validation Deep Menu Path Traversals (45 tests) should navigate to Vedic -&gt; Advanced -&gt; Dasha -&gt; Narayan Dasha" time="0.164">
      <failure>Error: expect(jest.fn()).toHaveBeenCalledWith(...expected)

Expected: &quot;+menu_test_user&quot;, StringContaining &quot;Initiating Narayan Dasha Analysis.&quot;
Received
       1: &quot;+menu_test_user&quot;, &quot;I&apos;m sorry, I encountered an internal error. Please try again later.&quot;
       2: &quot;+menu_test_user&quot;, &quot;I&apos;m sorry, I encountered an internal error. Please try again later.&quot;
       3: &quot;+menu_test_user&quot;, &quot;I&apos;m sorry, I encountered an internal error. Please try again later.&quot;

Number of calls: 4
    at Object.toHaveBeenCalledWith (/Users/mohitmendiratta/Projects/bots/w1/astro-whatsapp-bot/tests/e2e/comprehensive-test-suite/comprehensive-menu-navigation.test.js:268:27)
    at processTicksAndRejections (node:internal/process/task_queues:105:5)</failure>
    </testcase>
    <testcase classname="MENU NAVIGATION INTEGRATION: Complete Menu Tree Validation Deep Menu Path Traversals (45 tests) should navigate to Relationships -&gt; Family -&gt; 4-member -&gt; Parent-Child" name="MENU NAVIGATION INTEGRATION: Complete Menu Tree Validation Deep Menu Path Traversals (45 tests) should navigate to Relationships -&gt; Family -&gt; 4-member -&gt; Parent-Child" time="0.17">
      <failure>Error: expect(jest.fn()).toHaveBeenCalledWith(...expected)

Expected: &quot;+menu_test_user&quot;, StringContaining &quot;Beginning Parent-Child relationship analysis.&quot;
Received
       1: &quot;+menu_test_user&quot;, &quot;I&apos;m sorry, I encountered an internal error. Please try again later.&quot;
       2: &quot;+menu_test_user&quot;, &quot;I&apos;m sorry, I encountered an internal error. Please try again later.&quot;
       3: &quot;+menu_test_user&quot;, &quot;I&apos;m sorry, I encountered an internal error. Please try again later.&quot;

Number of calls: 4
    at Object.toHaveBeenCalledWith (/Users/mohitmendiratta/Projects/bots/w1/astro-whatsapp-bot/tests/e2e/comprehensive-test-suite/comprehensive-menu-navigation.test.js:278:27)
    at processTicksAndRejections (node:internal/process/task_queues:105:5)</failure>
    </testcase>
    <testcase classname="MENU NAVIGATION INTEGRATION: Complete Menu Tree Validation Deep Menu Path Traversals (45 tests) should navigate to Relationships -&gt; Family -&gt; 4-member -&gt; Sibling" name="MENU NAVIGATION INTEGRATION: Complete Menu Tree Validation Deep Menu Path Traversals (45 tests) should navigate to Relationships -&gt; Family -&gt; 4-member -&gt; Sibling" time="0.15">
      <failure>Error: expect(jest.fn()).toHaveBeenCalledWith(...expected)

Expected: &quot;+menu_test_user&quot;, StringContaining &quot;Beginning Sibling relationship analysis.&quot;
Received
       1: &quot;+menu_test_user&quot;, &quot;I&apos;m sorry, I encountered an internal error. Please try again later.&quot;
       2: &quot;+menu_test_user&quot;, &quot;I&apos;m sorry, I encountered an internal error. Please try again later.&quot;
       3: &quot;+menu_test_user&quot;, &quot;I&apos;m sorry, I encountered an internal error. Please try again later.&quot;

Number of calls: 4
    at Object.toHaveBeenCalledWith (/Users/mohitmendiratta/Projects/bots/w1/astro-whatsapp-bot/tests/e2e/comprehensive-test-suite/comprehensive-menu-navigation.test.js:288:27)
    at processTicksAndRejections (node:internal/process/task_queues:105:5)</failure>
    </testcase>
    <testcase classname="MENU NAVIGATION INTEGRATION: Complete Menu Tree Validation Deep Menu Path Traversals (45 tests) should navigate to Relationships -&gt; Family -&gt; 4-member -&gt; Spousal" name="MENU NAVIGATION INTEGRATION: Complete Menu Tree Validation Deep Menu Path Traversals (45 tests) should navigate to Relationships -&gt; Family -&gt; 4-member -&gt; Spousal" time="0.152">
      <failure>Error: expect(jest.fn()).toHaveBeenCalledWith(...expected)

Expected: &quot;+menu_test_user&quot;, StringContaining &quot;Beginning Spousal relationship analysis.&quot;
Received
       1: &quot;+menu_test_user&quot;, &quot;I&apos;m sorry, I encountered an internal error. Please try again later.&quot;
       2: &quot;+menu_test_user&quot;, &quot;I&apos;m sorry, I encountered an internal error. Please try again later.&quot;
       3: &quot;+menu_test_user&quot;, &quot;I&apos;m sorry, I encountered an internal error. Please try again later.&quot;

Number of calls: 4
    at Object.toHaveBeenCalledWith (/Users/mohitmendiratta/Projects/bots/w1/astro-whatsapp-bot/tests/e2e/comprehensive-test-suite/comprehensive-menu-navigation.test.js:298:27)
    at processTicksAndRejections (node:internal/process/task_queues:105:5)</failure>
    </testcase>
    <testcase classname="MENU NAVIGATION INTEGRATION: Complete Menu Tree Validation Deep Menu Path Traversals (45 tests) should navigate to Divination -&gt; Ancient Wisdom -&gt; Hellenistic -&gt; Lots" name="MENU NAVIGATION INTEGRATION: Complete Menu Tree Validation Deep Menu Path Traversals (45 tests) should navigate to Divination -&gt; Ancient Wisdom -&gt; Hellenistic -&gt; Lots" time="0.15">
      <failure>Error: expect(jest.fn()).toHaveBeenCalledWith(...expected)

Expected: &quot;+menu_test_user&quot;, StringContaining &quot;Exploring Hellenistic Lots.&quot;
Received
       1: &quot;+menu_test_user&quot;, &quot;I&apos;m sorry, I encountered an internal error. Please try again later.&quot;
       2: &quot;+menu_test_user&quot;, &quot;I&apos;m sorry, I encountered an internal error. Please try again later.&quot;
       3: &quot;+menu_test_user&quot;, &quot;I&apos;m sorry, I encountered an internal error. Please try again later.&quot;

Number of calls: 4
    at Object.toHaveBeenCalledWith (/Users/mohitmendiratta/Projects/bots/w1/astro-whatsapp-bot/tests/e2e/comprehensive-test-suite/comprehensive-menu-navigation.test.js:308:27)
    at processTicksAndRejections (node:internal/process/task_queues:105:5)</failure>
    </testcase>
    <testcase classname="MENU NAVIGATION INTEGRATION: Complete Menu Tree Validation Deep Menu Path Traversals (45 tests) should navigate to Divination -&gt; Ancient Wisdom -&gt; Hellenistic -&gt; Decans" name="MENU NAVIGATION INTEGRATION: Complete Menu Tree Validation Deep Menu Path Traversals (45 tests) should navigate to Divination -&gt; Ancient Wisdom -&gt; Hellenistic -&gt; Decans" time="0.165">
      <failure>Error: expect(jest.fn()).toHaveBeenCalledWith(...expected)

Expected: &quot;+menu_test_user&quot;, StringContaining &quot;Exploring Hellenistic Decans.&quot;
Received
       1: &quot;+menu_test_user&quot;, &quot;I&apos;m sorry, I encountered an internal error. Please try again later.&quot;
       2: &quot;+menu_test_user&quot;, &quot;I&apos;m sorry, I encountered an internal error. Please try again later.&quot;
       3: &quot;+menu_test_user&quot;, &quot;I&apos;m sorry, I encountered an internal error. Please try again later.&quot;

Number of calls: 4
    at Object.toHaveBeenCalledWith (/Users/mohitmendiratta/Projects/bots/w1/astro-whatsapp-bot/tests/e2e/comprehensive-test-suite/comprehensive-menu-navigation.test.js:318:27)
    at processTicksAndRejections (node:internal/process/task_queues:105:5)</failure>
    </testcase>
    <testcase classname="MENU NAVIGATION INTEGRATION: Complete Menu Tree Validation Deep Menu Path Traversals (45 tests) should navigate to Divination -&gt; Ancient Wisdom -&gt; Hellenistic -&gt; Terms" name="MENU NAVIGATION INTEGRATION: Complete Menu Tree Validation Deep Menu Path Traversals (45 tests) should navigate to Divination -&gt; Ancient Wisdom -&gt; Hellenistic -&gt; Terms" time="0.147">
      <failure>Error: expect(jest.fn()).toHaveBeenCalledWith(...expected)

Expected: &quot;+menu_test_user&quot;, StringContaining &quot;Exploring Hellenistic Terms.&quot;
Received
       1: &quot;+menu_test_user&quot;, &quot;I&apos;m sorry, I encountered an internal error. Please try again later.&quot;
       2: &quot;+menu_test_user&quot;, &quot;I&apos;m sorry, I encountered an internal error. Please try again later.&quot;
       3: &quot;+menu_test_user&quot;, &quot;I&apos;m sorry, I encountered an internal error. Please try again later.&quot;

Number of calls: 4
    at Object.toHaveBeenCalledWith (/Users/mohitmendiratta/Projects/bots/w1/astro-whatsapp-bot/tests/e2e/comprehensive-test-suite/comprehensive-menu-navigation.test.js:328:27)
    at processTicksAndRejections (node:internal/process/task_queues:105:5)</failure>
    </testcase>
    <testcase classname="MENU NAVIGATION INTEGRATION: Complete Menu Tree Validation Deep Menu Path Traversals (45 tests) should navigate to Divination -&gt; Ancient Wisdom -&gt; Hellenistic -&gt; Triplicities" name="MENU NAVIGATION INTEGRATION: Complete Menu Tree Validation Deep Menu Path Traversals (45 tests) should navigate to Divination -&gt; Ancient Wisdom -&gt; Hellenistic -&gt; Triplicities" time="0.161">
      <failure>Error: expect(jest.fn()).toHaveBeenCalledWith(...expected)

Expected: &quot;+menu_test_user&quot;, StringContaining &quot;Exploring Hellenistic Triplicities.&quot;
Received
       1: &quot;+menu_test_user&quot;, &quot;I&apos;m sorry, I encountered an internal error. Please try again later.&quot;
       2: &quot;+menu_test_user&quot;, &quot;I&apos;m sorry, I encountered an internal error. Please try again later.&quot;
       3: &quot;+menu_test_user&quot;, &quot;I&apos;m sorry, I encountered an internal error. Please try again later.&quot;

Number of calls: 4
    at Object.toHaveBeenCalledWith (/Users/mohitmendiratta/Projects/bots/w1/astro-whatsapp-bot/tests/e2e/comprehensive-test-suite/comprehensive-menu-navigation.test.js:338:27)
    at processTicksAndRejections (node:internal/process/task_queues:105:5)</failure>
    </testcase>
    <testcase classname="MENU NAVIGATION INTEGRATION: Complete Menu Tree Validation Deep Menu Path Traversals (45 tests) should navigate to Divination -&gt; Ancient Wisdom -&gt; Hellenistic -&gt; Planetary Hours" name="MENU NAVIGATION INTEGRATION: Complete Menu Tree Validation Deep Menu Path Traversals (45 tests) should navigate to Divination -&gt; Ancient Wisdom -&gt; Hellenistic -&gt; Planetary Hours" time="0.149">
      <failure>Error: expect(jest.fn()).toHaveBeenCalledWith(...expected)

Expected: &quot;+menu_test_user&quot;, StringContaining &quot;Exploring Hellenistic Planetary Hours.&quot;
Received
       1: &quot;+menu_test_user&quot;, &quot;I&apos;m sorry, I encountered an internal error. Please try again later.&quot;
       2: &quot;+menu_test_user&quot;, &quot;I&apos;m sorry, I encountered an internal error. Please try again later.&quot;
       3: &quot;+menu_test_user&quot;, &quot;I&apos;m sorry, I encountered an internal error. Please try again later.&quot;

Number of calls: 4
    at Object.toHaveBeenCalledWith (/Users/mohitmendiratta/Projects/bots/w1/astro-whatsapp-bot/tests/e2e/comprehensive-test-suite/comprehensive-menu-navigation.test.js:348:27)
    at processTicksAndRejections (node:internal/process/task_queues:105:5)</failure>
    </testcase>
    <testcase classname="MENU NAVIGATION INTEGRATION: Complete Menu Tree Validation Deep Menu Path Traversals (45 tests) should allow saving quick access bookmarks to favorite menu shortcuts" name="MENU NAVIGATION INTEGRATION: Complete Menu Tree Validation Deep Menu Path Traversals (45 tests) should allow saving quick access bookmarks to favorite menu shortcuts" time="0.13">
      <failure>Error: expect(jest.fn()).toHaveBeenCalledWith(...expected)

Expected: &quot;+menu_test_user&quot;, StringContaining &quot;&apos;Western&apos; added to your favorites.&quot;
Received
       1: &quot;+menu_test_user&quot;, &quot;I&apos;m sorry, I encountered an internal error. Please try again later.&quot;
       2: &quot;+menu_test_user&quot;, &quot;I&apos;m sorry, I encountered an internal error. Please try again later.&quot;
       3: &quot;+menu_test_user&quot;, &quot;I&apos;m sorry, I encountered an internal error. Please try again later.&quot;

Number of calls: 3
    at Object.toHaveBeenCalledWith (/Users/mohitmendiratta/Projects/bots/w1/astro-whatsapp-bot/tests/e2e/comprehensive-test-suite/comprehensive-menu-navigation.test.js:357:27)
    at processTicksAndRejections (node:internal/process/task_queues:105:5)</failure>
    </testcase>
    <testcase classname="MENU NAVIGATION INTEGRATION: Complete Menu Tree Validation Deep Menu Path Traversals (45 tests) should recall recent path memory for frequently used shortcuts" name="MENU NAVIGATION INTEGRATION: Complete Menu Tree Validation Deep Menu Path Traversals (45 tests) should recall recent path memory for frequently used shortcuts" time="0.15">
      <failure>Error: expect(jest.fn()).toHaveBeenCalledWith(...expected)

Expected: &quot;+menu_test_user&quot;, StringContaining &quot;Your recent path: Vedic Astrology. Continue?&quot;
Received: &quot;+menu_test_user&quot;, &quot;I&apos;m sorry, I encountered an internal error. Please try again later.&quot;

Number of calls: 1
    at Object.toHaveBeenCalledWith (/Users/mohitmendiratta/Projects/bots/w1/astro-whatsapp-bot/tests/e2e/comprehensive-test-suite/comprehensive-menu-navigation.test.js:367:27)
    at processTicksAndRejections (node:internal/process/task_queues:105:5)</failure>
    </testcase>
    <testcase classname="MENU NAVIGATION INTEGRATION: Complete Menu Tree Validation Deep Menu Path Traversals (45 tests) should list available shortcuts from recent path memory" name="MENU NAVIGATION INTEGRATION: Complete Menu Tree Validation Deep Menu Path Traversals (45 tests) should list available shortcuts from recent path memory" time="0.159">
      <failure>Error: expect(jest.fn()).toHaveBeenCalledWith(...expected)

Expected: &quot;+menu_test_user&quot;, StringContaining &quot;Available shortcuts: Western Astrology, Basic Readings.&quot;
Received: &quot;+menu_test_user&quot;, &quot;I&apos;m sorry, I encountered an internal error. Please try again later.&quot;

Number of calls: 1
    at Object.toHaveBeenCalledWith (/Users/mohitmendiratta/Projects/bots/w1/astro-whatsapp-bot/tests/e2e/comprehensive-test-suite/comprehensive-menu-navigation.test.js:378:27)
    at processTicksAndRejections (node:internal/process/task_queues:105:5)</failure>
    </testcase>
    <testcase classname="MENU NAVIGATION INTEGRATION: Complete Menu Tree Validation Deep Menu Path Traversals (45 tests) should correctly restore state after network interruption mid-navigation" name="MENU NAVIGATION INTEGRATION: Complete Menu Tree Validation Deep Menu Path Traversals (45 tests) should correctly restore state after network interruption mid-navigation" time="0.125">
      <failure>Error: expect(jest.fn()).toHaveBeenCalledWith(...expected)

Expected: &quot;+menu_test_user&quot;, StringContaining &quot;Connection restored. You are in Western Astrology.&quot;
Received: &quot;+menu_test_user&quot;, &quot;I&apos;m sorry, I encountered an internal error. Please try again later.&quot;

Number of calls: 1
    at Object.toHaveBeenCalledWith (/Users/mohitmendiratta/Projects/bots/w1/astro-whatsapp-bot/tests/e2e/comprehensive-test-suite/comprehensive-menu-navigation.test.js:388:27)
    at processTicksAndRejections (node:internal/process/task_queues:105:5)</failure>
    </testcase>
    <testcase classname="MENU NAVIGATION INTEGRATION: Complete Menu Tree Validation Deep Menu Path Traversals (45 tests) should allow user to jump to a bookmarked menu item" name="MENU NAVIGATION INTEGRATION: Complete Menu Tree Validation Deep Menu Path Traversals (45 tests) should allow user to jump to a bookmarked menu item" time="0.156">
      <failure>Error: expect(jest.fn()).toHaveBeenCalledWith(...expected)

Expected: &quot;+menu_test_user&quot;, StringContaining &quot;You are now in Western Astrology menu.&quot;
Received: &quot;+menu_test_user&quot;, &quot;I&apos;m sorry, I encountered an internal error. Please try again later.&quot;

Number of calls: 1
    at Object.toHaveBeenCalledWith (/Users/mohitmendiratta/Projects/bots/w1/astro-whatsapp-bot/tests/e2e/comprehensive-test-suite/comprehensive-menu-navigation.test.js:399:27)
    at processTicksAndRejections (node:internal/process/task_queues:105:5)</failure>
    </testcase>
    <testcase classname="MENU NAVIGATION INTEGRATION: Complete Menu Tree Validation Deep Menu Path Traversals (45 tests) should clear recent path memory upon user explicit clear command" name="MENU NAVIGATION INTEGRATION: Complete Menu Tree Validation Deep Menu Path Traversals (45 tests) should clear recent path memory upon user explicit clear command" time="0.125">
      <failure>Error: expect(jest.fn()).toHaveBeenCalledWith(...expected)

Expected: &quot;+menu_test_user&quot;, StringContaining &quot;Your navigation history has been cleared.&quot;
Received: &quot;+menu_test_user&quot;, &quot;I&apos;m sorry, I encountered an internal error. Please try again later.&quot;

Number of calls: 1
    at Object.toHaveBeenCalledWith (/Users/mohitmendiratta/Projects/bots/w1/astro-whatsapp-bot/tests/e2e/comprehensive-test-suite/comprehensive-menu-navigation.test.js:409:27)
    at processTicksAndRejections (node:internal/process/task_queues:105:5)</failure>
    </testcase>
    <testcase classname="MENU NAVIGATION INTEGRATION: Complete Menu Tree Validation Deep Menu Path Traversals (45 tests) should display exclusive premium options for Gold tier subscribers" name="MENU NAVIGATION INTEGRATION: Complete Menu Tree Validation Deep Menu Path Traversals (45 tests) should display exclusive premium options for Gold tier subscribers" time="0.11">
      <failure>Error: expect(jest.fn()).toHaveBeenCalledWith(...expected)

Expected: &quot;+menu_test_user&quot;, StringContaining &quot;Gold Exclusive Insights&quot;
Received: &quot;+menu_test_user&quot;, &quot;I&apos;m sorry, I encountered an internal error. Please try again later.&quot;

Number of calls: 1
    at Object.toHaveBeenCalledWith (/Users/mohitmendiratta/Projects/bots/w1/astro-whatsapp-bot/tests/e2e/comprehensive-test-suite/comprehensive-menu-navigation.test.js:418:27)
    at processTicksAndRejections (node:internal/process/task_queues:105:5)</failure>
    </testcase>
    <testcase classname="MENU NAVIGATION INTEGRATION: Complete Menu Tree Validation Deep Menu Path Traversals (45 tests) should display exclusive premium options for Platinum tier subscribers" name="MENU NAVIGATION INTEGRATION: Complete Menu Tree Validation Deep Menu Path Traversals (45 tests) should display exclusive premium options for Platinum tier subscribers" time="0.118">
      <failure>Error: expect(jest.fn()).toHaveBeenCalledWith(...expected)

Expected: &quot;+menu_test_user&quot;, StringContaining &quot;Platinum VIP Access&quot;
Received: &quot;+menu_test_user&quot;, &quot;I&apos;m sorry, I encountered an internal error. Please try again later.&quot;

Number of calls: 1
    at Object.toHaveBeenCalledWith (/Users/mohitmendiratta/Projects/bots/w1/astro-whatsapp-bot/tests/e2e/comprehensive-test-suite/comprehensive-menu-navigation.test.js:427:27)
    at processTicksAndRejections (node:internal/process/task_queues:105:5)</failure>
    </testcase>
    <testcase classname="MENU NAVIGATION INTEGRATION: Complete Menu Tree Validation Deep Menu Path Traversals (45 tests) should prompt for missing birth time before showing advanced astrological options" name="MENU NAVIGATION INTEGRATION: Complete Menu Tree Validation Deep Menu Path Traversals (45 tests) should prompt for missing birth time before showing advanced astrological options" time="0.107">
      <failure>Error: expect(jest.fn()).toHaveBeenCalledWith(...expected)

Expected: &quot;+menu_test_user&quot;, StringContaining &quot;Please provide your exact birth time to access advanced readings.&quot;
Received: &quot;+menu_test_user&quot;, &quot;I&apos;m sorry, I encountered an internal error. Please try again later.&quot;

Number of calls: 1
    at Object.toHaveBeenCalledWith (/Users/mohitmendiratta/Projects/bots/w1/astro-whatsapp-bot/tests/e2e/comprehensive-test-suite/comprehensive-menu-navigation.test.js:440:27)
    at processTicksAndRejections (node:internal/process/task_queues:105:5)</failure>
    </testcase>
    <testcase classname="MENU NAVIGATION INTEGRATION: Complete Menu Tree Validation Deep Menu Path Traversals (45 tests) should prompt for missing birth place before showing location-based astrological options" name="MENU NAVIGATION INTEGRATION: Complete Menu Tree Validation Deep Menu Path Traversals (45 tests) should prompt for missing birth place before showing location-based astrological options" time="0.092">
      <failure>Error: expect(jest.fn()).toHaveBeenCalledWith(...expected)

Expected: &quot;+menu_test_user&quot;, StringContaining &quot;Please provide your birth place to access location-based astrology.&quot;
Received: &quot;+menu_test_user&quot;, &quot;I&apos;m sorry, I encountered an internal error. Please try again later.&quot;

Number of calls: 1
    at Object.toHaveBeenCalledWith (/Users/mohitmendiratta/Projects/bots/w1/astro-whatsapp-bot/tests/e2e/comprehensive-test-suite/comprehensive-menu-navigation.test.js:453:27)
    at processTicksAndRejections (node:internal/process/task_queues:105:5)</failure>
    </testcase>
    <testcase classname="MENU NAVIGATION INTEGRATION: Complete Menu Tree Validation Deep Menu Path Traversals (45 tests) should not show &apos;Complete Profile&apos; after full profile completion" name="MENU NAVIGATION INTEGRATION: Complete Menu Tree Validation Deep Menu Path Traversals (45 tests) should not show &apos;Complete Profile&apos; after full profile completion" time="0.094">
    </testcase>
    <testcase classname="MENU NAVIGATION INTEGRATION: Complete Menu Tree Validation Deep Menu Path Traversals (45 tests) should display a personalized welcome message based on recent activity" name="MENU NAVIGATION INTEGRATION: Complete Menu Tree Validation Deep Menu Path Traversals (45 tests) should display a personalized welcome message based on recent activity" time="0.129">
      <failure>Error: expect(jest.fn()).toHaveBeenCalledWith(...expected)

Expected: &quot;+menu_test_user&quot;, StringContaining &quot;Welcome back! Your last request was Daily Horoscope.&quot;
Received: &quot;+menu_test_user&quot;, &quot;I&apos;m sorry, I encountered an internal error. Please try again later.&quot;

Number of calls: 1
    at Object.toHaveBeenCalledWith (/Users/mohitmendiratta/Projects/bots/w1/astro-whatsapp-bot/tests/e2e/comprehensive-test-suite/comprehensive-menu-navigation.test.js:472:27)
    at processTicksAndRejections (node:internal/process/task_queues:105:5)</failure>
    </testcase>
    <testcase classname="MENU NAVIGATION INTEGRATION: Complete Menu Tree Validation Deep Menu Path Traversals (45 tests) should navigate to Western -&gt; Transits -&gt; Weekly Transits" name="MENU NAVIGATION INTEGRATION: Complete Menu Tree Validation Deep Menu Path Traversals (45 tests) should navigate to Western -&gt; Transits -&gt; Weekly Transits" time="0.145">
      <failure>Error: expect(jest.fn()).toHaveBeenCalledWith(...expected)

Expected: &quot;+menu_test_user&quot;, StringContaining &quot;Displaying Weekly Transits.&quot;
Received
       1: &quot;+menu_test_user&quot;, &quot;I&apos;m sorry, I encountered an internal error. Please try again later.&quot;
       2: &quot;+menu_test_user&quot;, &quot;I&apos;m sorry, I encountered an internal error. Please try again later.&quot;
       3: &quot;+menu_test_user&quot;, &quot;I&apos;m sorry, I encountered an internal error. Please try again later.&quot;

Number of calls: 3
    at Object.toHaveBeenCalledWith (/Users/mohitmendiratta/Projects/bots/w1/astro-whatsapp-bot/tests/e2e/comprehensive-test-suite/comprehensive-menu-navigation.test.js:481:27)
    at processTicksAndRejections (node:internal/process/task_queues:105:5)</failure>
    </testcase>
    <testcase classname="MENU NAVIGATION INTEGRATION: Complete Menu Tree Validation Deep Menu Path Traversals (45 tests) should navigate to Western -&gt; Transits -&gt; Monthly Transits" name="MENU NAVIGATION INTEGRATION: Complete Menu Tree Validation Deep Menu Path Traversals (45 tests) should navigate to Western -&gt; Transits -&gt; Monthly Transits" time="0.127">
      <failure>Error: expect(jest.fn()).toHaveBeenCalledWith(...expected)

Expected: &quot;+menu_test_user&quot;, StringContaining &quot;Displaying Monthly Transits.&quot;
Received
       1: &quot;+menu_test_user&quot;, &quot;I&apos;m sorry, I encountered an internal error. Please try again later.&quot;
       2: &quot;+menu_test_user&quot;, &quot;I&apos;m sorry, I encountered an internal error. Please try again later.&quot;
       3: &quot;+menu_test_user&quot;, &quot;I&apos;m sorry, I encountered an internal error. Please try again later.&quot;

Number of calls: 3
    at Object.toHaveBeenCalledWith (/Users/mohitmendiratta/Projects/bots/w1/astro-whatsapp-bot/tests/e2e/comprehensive-test-suite/comprehensive-menu-navigation.test.js:490:27)
    at processTicksAndRejections (node:internal/process/task_queues:105:5)</failure>
    </testcase>
    <testcase classname="MENU NAVIGATION INTEGRATION: Complete Menu Tree Validation Deep Menu Path Traversals (45 tests) should navigate to Western -&gt; Progressions -&gt; Secondary Progressions" name="MENU NAVIGATION INTEGRATION: Complete Menu Tree Validation Deep Menu Path Traversals (45 tests) should navigate to Western -&gt; Progressions -&gt; Secondary Progressions" time="0.138">
      <failure>Error: expect(jest.fn()).toHaveBeenCalledWith(...expected)

Expected: &quot;+menu_test_user&quot;, StringContaining &quot;Initiating Secondary Progressions Analysis.&quot;
Received
       1: &quot;+menu_test_user&quot;, &quot;I&apos;m sorry, I encountered an internal error. Please try again later.&quot;
       2: &quot;+menu_test_user&quot;, &quot;I&apos;m sorry, I encountered an internal error. Please try again later.&quot;
       3: &quot;+menu_test_user&quot;, &quot;I&apos;m sorry, I encountered an internal error. Please try again later.&quot;

Number of calls: 3
    at Object.toHaveBeenCalledWith (/Users/mohitmendiratta/Projects/bots/w1/astro-whatsapp-bot/tests/e2e/comprehensive-test-suite/comprehensive-menu-navigation.test.js:499:27)
    at processTicksAndRejections (node:internal/process/task_queues:105:5)</failure>
    </testcase>
    <testcase classname="MENU NAVIGATION INTEGRATION: Complete Menu Tree Validation Deep Menu Path Traversals (45 tests) should navigate to Western -&gt; Progressions -&gt; Solar Arc Directions" name="MENU NAVIGATION INTEGRATION: Complete Menu Tree Validation Deep Menu Path Traversals (45 tests) should navigate to Western -&gt; Progressions -&gt; Solar Arc Directions" time="0.151">
      <failure>Error: expect(jest.fn()).toHaveBeenCalledWith(...expected)

Expected: &quot;+menu_test_user&quot;, StringContaining &quot;Initiating Solar Arc Directions Analysis.&quot;
Received
       1: &quot;+menu_test_user&quot;, &quot;I&apos;m sorry, I encountered an internal error. Please try again later.&quot;
       2: &quot;+menu_test_user&quot;, &quot;I&apos;m sorry, I encountered an internal error. Please try again later.&quot;
       3: &quot;+menu_test_user&quot;, &quot;I&apos;m sorry, I encountered an internal error. Please try again later.&quot;

Number of calls: 3
    at Object.toHaveBeenCalledWith (/Users/mohitmendiratta/Projects/bots/w1/astro-whatsapp-bot/tests/e2e/comprehensive-test-suite/comprehensive-menu-navigation.test.js:508:27)
    at processTicksAndRejections (node:internal/process/task_queues:105:5)</failure>
    </testcase>
    <testcase classname="MENU NAVIGATION INTEGRATION: Complete Menu Tree Validation Deep Menu Path Traversals (45 tests) should navigate to Vedic -&gt; Basic -&gt; Sidereal Birth Chart" name="MENU NAVIGATION INTEGRATION: Complete Menu Tree Validation Deep Menu Path Traversals (45 tests) should navigate to Vedic -&gt; Basic -&gt; Sidereal Birth Chart" time="0.133">
      <failure>Error: expect(jest.fn()).toHaveBeenCalledWith(...expected)

Expected: &quot;+menu_test_user&quot;, StringContaining &quot;Displaying Sidereal Birth Chart.&quot;
Received
       1: &quot;+menu_test_user&quot;, &quot;I&apos;m sorry, I encountered an internal error. Please try again later.&quot;
       2: &quot;+menu_test_user&quot;, &quot;I&apos;m sorry, I encountered an internal error. Please try again later.&quot;
       3: &quot;+menu_test_user&quot;, &quot;I&apos;m sorry, I encountered an internal error. Please try again later.&quot;

Number of calls: 3
    at Object.toHaveBeenCalledWith (/Users/mohitmendiratta/Projects/bots/w1/astro-whatsapp-bot/tests/e2e/comprehensive-test-suite/comprehensive-menu-navigation.test.js:517:27)
    at processTicksAndRejections (node:internal/process/task_queues:105:5)</failure>
    </testcase>
    <testcase classname="MENU NAVIGATION INTEGRATION: Complete Menu Tree Validation Deep Menu Path Traversals (45 tests) should navigate to Vedic -&gt; Basic -&gt; Divisional Charts (Varga)" name="MENU NAVIGATION INTEGRATION: Complete Menu Tree Validation Deep Menu Path Traversals (45 tests) should navigate to Vedic -&gt; Basic -&gt; Divisional Charts (Varga)" time="0.119">
      <failure>Error: expect(jest.fn()).toHaveBeenCalledWith(...expected)

Expected: &quot;+menu_test_user&quot;, StringContaining &quot;Exploring Divisional Charts (Varga).&quot;
Received
       1: &quot;+menu_test_user&quot;, &quot;I&apos;m sorry, I encountered an internal error. Please try again later.&quot;
       2: &quot;+menu_test_user&quot;, &quot;I&apos;m sorry, I encountered an internal error. Please try again later.&quot;
       3: &quot;+menu_test_user&quot;, &quot;I&apos;m sorry, I encountered an internal error. Please try again later.&quot;

Number of calls: 3
    at Object.toHaveBeenCalledWith (/Users/mohitmendiratta/Projects/bots/w1/astro-whatsapp-bot/tests/e2e/comprehensive-test-suite/comprehensive-menu-navigation.test.js:526:27)
    at processTicksAndRejections (node:internal/process/task_queues:105:5)</failure>
    </testcase>
    <testcase classname="MENU NAVIGATION INTEGRATION: Complete Menu Tree Validation Deep Menu Path Traversals (45 tests) should navigate to Vedic -&gt; Advanced -&gt; Remedial Measures -&gt; Gemstones" name="MENU NAVIGATION INTEGRATION: Complete Menu Tree Validation Deep Menu Path Traversals (45 tests) should navigate to Vedic -&gt; Advanced -&gt; Remedial Measures -&gt; Gemstones" time="0.167">
      <failure>Error: expect(jest.fn()).toHaveBeenCalledWith(...expected)

Expected: &quot;+menu_test_user&quot;, StringContaining &quot;Suggesting Gemstones as remedial measures.&quot;
Received
       1: &quot;+menu_test_user&quot;, &quot;I&apos;m sorry, I encountered an internal error. Please try again later.&quot;
       2: &quot;+menu_test_user&quot;, &quot;I&apos;m sorry, I encountered an internal error. Please try again later.&quot;
       3: &quot;+menu_test_user&quot;, &quot;I&apos;m sorry, I encountered an internal error. Please try again later.&quot;

Number of calls: 4
    at Object.toHaveBeenCalledWith (/Users/mohitmendiratta/Projects/bots/w1/astro-whatsapp-bot/tests/e2e/comprehensive-test-suite/comprehensive-menu-navigation.test.js:536:27)
    at processTicksAndRejections (node:internal/process/task_queues:105:5)</failure>
    </testcase>
    <testcase classname="MENU NAVIGATION INTEGRATION: Complete Menu Tree Validation Deep Menu Path Traversals (45 tests) should navigate to Vedic -&gt; Advanced -&gt; Remedial Measures -&gt; Mantras" name="MENU NAVIGATION INTEGRATION: Complete Menu Tree Validation Deep Menu Path Traversals (45 tests) should navigate to Vedic -&gt; Advanced -&gt; Remedial Measures -&gt; Mantras" time="0.151">
      <failure>Error: expect(jest.fn()).toHaveBeenCalledWith(...expected)

Expected: &quot;+menu_test_user&quot;, StringContaining &quot;Suggesting Mantras as remedial measures.&quot;
Received
       1: &quot;+menu_test_user&quot;, &quot;I&apos;m sorry, I encountered an internal error. Please try again later.&quot;
       2: &quot;+menu_test_user&quot;, &quot;I&apos;m sorry, I encountered an internal error. Please try again later.&quot;
       3: &quot;+menu_test_user&quot;, &quot;I&apos;m sorry, I encountered an internal error. Please try again later.&quot;

Number of calls: 4
    at Object.toHaveBeenCalledWith (/Users/mohitmendiratta/Projects/bots/w1/astro-whatsapp-bot/tests/e2e/comprehensive-test-suite/comprehensive-menu-navigation.test.js:546:27)
    at processTicksAndRejections (node:internal/process/task_queues:105:5)</failure>
    </testcase>
    <testcase classname="MENU NAVIGATION INTEGRATION: Complete Menu Tree Validation Deep Menu Path Traversals (45 tests) should navigate to Relationships -&gt; Romantic -&gt; Compatibility Report" name="MENU NAVIGATION INTEGRATION: Complete Menu Tree Validation Deep Menu Path Traversals (45 tests) should navigate to Relationships -&gt; Romantic -&gt; Compatibility Report" time="0.132">
      <failure>Error: expect(jest.fn()).toHaveBeenCalledWith(...expected)

Expected: &quot;+menu_test_user&quot;, StringContaining &quot;Generating Romantic Compatibility Report.&quot;
Received
       1: &quot;+menu_test_user&quot;, &quot;I&apos;m sorry, I encountered an internal error. Please try again later.&quot;
       2: &quot;+menu_test_user&quot;, &quot;I&apos;m sorry, I encountered an internal error. Please try again later.&quot;
       3: &quot;+menu_test_user&quot;, &quot;I&apos;m sorry, I encountered an internal error. Please try again later.&quot;

Number of calls: 3
    at Object.toHaveBeenCalledWith (/Users/mohitmendiratta/Projects/bots/w1/astro-whatsapp-bot/tests/e2e/comprehensive-test-suite/comprehensive-menu-navigation.test.js:555:27)
    at processTicksAndRejections (node:internal/process/task_queues:105:5)</failure>
    </testcase>
    <testcase classname="MENU NAVIGATION INTEGRATION: Complete Menu Tree Validation Deep Menu Path Traversals (45 tests) should navigate to Relationships -&gt; Friendship -&gt; Friendship Analysis" name="MENU NAVIGATION INTEGRATION: Complete Menu Tree Validation Deep Menu Path Traversals (45 tests) should navigate to Relationships -&gt; Friendship -&gt; Friendship Analysis" time="0.128">
      <failure>Error: expect(jest.fn()).toHaveBeenCalledWith(...expected)

Expected: &quot;+menu_test_user&quot;, StringContaining &quot;Generating Friendship Analysis.&quot;
Received
       1: &quot;+menu_test_user&quot;, &quot;I&apos;m sorry, I encountered an internal error. Please try again later.&quot;
       2: &quot;+menu_test_user&quot;, &quot;I&apos;m sorry, I encountered an internal error. Please try again later.&quot;
       3: &quot;+menu_test_user&quot;, &quot;I&apos;m sorry, I encountered an internal error. Please try again later.&quot;

Number of calls: 3
    at Object.toHaveBeenCalledWith (/Users/mohitmendiratta/Projects/bots/w1/astro-whatsapp-bot/tests/e2e/comprehensive-test-suite/comprehensive-menu-navigation.test.js:564:27)
    at processTicksAndRejections (node:internal/process/task_queues:105:5)</failure>
    </testcase>
    <testcase classname="MENU NAVIGATION INTEGRATION: Complete Menu Tree Validation Deep Menu Path Traversals (45 tests) should navigate to Divination -&gt; I Ching -&gt; Hexagram Reading" name="MENU NAVIGATION INTEGRATION: Complete Menu Tree Validation Deep Menu Path Traversals (45 tests) should navigate to Divination -&gt; I Ching -&gt; Hexagram Reading" time="0.157">
      <failure>Error: expect(jest.fn()).toHaveBeenCalledWith(...expected)

Expected: &quot;+menu_test_user&quot;, StringContaining &quot;Initiating I Ching Hexagram Reading.&quot;
Received
       1: &quot;+menu_test_user&quot;, &quot;I&apos;m sorry, I encountered an internal error. Please try again later.&quot;
       2: &quot;+menu_test_user&quot;, &quot;I&apos;m sorry, I encountered an internal error. Please try again later.&quot;
       3: &quot;+menu_test_user&quot;, &quot;I&apos;m sorry, I encountered an internal error. Please try again later.&quot;

Number of calls: 3
    at Object.toHaveBeenCalledWith (/Users/mohitmendiratta/Projects/bots/w1/astro-whatsapp-bot/tests/e2e/comprehensive-test-suite/comprehensive-menu-navigation.test.js:573:27)
    at processTicksAndRejections (node:internal/process/task_queues:105:5)</failure>
    </testcase>
    <testcase classname="MENU NAVIGATION INTEGRATION: Complete Menu Tree Validation Deep Menu Path Traversals (45 tests) should navigate to Divination -&gt; Tarot -&gt; Daily Card Pull" name="MENU NAVIGATION INTEGRATION: Complete Menu Tree Validation Deep Menu Path Traversals (45 tests) should navigate to Divination -&gt; Tarot -&gt; Daily Card Pull" time="0.132">
      <failure>Error: expect(jest.fn()).toHaveBeenCalledWith(...expected)

Expected: &quot;+menu_test_user&quot;, StringContaining &quot;Pulling your Daily Tarot Card.&quot;
Received
       1: &quot;+menu_test_user&quot;, &quot;I&apos;m sorry, I encountered an internal error. Please try again later.&quot;
       2: &quot;+menu_test_user&quot;, &quot;I&apos;m sorry, I encountered an internal error. Please try again later.&quot;
       3: &quot;+menu_test_user&quot;, &quot;I&apos;m sorry, I encountered an internal error. Please try again later.&quot;

Number of calls: 3
    at Object.toHaveBeenCalledWith (/Users/mohitmendiratta/Projects/bots/w1/astro-whatsapp-bot/tests/e2e/comprehensive-test-suite/comprehensive-menu-navigation.test.js:582:27)
    at processTicksAndRejections (node:internal/process/task_queues:105:5)</failure>
    </testcase>
    <testcase classname="MENU NAVIGATION INTEGRATION: Complete Menu Tree Validation Deep Menu Path Traversals (45 tests) should navigate to Divination -&gt; Ancient Wisdom -&gt; Hermetic -&gt; Astrological Magic" name="MENU NAVIGATION INTEGRATION: Complete Menu Tree Validation Deep Menu Path Traversals (45 tests) should navigate to Divination -&gt; Ancient Wisdom -&gt; Hermetic -&gt; Astrological Magic" time="0.163">
      <failure>Error: expect(jest.fn()).toHaveBeenCalledWith(...expected)

Expected: &quot;+menu_test_user&quot;, StringContaining &quot;Exploring Astrological Magic principles.&quot;
Received
       1: &quot;+menu_test_user&quot;, &quot;I&apos;m sorry, I encountered an internal error. Please try again later.&quot;
       2: &quot;+menu_test_user&quot;, &quot;I&apos;m sorry, I encountered an internal error. Please try again later.&quot;
       3: &quot;+menu_test_user&quot;, &quot;I&apos;m sorry, I encountered an internal error. Please try again later.&quot;

Number of calls: 4
    at Object.toHaveBeenCalledWith (/Users/mohitmendiratta/Projects/bots/w1/astro-whatsapp-bot/tests/e2e/comprehensive-test-suite/comprehensive-menu-navigation.test.js:592:27)
    at processTicksAndRejections (node:internal/process/task_queues:105:5)</failure>
    </testcase>
    <testcase classname="MENU NAVIGATION INTEGRATION: Complete Menu Tree Validation Deep Menu Path Traversals (45 tests) should navigate to Settings -&gt; Profile Management -&gt; Edit Birth Data" name="MENU NAVIGATION INTEGRATION: Complete Menu Tree Validation Deep Menu Path Traversals (45 tests) should navigate to Settings -&gt; Profile Management -&gt; Edit Birth Data" time="0.175">
      <failure>Error: expect(jest.fn()).toHaveBeenCalledWith(...expected)

Expected: &quot;+menu_test_user&quot;, StringContaining &quot;What would you like to edit? (Date, Time, Place)&quot;
Received
       1: &quot;+menu_test_user&quot;, &quot;I&apos;m sorry, I encountered an internal error. Please try again later.&quot;
       2: &quot;+menu_test_user&quot;, &quot;I&apos;m sorry, I encountered an internal error. Please try again later.&quot;
       3: &quot;+menu_test_user&quot;, &quot;I&apos;m sorry, I encountered an internal error. Please try again later.&quot;

Number of calls: 3
    at Object.toHaveBeenCalledWith (/Users/mohitmendiratta/Projects/bots/w1/astro-whatsapp-bot/tests/e2e/comprehensive-test-suite/comprehensive-menu-navigation.test.js:601:27)
    at processTicksAndRejections (node:internal/process/task_queues:105:5)</failure>
    </testcase>
    <testcase classname="MENU NAVIGATION INTEGRATION: Complete Menu Tree Validation Deep Menu Path Traversals (45 tests) should navigate to Settings -&gt; Language Preferences -&gt; Change Language" name="MENU NAVIGATION INTEGRATION: Complete Menu Tree Validation Deep Menu Path Traversals (45 tests) should navigate to Settings -&gt; Language Preferences -&gt; Change Language" time="0.145">
      <failure>Error: expect(jest.fn()).toHaveBeenCalledWith(...expected)

Expected: &quot;+menu_test_user&quot;, StringContaining &quot;Please choose your preferred language.&quot;
Received
       1: &quot;+menu_test_user&quot;, &quot;I&apos;m sorry, I encountered an internal error. Please try again later.&quot;
       2: &quot;+menu_test_user&quot;, &quot;I&apos;m sorry, I encountered an internal error. Please try again later.&quot;
       3: &quot;+menu_test_user&quot;, &quot;I&apos;m sorry, I encountered an internal error. Please try again later.&quot;

Number of calls: 3
    at Object.toHaveBeenCalledWith (/Users/mohitmendiratta/Projects/bots/w1/astro-whatsapp-bot/tests/e2e/comprehensive-test-suite/comprehensive-menu-navigation.test.js:610:27)
    at processTicksAndRejections (node:internal/process/task_queues:105:5)</failure>
    </testcase>
    <testcase classname="MENU NAVIGATION INTEGRATION: Complete Menu Tree Validation Deep Menu Path Traversals (45 tests) should navigate to Help -&gt; FAQ -&gt; Getting Started" name="MENU NAVIGATION INTEGRATION: Complete Menu Tree Validation Deep Menu Path Traversals (45 tests) should navigate to Help -&gt; FAQ -&gt; Getting Started" time="0.136">
      <failure>Error: expect(jest.fn()).toHaveBeenCalledWith(...expected)

Expected: &quot;+menu_test_user&quot;, StringContaining &quot;Welcome to the FAQ for Getting Started.&quot;
Received
       1: &quot;+menu_test_user&quot;, &quot;I&apos;m sorry, I encountered an internal error. Please try again later.&quot;
       2: &quot;+menu_test_user&quot;, &quot;I&apos;m sorry, I encountered an internal error. Please try again later.&quot;
       3: &quot;+menu_test_user&quot;, &quot;I&apos;m sorry, I encountered an internal error. Please try again later.&quot;

Number of calls: 3
    at Object.toHaveBeenCalledWith (/Users/mohitmendiratta/Projects/bots/w1/astro-whatsapp-bot/tests/e2e/comprehensive-test-suite/comprehensive-menu-navigation.test.js:619:27)
    at processTicksAndRejections (node:internal/process/task_queues:105:5)</failure>
    </testcase>
    <testcase classname="MENU NAVIGATION INTEGRATION: Complete Menu Tree Validation Deep Menu Path Traversals (45 tests) should navigate back multiple levels using &quot;back&quot; command" name="MENU NAVIGATION INTEGRATION: Complete Menu Tree Validation Deep Menu Path Traversals (45 tests) should navigate back multiple levels using &quot;back&quot; command" time="0.154">
      <failure>Error: expect(jest.fn()).toHaveBeenCalledWith(...expected)

Expected: &quot;+menu_test_user&quot;, StringContaining &quot;You are now in Vedic Astrology menu.&quot;
Received: &quot;+menu_test_user&quot;, &quot;I&apos;m sorry, I encountered an internal error. Please try again later.&quot;

Number of calls: 1
    at Object.toHaveBeenCalledWith (/Users/mohitmendiratta/Projects/bots/w1/astro-whatsapp-bot/tests/e2e/comprehensive-test-suite/comprehensive-menu-navigation.test.js:630:27)
    at processTicksAndRejections (node:internal/process/task_queues:105:5)</failure>
    </testcase>
    <testcase classname="MENU NAVIGATION INTEGRATION: Complete Menu Tree Validation Deep Menu Path Traversals (45 tests) should return to Main Menu from a deep level using &quot;Main Menu&quot; command" name="MENU NAVIGATION INTEGRATION: Complete Menu Tree Validation Deep Menu Path Traversals (45 tests) should return to Main Menu from a deep level using &quot;Main Menu&quot; command" time="0.187">
      <failure>Error: expect(jest.fn()).toHaveBeenCalledWith(...expected)

Expected: &quot;+menu_test_user&quot;, StringContaining &quot;Welcome to the Main Menu!&quot;
Received: &quot;+menu_test_user&quot;, &quot;I&apos;m sorry, I encountered an internal error. Please try again later.&quot;

Number of calls: 1
    at Object.toHaveBeenCalledWith (/Users/mohitmendiratta/Projects/bots/w1/astro-whatsapp-bot/tests/e2e/comprehensive-test-suite/comprehensive-menu-navigation.test.js:641:27)
    at processTicksAndRejections (node:internal/process/task_queues:105:5)</failure>
    </testcase>
    <testcase classname="MENU NAVIGATION INTEGRATION: Complete Menu Tree Validation Deep Menu Path Traversals (45 tests) should correctly restore state after network interruption mid-navigation" name="MENU NAVIGATION INTEGRATION: Complete Menu Tree Validation Deep Menu Path Traversals (45 tests) should correctly restore state after network interruption mid-navigation" time="0.127">
      <failure>Error: expect(jest.fn()).toHaveBeenCalledWith(...expected)

Expected: &quot;+menu_test_user&quot;, StringContaining &quot;Connection restored. You are in Western Astrology.&quot;
Received: &quot;+menu_test_user&quot;, &quot;I&apos;m sorry, I encountered an internal error. Please try again later.&quot;

Number of calls: 1
    at Object.toHaveBeenCalledWith (/Users/mohitmendiratta/Projects/bots/w1/astro-whatsapp-bot/tests/e2e/comprehensive-test-suite/comprehensive-menu-navigation.test.js:651:27)
    at processTicksAndRejections (node:internal/process/task_queues:105:5)</failure>
    </testcase>
    <testcase classname="MENU NAVIGATION INTEGRATION: Complete Menu Tree Validation Deep Menu Path Traversals (45 tests) should allow user to jump to a bookmarked menu item" name="MENU NAVIGATION INTEGRATION: Complete Menu Tree Validation Deep Menu Path Traversals (45 tests) should allow user to jump to a bookmarked menu item" time="0.156">
      <failure>Error: expect(jest.fn()).toHaveBeenCalledWith(...expected)

Expected: &quot;+menu_test_user&quot;, StringContaining &quot;You are now in Western Astrology menu.&quot;
Received: &quot;+menu_test_user&quot;, &quot;I&apos;m sorry, I encountered an internal error. Please try again later.&quot;

Number of calls: 1
    at Object.toHaveBeenCalledWith (/Users/mohitmendiratta/Projects/bots/w1/astro-whatsapp-bot/tests/e2e/comprehensive-test-suite/comprehensive-menu-navigation.test.js:662:27)
    at processTicksAndRejections (node:internal/process/task_queues:105:5)</failure>
    </testcase>
    <testcase classname="MENU NAVIGATION INTEGRATION: Complete Menu Tree Validation Deep Menu Path Traversals (45 tests) should clear recent path memory upon user explicit clear command" name="MENU NAVIGATION INTEGRATION: Complete Menu Tree Validation Deep Menu Path Traversals (45 tests) should clear recent path memory upon user explicit clear command" time="0.154">
      <failure>Error: expect(jest.fn()).toHaveBeenCalledWith(...expected)

Expected: &quot;+menu_test_user&quot;, StringContaining &quot;Your navigation history has been cleared.&quot;
Received: &quot;+menu_test_user&quot;, &quot;I&apos;m sorry, I encountered an internal error. Please try again later.&quot;

Number of calls: 1
    at Object.toHaveBeenCalledWith (/Users/mohitmendiratta/Projects/bots/w1/astro-whatsapp-bot/tests/e2e/comprehensive-test-suite/comprehensive-menu-navigation.test.js:672:27)
    at processTicksAndRejections (node:internal/process/task_queues:105:5)</failure>
    </testcase>
    <testcase classname="MENU NAVIGATION INTEGRATION: Complete Menu Tree Validation Deep Menu Path Traversals (45 tests) should display exclusive premium options for Gold tier subscribers" name="MENU NAVIGATION INTEGRATION: Complete Menu Tree Validation Deep Menu Path Traversals (45 tests) should display exclusive premium options for Gold tier subscribers" time="0.106">
      <failure>Error: expect(jest.fn()).toHaveBeenCalledWith(...expected)

Expected: &quot;+menu_test_user&quot;, StringContaining &quot;Gold Exclusive Insights&quot;
Received: &quot;+menu_test_user&quot;, &quot;I&apos;m sorry, I encountered an internal error. Please try again later.&quot;

Number of calls: 1
    at Object.toHaveBeenCalledWith (/Users/mohitmendiratta/Projects/bots/w1/astro-whatsapp-bot/tests/e2e/comprehensive-test-suite/comprehensive-menu-navigation.test.js:681:27)
    at processTicksAndRejections (node:internal/process/task_queues:105:5)</failure>
    </testcase>
    <testcase classname="MENU NAVIGATION INTEGRATION: Complete Menu Tree Validation Deep Menu Path Traversals (45 tests) should display exclusive premium options for Platinum tier subscribers" name="MENU NAVIGATION INTEGRATION: Complete Menu Tree Validation Deep Menu Path Traversals (45 tests) should display exclusive premium options for Platinum tier subscribers" time="0.098">
      <failure>Error: expect(jest.fn()).toHaveBeenCalledWith(...expected)

Expected: &quot;+menu_test_user&quot;, StringContaining &quot;Platinum VIP Access&quot;
Received: &quot;+menu_test_user&quot;, &quot;I&apos;m sorry, I encountered an internal error. Please try again later.&quot;

Number of calls: 1
    at Object.toHaveBeenCalledWith (/Users/mohitmendiratta/Projects/bots/w1/astro-whatsapp-bot/tests/e2e/comprehensive-test-suite/comprehensive-menu-navigation.test.js:690:27)
    at processTicksAndRejections (node:internal/process/task_queues:105:5)</failure>
    </testcase>
    <testcase classname="MENU NAVIGATION INTEGRATION: Complete Menu Tree Validation Deep Menu Path Traversals (45 tests) should prompt for missing birth time before showing advanced astrological options" name="MENU NAVIGATION INTEGRATION: Complete Menu Tree Validation Deep Menu Path Traversals (45 tests) should prompt for missing birth time before showing advanced astrological options" time="0.092">
      <failure>Error: expect(jest.fn()).toHaveBeenCalledWith(...expected)

Expected: &quot;+menu_test_user&quot;, StringContaining &quot;Please provide your exact birth time to access advanced readings.&quot;
Received: &quot;+menu_test_user&quot;, &quot;I&apos;m sorry, I encountered an internal error. Please try again later.&quot;

Number of calls: 1
    at Object.toHaveBeenCalledWith (/Users/mohitmendiratta/Projects/bots/w1/astro-whatsapp-bot/tests/e2e/comprehensive-test-suite/comprehensive-menu-navigation.test.js:703:27)
    at processTicksAndRejections (node:internal/process/task_queues:105:5)</failure>
    </testcase>
    <testcase classname="MENU NAVIGATION INTEGRATION: Complete Menu Tree Validation Deep Menu Path Traversals (45 tests) should prompt for missing birth place before showing location-based astrological options" name="MENU NAVIGATION INTEGRATION: Complete Menu Tree Validation Deep Menu Path Traversals (45 tests) should prompt for missing birth place before showing location-based astrological options" time="0.141">
      <failure>Error: expect(jest.fn()).toHaveBeenCalledWith(...expected)

Expected: &quot;+menu_test_user&quot;, StringContaining &quot;Please provide your birth place to access location-based astrology.&quot;
Received: &quot;+menu_test_user&quot;, &quot;I&apos;m sorry, I encountered an internal error. Please try again later.&quot;

Number of calls: 1
    at Object.toHaveBeenCalledWith (/Users/mohitmendiratta/Projects/bots/w1/astro-whatsapp-bot/tests/e2e/comprehensive-test-suite/comprehensive-menu-navigation.test.js:716:27)
    at processTicksAndRejections (node:internal/process/task_queues:105:5)</failure>
    </testcase>
    <testcase classname="MENU NAVIGATION INTEGRATION: Complete Menu Tree Validation Deep Menu Path Traversals (45 tests) should not show &apos;Complete Profile&apos; after full profile completion" name="MENU NAVIGATION INTEGRATION: Complete Menu Tree Validation Deep Menu Path Traversals (45 tests) should not show &apos;Complete Profile&apos; after full profile completion" time="0.118">
    </testcase>
    <testcase classname="MENU NAVIGATION INTEGRATION: Complete Menu Tree Validation Deep Menu Path Traversals (45 tests) should display a personalized welcome message based on recent activity" name="MENU NAVIGATION INTEGRATION: Complete Menu Tree Validation Deep Menu Path Traversals (45 tests) should display a personalized welcome message based on recent activity" time="0.118">
      <failure>Error: expect(jest.fn()).toHaveBeenCalledWith(...expected)

Expected: &quot;+menu_test_user&quot;, StringContaining &quot;Welcome back! Your last request was Daily Horoscope.&quot;
Received: &quot;+menu_test_user&quot;, &quot;I&apos;m sorry, I encountered an internal error. Please try again later.&quot;

Number of calls: 1
    at Object.toHaveBeenCalledWith (/Users/mohitmendiratta/Projects/bots/w1/astro-whatsapp-bot/tests/e2e/comprehensive-test-suite/comprehensive-menu-navigation.test.js:735:27)
    at processTicksAndRejections (node:internal/process/task_queues:105:5)</failure>
    </testcase>
    <testcase classname="MENU NAVIGATION INTEGRATION: Complete Menu Tree Validation Deep Menu Path Traversals (45 tests) should navigate to Western -&gt; Compatibility -&gt; Synastry Analysis" name="MENU NAVIGATION INTEGRATION: Complete Menu Tree Validation Deep Menu Path Traversals (45 tests) should navigate to Western -&gt; Compatibility -&gt; Synastry Analysis" time="0.147">
      <failure>Error: expect(jest.fn()).toHaveBeenCalledWith(...expected)

Expected: &quot;+menu_test_user&quot;, StringContaining &quot;Initiating Synastry Analysis.&quot;
Received
       1: &quot;+menu_test_user&quot;, &quot;I&apos;m sorry, I encountered an internal error. Please try again later.&quot;
       2: &quot;+menu_test_user&quot;, &quot;I&apos;m sorry, I encountered an internal error. Please try again later.&quot;
       3: &quot;+menu_test_user&quot;, &quot;I&apos;m sorry, I encountered an internal error. Please try again later.&quot;

Number of calls: 3
    at Object.toHaveBeenCalledWith (/Users/mohitmendiratta/Projects/bots/w1/astro-whatsapp-bot/tests/e2e/comprehensive-test-suite/comprehensive-menu-navigation.test.js:744:27)
    at processTicksAndRejections (node:internal/process/task_queues:105:5)</failure>
    </testcase>
    <testcase classname="MENU NAVIGATION INTEGRATION: Complete Menu Tree Validation Deep Menu Path Traversals (45 tests) should navigate to Western -&gt; Compatibility -&gt; Composite Chart" name="MENU NAVIGATION INTEGRATION: Complete Menu Tree Validation Deep Menu Path Traversals (45 tests) should navigate to Western -&gt; Compatibility -&gt; Composite Chart" time="0.161">
      <failure>Error: expect(jest.fn()).toHaveBeenCalledWith(...expected)

Expected: &quot;+menu_test_user&quot;, StringContaining &quot;Generating Composite Chart.&quot;
Received
       1: &quot;+menu_test_user&quot;, &quot;I&apos;m sorry, I encountered an internal error. Please try again later.&quot;
       2: &quot;+menu_test_user&quot;, &quot;I&apos;m sorry, I encountered an internal error. Please try again later.&quot;
       3: &quot;+menu_test_user&quot;, &quot;I&apos;m sorry, I encountered an internal error. Please try again later.&quot;

Number of calls: 3
    at Object.toHaveBeenCalledWith (/Users/mohitmendiratta/Projects/bots/w1/astro-whatsapp-bot/tests/e2e/comprehensive-test-suite/comprehensive-menu-navigation.test.js:753:27)
    at processTicksAndRejections (node:internal/process/task_queues:105:5)</failure>
    </testcase>
    <testcase classname="MENU NAVIGATION INTEGRATION: Complete Menu Tree Validation Deep Menu Path Traversals (45 tests) should navigate to Vedic -&gt; Muhurta -&gt; Electional Astrology" name="MENU NAVIGATION INTEGRATION: Complete Menu Tree Validation Deep Menu Path Traversals (45 tests) should navigate to Vedic -&gt; Muhurta -&gt; Electional Astrology" time="0.13">
      <failure>Error: expect(jest.fn()).toHaveBeenCalledWith(...expected)

Expected: &quot;+menu_test_user&quot;, StringContaining &quot;Exploring Electional Astrology for auspicious timings.&quot;
Received
       1: &quot;+menu_test_user&quot;, &quot;I&apos;m sorry, I encountered an internal error. Please try again later.&quot;
       2: &quot;+menu_test_user&quot;, &quot;I&apos;m sorry, I encountered an internal error. Please try again later.&quot;
       3: &quot;+menu_test_user&quot;, &quot;I&apos;m sorry, I encountered an internal error. Please try again later.&quot;

Number of calls: 3
    at Object.toHaveBeenCalledWith (/Users/mohitmendiratta/Projects/bots/w1/astro-whatsapp-bot/tests/e2e/comprehensive-test-suite/comprehensive-menu-navigation.test.js:762:27)
    at processTicksAndRejections (node:internal/process/task_queues:105:5)</failure>
    </testcase>
    <testcase classname="MENU NAVIGATION INTEGRATION: Complete Menu Tree Validation Deep Menu Path Traversals (45 tests) should navigate to Vedic -&gt; Muhurta -&gt; Daily Planetary Hours" name="MENU NAVIGATION INTEGRATION: Complete Menu Tree Validation Deep Menu Path Traversals (45 tests) should navigate to Vedic -&gt; Muhurta -&gt; Daily Planetary Hours" time="0.135">
      <failure>Error: expect(jest.fn()).toHaveBeenCalledWith(...expected)

Expected: &quot;+menu_test_user&quot;, StringContaining &quot;Displaying Daily Planetary Hours.&quot;
Received
       1: &quot;+menu_test_user&quot;, &quot;I&apos;m sorry, I encountered an internal error. Please try again later.&quot;
       2: &quot;+menu_test_user&quot;, &quot;I&apos;m sorry, I encountered an internal error. Please try again later.&quot;
       3: &quot;+menu_test_user&quot;, &quot;I&apos;m sorry, I encountered an internal error. Please try again later.&quot;

Number of calls: 3
    at Object.toHaveBeenCalledWith (/Users/mohitmendiratta/Projects/bots/w1/astro-whatsapp-bot/tests/e2e/comprehensive-test-suite/comprehensive-menu-navigation.test.js:771:27)
    at processTicksAndRejections (node:internal/process/task_queues:105:5)</failure>
    </testcase>
    <testcase classname="MENU NAVIGATION INTEGRATION: Complete Menu Tree Validation Deep Menu Path Traversals (45 tests) should navigate to Relationships -&gt; Events -&gt; Wedding Timing" name="MENU NAVIGATION INTEGRATION: Complete Menu Tree Validation Deep Menu Path Traversals (45 tests) should navigate to Relationships -&gt; Events -&gt; Wedding Timing" time="0.142">
      <failure>Error: expect(jest.fn()).toHaveBeenCalledWith(...expected)

Expected: &quot;+menu_test_user&quot;, StringContaining &quot;Calculating auspicious wedding timings.&quot;
Received
       1: &quot;+menu_test_user&quot;, &quot;I&apos;m sorry, I encountered an internal error. Please try again later.&quot;
       2: &quot;+menu_test_user&quot;, &quot;I&apos;m sorry, I encountered an internal error. Please try again later.&quot;
       3: &quot;+menu_test_user&quot;, &quot;I&apos;m sorry, I encountered an internal error. Please try again later.&quot;

Number of calls: 3
    at Object.toHaveBeenCalledWith (/Users/mohitmendiratta/Projects/bots/w1/astro-whatsapp-bot/tests/e2e/comprehensive-test-suite/comprehensive-menu-navigation.test.js:780:27)
    at processTicksAndRejections (node:internal/process/task_queues:105:5)</failure>
    </testcase>
    <testcase classname="MENU NAVIGATION INTEGRATION: Complete Menu Tree Validation Deep Menu Path Traversals (45 tests) should navigate to Relationships -&gt; Business -&gt; Team Dynamics" name="MENU NAVIGATION INTEGRATION: Complete Menu Tree Validation Deep Menu Path Traversals (45 tests) should navigate to Relationships -&gt; Business -&gt; Team Dynamics" time="0.135">
      <failure>Error: expect(jest.fn()).toHaveBeenCalledWith(...expected)

Expected: &quot;+menu_test_user&quot;, StringContaining &quot;Analyzing Team Dynamics.&quot;
Received
       1: &quot;+menu_test_user&quot;, &quot;I&apos;m sorry, I encountered an internal error. Please try again later.&quot;
       2: &quot;+menu_test_user&quot;, &quot;I&apos;m sorry, I encountered an internal error. Please try again later.&quot;
       3: &quot;+menu_test_user&quot;, &quot;I&apos;m sorry, I encountered an internal error. Please try again later.&quot;

Number of calls: 3
    at Object.toHaveBeenCalledWith (/Users/mohitmendiratta/Projects/bots/w1/astro-whatsapp-bot/tests/e2e/comprehensive-test-suite/comprehensive-menu-navigation.test.js:789:27)
    at processTicksAndRejections (node:internal/process/task_queues:105:5)</failure>
    </testcase>
    <testcase classname="MENU NAVIGATION INTEGRATION: Complete Menu Tree Validation Deep Menu Path Traversals (45 tests) should navigate to Divination -&gt; Horary -&gt; Question Analysis" name="MENU NAVIGATION INTEGRATION: Complete Menu Tree Validation Deep Menu Path Traversals (45 tests) should navigate to Divination -&gt; Horary -&gt; Question Analysis" time="0.14">
      <failure>Error: expect(jest.fn()).toHaveBeenCalledWith(...expected)

Expected: &quot;+menu_test_user&quot;, StringContaining &quot;Submitting your question for Horary Analysis.&quot;
Received
       1: &quot;+menu_test_user&quot;, &quot;I&apos;m sorry, I encountered an internal error. Please try again later.&quot;
       2: &quot;+menu_test_user&quot;, &quot;I&apos;m sorry, I encountered an internal error. Please try again later.&quot;
       3: &quot;+menu_test_user&quot;, &quot;I&apos;m sorry, I encountered an internal error. Please try again later.&quot;

Number of calls: 3
    at Object.toHaveBeenCalledWith (/Users/mohitmendiratta/Projects/bots/w1/astro-whatsapp-bot/tests/e2e/comprehensive-test-suite/comprehensive-menu-navigation.test.js:798:27)
    at processTicksAndRejections (node:internal/process/task_queues:105:5)</failure>
    </testcase>
    <testcase classname="MENU NAVIGATION INTEGRATION: Complete Menu Tree Validation Deep Menu Path Traversals (45 tests) should navigate to Divination -&gt; Auspicious Timings -&gt; Daily" name="MENU NAVIGATION INTEGRATION: Complete Menu Tree Validation Deep Menu Path Traversals (45 tests) should navigate to Divination -&gt; Auspicious Timings -&gt; Daily" time="0.155">
      <failure>Error: expect(jest.fn()).toHaveBeenCalledWith(...expected)

Expected: &quot;+menu_test_user&quot;, StringContaining &quot;Displaying Daily Auspicious Timings.&quot;
Received
       1: &quot;+menu_test_user&quot;, &quot;I&apos;m sorry, I encountered an internal error. Please try again later.&quot;
       2: &quot;+menu_test_user&quot;, &quot;I&apos;m sorry, I encountered an internal error. Please try again later.&quot;
       3: &quot;+menu_test_user&quot;, &quot;I&apos;m sorry, I encountered an internal error. Please try again later.&quot;

Number of calls: 3
    at Object.toHaveBeenCalledWith (/Users/mohitmendiratta/Projects/bots/w1/astro-whatsapp-bot/tests/e2e/comprehensive-test-suite/comprehensive-menu-navigation.test.js:807:27)
    at processTicksAndRejections (node:internal/process/task_queues:105:5)</failure>
    </testcase>
    <testcase classname="MENU NAVIGATION INTEGRATION: Complete Menu Tree Validation Deep Menu Path Traversals (45 tests) should navigate to Settings -&gt; Notifications -&gt; Manage Alerts" name="MENU NAVIGATION INTEGRATION: Complete Menu Tree Validation Deep Menu Path Traversals (45 tests) should navigate to Settings -&gt; Notifications -&gt; Manage Alerts" time="0.15">
      <failure>Error: expect(jest.fn()).toHaveBeenCalledWith(...expected)

Expected: &quot;+menu_test_user&quot;, StringContaining &quot;Manage your astrological alerts.&quot;
Received
[...]
      <failure>Error: expect(jest.fn()).toHaveBeenCalledWith(...expected)

Expected: &quot;+menu_test_user&quot;, StringContaining &quot;Exploring your Tree of Life placement.&quot;
Received
       1: &quot;+menu_test_user&quot;, &quot;I&apos;m sorry, I encountered an internal error. Please try again later.&quot;
       2: &quot;+menu_test_user&quot;, &quot;I&apos;m sorry, I encountered an internal error. Please try again later.&quot;

Number of calls: 2
    at Object.toHaveBeenCalledWith (/Users/mohitmendiratta/Projects/bots/w1/astro-whatsapp-bot/tests/e2e/comprehensive-test-suite/comprehensive-menu-navigation.test.js:1477:27)
    at processTicksAndRejections (node:internal/process/task_queues:105:5)</failure>
    </testcase>
    <testcase classname="MENU NAVIGATION INTEGRATION: Complete Menu Tree Validation Additional Specialized Menu Navigation (16 tests for complete 99 total coverage) should navigate to Mayan astrology → Kin analysis" name="MENU NAVIGATION INTEGRATION: Complete Menu Tree Validation Additional Specialized Menu Navigation (16 tests for complete 99 total coverage) should navigate to Mayan astrology → Kin analysis" time="0.116">
      <failure>Error: expect(jest.fn()).toHaveBeenCalledWith(...expected)

Expected: &quot;+menu_test_user&quot;, StringContaining &quot;Analyzing your Mayan day sign energy.&quot;
Received
       1: &quot;+menu_test_user&quot;, &quot;I&apos;m sorry, I encountered an internal error. Please try again later.&quot;
       2: &quot;+menu_test_user&quot;, &quot;I&apos;m sorry, I encountered an internal error. Please try again later.&quot;

Number of calls: 2
    at Object.toHaveBeenCalledWith (/Users/mohitmendiratta/Projects/bots/w1/astro-whatsapp-bot/tests/e2e/comprehensive-test-suite/comprehensive-menu-navigation.test.js:1485:27)
    at processTicksAndRejections (node:internal/process/task_queues:105:5)</failure>
    </testcase>
    <testcase classname="MENU NAVIGATION INTEGRATION: Complete Menu Tree Validation Additional Specialized Menu Navigation (16 tests for complete 99 total coverage) should navigate to Celtic astrology → Ogham reading" name="MENU NAVIGATION INTEGRATION: Complete Menu Tree Validation Additional Specialized Menu Navigation (16 tests for complete 99 total coverage) should navigate to Celtic astrology → Ogham reading" time="0.144">
      <failure>Error: expect(jest.fn()).toHaveBeenCalledWith(...expected)

Expected: &quot;+menu_test_user&quot;, StringContaining &quot;Drawing your Celtic Ogham symbol.&quot;
Received
       1: &quot;+menu_test_user&quot;, &quot;I&apos;m sorry, I encountered an internal error. Please try again later.&quot;
       2: &quot;+menu_test_user&quot;, &quot;I&apos;m sorry, I encountered an internal error. Please try again later.&quot;

Number of calls: 2
    at Object.toHaveBeenCalledWith (/Users/mohitmendiratta/Projects/bots/w1/astro-whatsapp-bot/tests/e2e/comprehensive-test-suite/comprehensive-menu-navigation.test.js:1493:27)
    at processTicksAndRejections (node:internal/process/task_queues:105:5)</failure>
    </testcase>
    <testcase classname="MENU NAVIGATION INTEGRATION: Complete Menu Tree Validation Additional Specialized Menu Navigation (16 tests for complete 99 total coverage) should navigate to Hellenistic astrology → Arabian Parts" name="MENU NAVIGATION INTEGRATION: Complete Menu Tree Validation Additional Specialized Menu Navigation (16 tests for complete 99 total coverage) should navigate to Hellenistic astrology → Arabian Parts" time="0.123">
      <failure>Error: expect(jest.fn()).toHaveBeenCalledWith(...expected)

Expected: &quot;+menu_test_user&quot;, StringContaining &quot;Calculating Arabian Parts (lots).&quot;
Received
       1: &quot;+menu_test_user&quot;, &quot;I&apos;m sorry, I encountered an internal error. Please try again later.&quot;
       2: &quot;+menu_test_user&quot;, &quot;I&apos;m sorry, I encountered an internal error. Please try again later.&quot;

Number of calls: 2
    at Object.toHaveBeenCalledWith (/Users/mohitmendiratta/Projects/bots/w1/astro-whatsapp-bot/tests/e2e/comprehensive-test-suite/comprehensive-menu-navigation.test.js:1501:27)
    at processTicksAndRejections (node:internal/process/task_queues:105:5)</failure>
    </testcase>
    <testcase classname="MENU NAVIGATION INTEGRATION: Complete Menu Tree Validation Additional Specialized Menu Navigation (16 tests for complete 99 total coverage) should navigate to Islamic astrology → Falak analysis" name="MENU NAVIGATION INTEGRATION: Complete Menu Tree Validation Additional Specialized Menu Navigation (16 tests for complete 99 total coverage) should navigate to Islamic astrology → Falak analysis" time="0.132">
      <failure>Error: expect(jest.fn()).toHaveBeenCalledWith(...expected)

Expected: &quot;+menu_test_user&quot;, StringContaining &quot;Performing astronomical calculations.&quot;
Received
       1: &quot;+menu_test_user&quot;, &quot;I&apos;m sorry, I encountered an internal error. Please try again later.&quot;
       2: &quot;+menu_test_user&quot;, &quot;I&apos;m sorry, I encountered an internal error. Please try again later.&quot;

Number of calls: 2
    at Object.toHaveBeenCalledWith (/Users/mohitmendiratta/Projects/bots/w1/astro-whatsapp-bot/tests/e2e/comprehensive-test-suite/comprehensive-menu-navigation.test.js:1509:27)
    at processTicksAndRejections (node:internal/process/task_queues:105:5)</failure>
    </testcase>
    <testcase classname="MENU NAVIGATION INTEGRATION: Complete Menu Tree Validation Additional Specialized Menu Navigation (16 tests for complete 99 total coverage) should navigate to Palmistry → Life line analysis" name="MENU NAVIGATION INTEGRATION: Complete Menu Tree Validation Additional Specialized Menu Navigation (16 tests for complete 99 total coverage) should navigate to Palmistry → Life line analysis" time="0.148">
      <failure>Error: expect(jest.fn()).toHaveBeenCalledWith(...expected)

Expected: &quot;+menu_test_user&quot;, StringContaining &quot;Examining your life line for longevity and vitality.&quot;
Received
       1: &quot;+menu_test_user&quot;, &quot;I&apos;m sorry, I encountered an internal error. Please try again later.&quot;
       2: &quot;+menu_test_user&quot;, &quot;I&apos;m sorry, I encountered an internal error. Please try again later.&quot;
       3: &quot;+menu_test_user&quot;, &quot;I&apos;m sorry, I encountered an internal error. Please try again later.&quot;

Number of calls: 3
    at Object.toHaveBeenCalledWith (/Users/mohitmendiratta/Projects/bots/w1/astro-whatsapp-bot/tests/e2e/comprehensive-test-suite/comprehensive-menu-navigation.test.js:1518:27)
    at processTicksAndRejections (node:internal/process/task_queues:105:5)</failure>
    </testcase>
    <testcase classname="MENU NAVIGATION INTEGRATION: Complete Menu Tree Validation Additional Specialized Menu Navigation (16 tests for complete 99 total coverage) should navigate to Medical astrology → Planetary rulers" name="MENU NAVIGATION INTEGRATION: Complete Menu Tree Validation Additional Specialized Menu Navigation (16 tests for complete 99 total coverage) should navigate to Medical astrology → Planetary rulers" time="0.14">
      <failure>Error: expect(jest.fn()).toHaveBeenCalledWith(...expected)

Expected: &quot;+menu_test_user&quot;, StringContaining &quot;Analyzing which planets rule your health.&quot;
Received
       1: &quot;+menu_test_user&quot;, &quot;I&apos;m sorry, I encountered an internal error. Please try again later.&quot;
       2: &quot;+menu_test_user&quot;, &quot;I&apos;m sorry, I encountered an internal error. Please try again later.&quot;

Number of calls: 2
    at Object.toHaveBeenCalledWith (/Users/mohitmendiratta/Projects/bots/w1/astro-whatsapp-bot/tests/e2e/comprehensive-test-suite/comprehensive-menu-navigation.test.js:1526:27)
    at processTicksAndRejections (node:internal/process/task_queues:105:5)</failure>
    </testcase>
    <testcase classname="MENU NAVIGATION INTEGRATION: Complete Menu Tree Validation Additional Specialized Menu Navigation (16 tests for complete 99 total coverage) should navigate to Mundane astrology → World transits" name="MENU NAVIGATION INTEGRATION: Complete Menu Tree Validation Additional Specialized Menu Navigation (16 tests for complete 99 total coverage) should navigate to Mundane astrology → World transits" time="0.12">
      <failure>Error: expect(jest.fn()).toHaveBeenCalledWith(...expected)

Expected: &quot;+menu_test_user&quot;, StringContaining &quot;Examining planetary movements affecting world events.&quot;
Received
       1: &quot;+menu_test_user&quot;, &quot;I&apos;m sorry, I encountered an internal error. Please try again later.&quot;
       2: &quot;+menu_test_user&quot;, &quot;I&apos;m sorry, I encountered an internal error. Please try again later.&quot;

Number of calls: 2
    at Object.toHaveBeenCalledWith (/Users/mohitmendiratta/Projects/bots/w1/astro-whatsapp-bot/tests/e2e/comprehensive-test-suite/comprehensive-menu-navigation.test.js:1534:27)
    at processTicksAndRejections (node:internal/process/task_queues:105:5)</failure>
    </testcase>
    <testcase classname="MENU NAVIGATION INTEGRATION: Complete Menu Tree Validation Additional Specialized Menu Navigation (16 tests for complete 99 total coverage) should navigate to Horary astrology → Question analysis" name="MENU NAVIGATION INTEGRATION: Complete Menu Tree Validation Additional Specialized Menu Navigation (16 tests for complete 99 total coverage) should navigate to Horary astrology → Question analysis" time="0.148">
      <failure>Error: expect(jest.fn()).toHaveBeenCalledWith(...expected)

Expected: &quot;+menu_test_user&quot;, StringContaining &quot;Please ask your specific question for horary analysis.&quot;
Received
       1: &quot;+menu_test_user&quot;, &quot;I&apos;m sorry, I encountered an internal error. Please try again later.&quot;
       2: &quot;+menu_test_user&quot;, &quot;I&apos;m sorry, I encountered an internal error. Please try again later.&quot;

Number of calls: 2
    at Object.toHaveBeenCalledWith (/Users/mohitmendiratta/Projects/bots/w1/astro-whatsapp-bot/tests/e2e/comprehensive-test-suite/comprehensive-menu-navigation.test.js:1542:27)
    at processTicksAndRejections (node:internal/process/task_queues:105:5)</failure>
    </testcase>
    <testcase classname="MENU NAVIGATION INTEGRATION: Complete Menu Tree Validation Additional Specialized Menu Navigation (16 tests for complete 99 total coverage) should navigate to Astrocartography → Jupiter lines" name="MENU NAVIGATION INTEGRATION: Complete Menu Tree Validation Additional Specialized Menu Navigation (16 tests for complete 99 total coverage) should navigate to Astrocartography → Jupiter lines" time="0.135">
      <failure>Error: expect(jest.fn()).toHaveBeenCalledWith(...expected)

Expected: &quot;+menu_test_user&quot;, StringContaining &quot;Showing locations where Jupiter influences your life.&quot;
Received
       1: &quot;+menu_test_user&quot;, &quot;I&apos;m sorry, I encountered an internal error. Please try again later.&quot;
       2: &quot;+menu_test_user&quot;, &quot;I&apos;m sorry, I encountered an internal error. Please try again later.&quot;

Number of calls: 2
    at Object.toHaveBeenCalledWith (/Users/mohitmendiratta/Projects/bots/w1/astro-whatsapp-bot/tests/e2e/comprehensive-test-suite/comprehensive-menu-navigation.test.js:1550:27)
    at processTicksAndRejections (node:internal/process/task_queues:105:5)</failure>
    </testcase>
    <testcase classname="MENU NAVIGATION INTEGRATION: Complete Menu Tree Validation Additional Specialized Menu Navigation (16 tests for complete 99 total coverage) should navigate to Career astrology → MC analysis" name="MENU NAVIGATION INTEGRATION: Complete Menu Tree Validation Additional Specialized Menu Navigation (16 tests for complete 99 total coverage) should navigate to Career astrology → MC analysis" time="0.125">
      <failure>Error: expect(jest.fn()).toHaveBeenCalledWith(...expected)

Expected: &quot;+menu_test_user&quot;, StringContaining &quot;Analyzing your MC (Midheaven) for career insights.&quot;
Received
       1: &quot;+menu_test_user&quot;, &quot;I&apos;m sorry, I encountered an internal error. Please try again later.&quot;
       2: &quot;+menu_test_user&quot;, &quot;I&apos;m sorry, I encountered an internal error. Please try again later.&quot;

Number of calls: 2
    at Object.toHaveBeenCalledWith (/Users/mohitmendiratta/Projects/bots/w1/astro-whatsapp-bot/tests/e2e/comprehensive-test-suite/comprehensive-menu-navigation.test.js:1558:27)
    at processTicksAndRejections (node:internal/process/task_queues:105:5)</failure>
    </testcase>
    <testcase classname="MENU NAVIGATION INTEGRATION: Complete Menu Tree Validation Additional Specialized Menu Navigation (16 tests for complete 99 total coverage) should navigate to Financial astrology → Venus/Jupiter analysis" name="MENU NAVIGATION INTEGRATION: Complete Menu Tree Validation Additional Specialized Menu Navigation (16 tests for complete 99 total coverage) should navigate to Financial astrology → Venus/Jupiter analysis" time="0.131">
      <failure>Error: expect(jest.fn()).toHaveBeenCalledWith(...expected)

Expected: &quot;+menu_test_user&quot;, StringContaining &quot;Examining your Venus and Jupiter for money attitudes.&quot;
Received
       1: &quot;+menu_test_user&quot;, &quot;I&apos;m sorry, I encountered an internal error. Please try again later.&quot;
       2: &quot;+menu_test_user&quot;, &quot;I&apos;m sorry, I encountered an internal error. Please try again later.&quot;

Number of calls: 2
    at Object.toHaveBeenCalledWith (/Users/mohitmendiratta/Projects/bots/w1/astro-whatsapp-bot/tests/e2e/comprehensive-test-suite/comprehensive-menu-navigation.test.js:1566:27)
    at processTicksAndRejections (node:internal/process/task_queues:105:5)</failure>
    </testcase>
    <testcase classname="MENU NAVIGATION INTEGRATION: Complete Menu Tree Validation Additional Specialized Menu Navigation (16 tests for complete 99 total coverage) should navigate to Family astrology → Parent-child dynamics" name="MENU NAVIGATION INTEGRATION: Complete Menu Tree Validation Additional Specialized Menu Navigation (16 tests for complete 99 total coverage) should navigate to Family astrology → Parent-child dynamics" time="0.13">
      <failure>Error: expect(jest.fn()).toHaveBeenCalledWith(...expected)

Expected: &quot;+menu_test_user&quot;, StringContaining &quot;Analyzing 4th and 10th house relationships.&quot;
Received
       1: &quot;+menu_test_user&quot;, &quot;I&apos;m sorry, I encountered an internal error. Please try again later.&quot;
       2: &quot;+menu_test_user&quot;, &quot;I&apos;m sorry, I encountered an internal error. Please try again later.&quot;

Number of calls: 2
    at Object.toHaveBeenCalledWith (/Users/mohitmendiratta/Projects/bots/w1/astro-whatsapp-bot/tests/e2e/comprehensive-test-suite/comprehensive-menu-navigation.test.js:1574:27)
    at processTicksAndRejections (node:internal/process/task_queues:105:5)</failure>
    </testcase>
    <testcase classname="MENU NAVIGATION INTEGRATION: Complete Menu Tree Validation Additional Specialized Menu Navigation (16 tests for complete 99 total coverage) should navigate to Nadi astrology → Ancient leaf readings" name="MENU NAVIGATION INTEGRATION: Complete Menu Tree Validation Additional Specialized Menu Navigation (16 tests for complete 99 total coverage) should navigate to Nadi astrology → Ancient leaf readings" time="0.132">
      <failure>Error: expect(jest.fn()).toHaveBeenCalledWith(...expected)

Expected: &quot;+menu_test_user&quot;, StringContaining &quot;Initiating Nadi palm leaf analysis.&quot;
Received
       1: &quot;+menu_test_user&quot;, &quot;I&apos;m sorry, I encountered an internal error. Please try again later.&quot;
       2: &quot;+menu_test_user&quot;, &quot;I&apos;m sorry, I encountered an internal error. Please try again later.&quot;

Number of calls: 2
    at Object.toHaveBeenCalledWith (/Users/mohitmendiratta/Projects/bots/w1/astro-whatsapp-bot/tests/e2e/comprehensive-test-suite/comprehensive-menu-navigation.test.js:1582:27)
    at processTicksAndRejections (node:internal/process/task_queues:105:5)</failure>
    </testcase>
    <testcase classname="MENU NAVIGATION INTEGRATION: Complete Menu Tree Validation Additional Specialized Menu Navigation (16 tests for complete 99 total coverage) should navigate to Marketplace → Personalized crystals" name="MENU NAVIGATION INTEGRATION: Complete Menu Tree Validation Additional Specialized Menu Navigation (16 tests for complete 99 total coverage) should navigate to Marketplace → Personalized crystals" time="0.132">
      <failure>Error: expect(jest.fn()).toHaveBeenCalledWith(...expected)

Expected: &quot;+menu_test_user&quot;, StringContaining &quot;Getting crystal recommendations based on your chart.&quot;
Received
       1: &quot;+menu_test_user&quot;, &quot;I&apos;m sorry, I encountered an internal error. Please try again later.&quot;
       2: &quot;+menu_test_user&quot;, &quot;I&apos;m sorry, I encountered an internal error. Please try again later.&quot;
       3: &quot;+menu_test_user&quot;, &quot;I&apos;m sorry, I encountered an internal error. Please try again later.&quot;

Number of calls: 3
    at Object.toHaveBeenCalledWith (/Users/mohitmendiratta/Projects/bots/w1/astro-whatsapp-bot/tests/e2e/comprehensive-test-suite/comprehensive-menu-navigation.test.js:1591:27)
    at processTicksAndRejections (node:internal/process/task_queues:105:5)</failure>
    </testcase>
    <testcase classname="MENU NAVIGATION INTEGRATION: Complete Menu Tree Validation Additional Specialized Menu Navigation (16 tests for complete 99 total coverage) should navigate to Support → Live chat" name="MENU NAVIGATION INTEGRATION: Complete Menu Tree Validation Additional Specialized Menu Navigation (16 tests for complete 99 total coverage) should navigate to Support → Live chat" time="0.138">
      <failure>Error: expect(jest.fn()).toHaveBeenCalledWith(...expected)

Expected: &quot;+menu_test_user&quot;, StringContaining &quot;Opening live chat with an astrologer.&quot;
Received
       1: &quot;+menu_test_user&quot;, &quot;I&apos;m sorry, I encountered an internal error. Please try again later.&quot;
       2: &quot;+menu_test_user&quot;, &quot;I&apos;m sorry, I encountered an internal error. Please try again later.&quot;

Number of calls: 2
    at Object.toHaveBeenCalledWith (/Users/mohitmendiratta/Projects/bots/w1/astro-whatsapp-bot/tests/e2e/comprehensive-test-suite/comprehensive-menu-navigation.test.js:1599:27)
    at processTicksAndRejections (node:internal/process/task_queues:105:5)</failure>
    </testcase>
    <testcase classname="MENU NAVIGATION INTEGRATION: Complete Menu Tree Validation Additional Specialized Menu Navigation (16 tests for complete 99 total coverage) should navigate to Language settings → Arabic selection" name="MENU NAVIGATION INTEGRATION: Complete Menu Tree Validation Additional Specialized Menu Navigation (16 tests for complete 99 total coverage) should navigate to Language settings → Arabic selection" time="0.174">
      <failure>Error: expect(jest.fn()).toHaveBeenCalledWith(...expected)

Expected: &quot;+menu_test_user&quot;, StringContaining &quot;Language changed to Arabic.&quot;
Received
       1: &quot;+menu_test_user&quot;, &quot;I&apos;m sorry, I encountered an internal error. Please try again later.&quot;
       2: &quot;+menu_test_user&quot;, &quot;I&apos;m sorry, I encountered an internal error. Please try again later.&quot;
       3: &quot;+menu_test_user&quot;, &quot;I&apos;m sorry, I encountered an internal error. Please try again later.&quot;

Number of calls: 3
    at Object.toHaveBeenCalledWith (/Users/mohitmendiratta/Projects/bots/w1/astro-whatsapp-bot/tests/e2e/comprehensive-test-suite/comprehensive-menu-navigation.test.js:1608:27)
    at processTicksAndRejections (node:internal/process/task_queues:105:5)</failure>
    </testcase>
  </testsuite>
</testsuites>